Setting topology : type 'nt' - model 'GTR' - decoration '+G+I+F' - criterion 'AIC' - #branches '17' - #sites '297' - tree ''
	Computing llk : model 'GTR' - deco '+G+I+F' - type 'nt' - optim 'lr' - tree '' - alpha '' - invar ''
	Parsing PhyML output : stat './Crawford_etal_2012_sms_2017.10.30.1235_runFiles/sms/sms.phy_phyml_stats_GTR+G+I+F-lr.txt' - value 'llk'
		Llk=-706.11719
	Computing K : type 'nt' - #branches '17' - model 'GTR' - deco '+G+I+F'
		K=27
	Computing AIC : llk '-706.11719' - K '27'
		AIC=1466.23438
	Computing BIC : llk '-706.11719' - K '27' - #sites '297'
		BIC=1565.96514
End set topology : AIC=1466.23438
Selecting best decoration : type 'nt' - model 'GTR' - criterion 'AIC' - #branches '17' - #sites '297'
	Computing llk : model 'GTR' - deco '+F' - type 'nt' - optim 'lr' - tree './Crawford_etal_2012_sms_2017.10.30.1235_runFiles/sms/intree.nwk' - alpha '' - invar ''
	Parsing PhyML output : stat './Crawford_etal_2012_sms_2017.10.30.1235_runFiles/sms/sms.phy_phyml_stats_GTR+F-lr.txt' - value 'llk'
		Llk=-709.19638
	Computing K : type 'nt' - #branches '17' - model 'GTR' - deco '+F'
		K=25
	Computing AIC : llk '-709.19638' - K '25'
		AIC=1468.39276
	Computing BIC : llk '-709.19638' - K '25' - #sites '297'
		BIC=1560.73606
	Computing llk : model 'GTR' - deco '+G+F' - type 'nt' - optim 'lr' - tree './Crawford_etal_2012_sms_2017.10.30.1235_runFiles/sms/intree.nwk' - alpha '' - invar ''
	Parsing PhyML output : stat './Crawford_etal_2012_sms_2017.10.30.1235_runFiles/sms/sms.phy_phyml_stats_GTR+G+F-lr.txt' - value 'llk'
		Llk=-706.10960
	Computing K : type 'nt' - #branches '17' - model 'GTR' - deco '+G+F'
		K=26
	Computing AIC : llk '-706.10960' - K '26'
		AIC=1464.21920
	Computing BIC : llk '-706.10960' - K '26' - #sites '297'
		BIC=1560.25623
	Computing llk : model 'GTR' - deco '+I+F' - type 'nt' - optim 'lr' - tree './Crawford_etal_2012_sms_2017.10.30.1235_runFiles/sms/intree.nwk' - alpha '' - invar ''
	Parsing PhyML output : stat './Crawford_etal_2012_sms_2017.10.30.1235_runFiles/sms/sms.phy_phyml_stats_GTR+I+F-lr.txt' - value 'llk'
		Llk=-706.09831
	Computing K : type 'nt' - #branches '17' - model 'GTR' - deco '+I+F'
		K=26
	Computing AIC : llk '-706.09831' - K '26'
		AIC=1464.19662
	Computing BIC : llk '-706.09831' - K '26' - #sites '297'
		BIC=1560.23365
	Parsing PhyML output : stat './Crawford_etal_2012_sms_2017.10.30.1235_runFiles/sms/sms.phy_phyml_stats_GTR+G+I+F-lr.txt' - value 'llk'
		Llk=-706.11719
End select best decoration : '+I+F' - AIC=1464.19662
	Parsing PhyML output : stat './Crawford_etal_2012_sms_2017.10.30.1235_runFiles/sms/sms.phy_phyml_stats_GTR+I+F-lr.txt' - value 'invar'
		Invar=0.585
Selecting best matrix : decoration '+I+F' - type 'nt' - criterion 'AIC' - #branches '17' - #taxa '10' - #sites '297'
	Parsing PhyML output : stat './Crawford_etal_2012_sms_2017.10.30.1235_runFiles/sms/sms.phy_phyml_stats_GTR+I+F-lr.txt' - value 'llk'
		Llk=-706.09831
	Computing llk : model 'TN93' - deco '+I+F' - type 'nt' - optim 'lr' - tree './Crawford_etal_2012_sms_2017.10.30.1235_runFiles/sms/intree.nwk' - alpha '' - invar ''
	Parsing PhyML output : stat './Crawford_etal_2012_sms_2017.10.30.1235_runFiles/sms/sms.phy_phyml_stats_TN93+I+F-lr.txt' - value 'llk'
		Llk=-710.49535
	Computing K : type 'nt' - #branches '17' - model 'TN93' - deco '+I+F'
		K=23
	Computing AIC : llk '-710.49535' - K '23'
		AIC=1466.99070
	Computing BIC : llk '-710.49535' - K '23' - #sites '297'
		BIC=1551.94653
End select best matrix : 'GTR' - AIC=1464.19662
Selecting best final decoration : type 'nt' - model 'GTR' - criterion 'AIC' - #branches '17' - #sites '297'
	Parsing PhyML output : stat './Crawford_etal_2012_sms_2017.10.30.1235_runFiles/sms/sms.phy_phyml_stats_GTR+F-lr.txt' - value 'llk'
		Llk=-709.19638
	Parsing PhyML output : stat './Crawford_etal_2012_sms_2017.10.30.1235_runFiles/sms/sms.phy_phyml_stats_GTR+G+F-lr.txt' - value 'llk'
		Llk=-706.10960
	Parsing PhyML output : stat './Crawford_etal_2012_sms_2017.10.30.1235_runFiles/sms/sms.phy_phyml_stats_GTR+I+F-lr.txt' - value 'llk'
		Llk=-706.09831
	Parsing PhyML output : stat './Crawford_etal_2012_sms_2017.10.30.1235_runFiles/sms/sms.phy_phyml_stats_GTR+G+I+F-lr.txt' - value 'llk'
		Llk=-706.11719
End select best final decoration : '+I+F' - AIC=1464.19662
	Parsing PhyML output : stat './Crawford_etal_2012_sms_2017.10.30.1235_runFiles/sms/sms.phy_phyml_stats_GTR+I+F-lr.txt' - value 'invar'
		Invar=0.585
