Setting topology : type 'nt' - model 'GTR' - decoration '+G+I+F' - criterion 'AIC' - #branches '27' - #sites '261' - tree ''
	Computing llk : model 'GTR' - deco '+G+I+F' - type 'nt' - optim 'lr' - tree '' - alpha '' - invar ''
	Parsing PhyML output : stat './Gruenstaeudl_etal_2017_partitionfinder_NEW_sms_2017.11.15.0040_runFiles/sms/sms.phy_phyml_stats_GTR+G+I+F-lr.txt' - value 'llk'
		Llk=-1097.16344
	Computing K : type 'nt' - #branches '27' - model 'GTR' - deco '+G+I+F'
		K=37
	Computing AIC : llk '-1097.16344' - K '37'
		AIC=2268.32688
	Computing BIC : llk '-1097.16344' - K '37' - #sites '261'
		BIC=2400.21413
End set topology : AIC=2268.32688
Selecting best decoration : type 'nt' - model 'GTR' - criterion 'AIC' - #branches '27' - #sites '261'
	Computing llk : model 'GTR' - deco '+F' - type 'nt' - optim 'lr' - tree './Gruenstaeudl_etal_2017_partitionfinder_NEW_sms_2017.11.15.0040_runFiles/sms/intree.nwk' - alpha '' - invar ''
	Parsing PhyML output : stat './Gruenstaeudl_etal_2017_partitionfinder_NEW_sms_2017.11.15.0040_runFiles/sms/sms.phy_phyml_stats_GTR+F-lr.txt' - value 'llk'
		Llk=-1108.60267
	Computing K : type 'nt' - #branches '27' - model 'GTR' - deco '+F'
		K=35
	Computing AIC : llk '-1108.60267' - K '35'
		AIC=2287.20534
	Computing BIC : llk '-1108.60267' - K '35' - #sites '261'
		BIC=2411.96355
	Computing llk : model 'GTR' - deco '+G+F' - type 'nt' - optim 'lr' - tree './Gruenstaeudl_etal_2017_partitionfinder_NEW_sms_2017.11.15.0040_runFiles/sms/intree.nwk' - alpha '' - invar ''
	Parsing PhyML output : stat './Gruenstaeudl_etal_2017_partitionfinder_NEW_sms_2017.11.15.0040_runFiles/sms/sms.phy_phyml_stats_GTR+G+F-lr.txt' - value 'llk'
		Llk=-1097.16391
	Computing K : type 'nt' - #branches '27' - model 'GTR' - deco '+G+F'
		K=36
	Computing AIC : llk '-1097.16391' - K '36'
		AIC=2266.32782
	Computing BIC : llk '-1097.16391' - K '36' - #sites '261'
		BIC=2394.65055
	Computing llk : model 'GTR' - deco '+I+F' - type 'nt' - optim 'lr' - tree './Gruenstaeudl_etal_2017_partitionfinder_NEW_sms_2017.11.15.0040_runFiles/sms/intree.nwk' - alpha '' - invar ''
	Parsing PhyML output : stat './Gruenstaeudl_etal_2017_partitionfinder_NEW_sms_2017.11.15.0040_runFiles/sms/sms.phy_phyml_stats_GTR+I+F-lr.txt' - value 'llk'
		Llk=-1098.31601
	Computing K : type 'nt' - #branches '27' - model 'GTR' - deco '+I+F'
		K=36
	Computing AIC : llk '-1098.31601' - K '36'
		AIC=2268.63202
	Computing BIC : llk '-1098.31601' - K '36' - #sites '261'
		BIC=2396.95475
	Parsing PhyML output : stat './Gruenstaeudl_etal_2017_partitionfinder_NEW_sms_2017.11.15.0040_runFiles/sms/sms.phy_phyml_stats_GTR+G+I+F-lr.txt' - value 'llk'
		Llk=-1097.16344
End select best decoration : '+G+F' - AIC=2266.32782
Selecting best matrix : decoration '+G+F' - type 'nt' - criterion 'AIC' - #branches '27' - #taxa '15' - #sites '261'
	Parsing PhyML output : stat './Gruenstaeudl_etal_2017_partitionfinder_NEW_sms_2017.11.15.0040_runFiles/sms/sms.phy_phyml_stats_GTR+G+F-lr.txt' - value 'llk'
		Llk=-1097.16391
	Computing llk : model 'TN93' - deco '+G+F' - type 'nt' - optim 'lr' - tree './Gruenstaeudl_etal_2017_partitionfinder_NEW_sms_2017.11.15.0040_runFiles/sms/intree.nwk' - alpha '' - invar ''
	Parsing PhyML output : stat './Gruenstaeudl_etal_2017_partitionfinder_NEW_sms_2017.11.15.0040_runFiles/sms/sms.phy_phyml_stats_TN93+G+F-lr.txt' - value 'llk'
		Llk=-1109.98720
	Computing K : type 'nt' - #branches '27' - model 'TN93' - deco '+G+F'
		K=33
	Computing AIC : llk '-1109.98720' - K '33'
		AIC=2285.97440
	Computing BIC : llk '-1109.98720' - K '33' - #sites '261'
		BIC=2403.60357
End select best matrix : 'GTR' - AIC=2266.32782
Selecting best final decoration : type 'nt' - model 'GTR' - criterion 'AIC' - #branches '27' - #sites '261'
	Parsing PhyML output : stat './Gruenstaeudl_etal_2017_partitionfinder_NEW_sms_2017.11.15.0040_runFiles/sms/sms.phy_phyml_stats_GTR+F-lr.txt' - value 'llk'
		Llk=-1108.60267
	Parsing PhyML output : stat './Gruenstaeudl_etal_2017_partitionfinder_NEW_sms_2017.11.15.0040_runFiles/sms/sms.phy_phyml_stats_GTR+G+F-lr.txt' - value 'llk'
		Llk=-1097.16391
	Parsing PhyML output : stat './Gruenstaeudl_etal_2017_partitionfinder_NEW_sms_2017.11.15.0040_runFiles/sms/sms.phy_phyml_stats_GTR+I+F-lr.txt' - value 'llk'
		Llk=-1098.31601
	Parsing PhyML output : stat './Gruenstaeudl_etal_2017_partitionfinder_NEW_sms_2017.11.15.0040_runFiles/sms/sms.phy_phyml_stats_GTR+G+I+F-lr.txt' - value 'llk'
		Llk=-1097.16344
End select best final decoration : '+G+F' - AIC=2266.32782
	Parsing PhyML output : stat './Gruenstaeudl_etal_2017_partitionfinder_NEW_sms_2017.11.15.0040_runFiles/sms/sms.phy_phyml_stats_GTR+G+F-lr.txt' - value 'alpha'
		Alpha=0.781
