INFO     | 2017-10-30 21:24:51,042 | ------------- PartitionFinder 2.1.1 -----------------
INFO     | 2017-10-30 21:24:51,042 | You have Python version 2.7
INFO     | 2017-10-30 21:24:51,042 | Command-line arguments used: /home/michael_science/git/partitionfinder/PartitionFinder.py --raxml --quick Wainwright_etal_2012_partitionfinder_2017.10.30.2124_runFiles
INFO     | 2017-10-30 21:24:51,042 | ------------- Configuring Parameters -------------
INFO     | 2017-10-30 21:24:51,042 | Setting datatype to 'DNA'
INFO     | 2017-10-30 21:24:51,042 | Setting phylogeny program to 'raxml'
INFO     | 2017-10-30 21:24:51,042 | Program path is here /home/michael_science/git/partitionfinder/programs
INFO     | 2017-10-30 21:24:51,043 | Setting working folder to: '/home/michael_science/git/michaelgruenstaeudl_partitNex2MrBayes/examples/01_input/Wainwright_etal_2012_partitionfinder_2017.10.30.2124_runFiles'
INFO     | 2017-10-30 21:24:51,043 | Loading configuration at './partition_finder.cfg'
INFO     | 2017-10-30 21:24:51,046 | Setting 'alignment' to 'Wainwright_etal_2012_PhylipFormatd'
INFO     | 2017-10-30 21:24:51,046 | Setting 'branchlengths' to 'linked'
INFO     | 2017-10-30 21:24:51,046 | You set 'models' to: mrbayes
INFO     | 2017-10-30 21:24:51,054 | This analysis will use the following 3 models of molecular evolution
INFO     | 2017-10-30 21:24:51,055 | GTR, GTR+G, GTR+I+G
INFO     | 2017-10-30 21:24:51,055 | Setting 'model_selection' to 'aic'
INFO     | 2017-10-30 21:24:51,059 | Setting 'search' to 'rcluster'
INFO     | 2017-10-30 21:24:51,059 | ------------------------ BEGINNING NEW RUN -------------------------------
INFO     | 2017-10-30 21:24:51,059 | Looking for alignment file './Wainwright_etal_2012_PhylipFormatd'...
INFO     | 2017-10-30 21:24:51,059 | Using 4 cpus
INFO     | 2017-10-30 21:24:51,059 | Beginning Analysis
INFO     | 2017-10-30 21:24:51,070 | Reading alignment file './Wainwright_etal_2012_PhylipFormatd'
INFO     | 2017-10-30 21:24:51,091 | Starting tree will be estimated from the data.
INFO     | 2017-10-30 21:24:51,092 | Estimating Maximum Likelihood tree with RAxML fast experimental tree search for ./analysis/start_tree/filtered_source.phy
INFO     | 2017-10-30 21:24:51,092 | Using a separate GTR+G model for each data block
INFO     | 2017-10-30 21:26:31,918 | Estimating GTR+G branch lengths on ML tree using all partitions
INFO     | 2017-10-30 21:27:08,016 | ML topology estimation finished
INFO     | 2017-10-30 21:27:08,017 | Performing relaxed clustering analysis
INFO     | 2017-10-30 21:27:08,017 |    Set rcluster-max to 1000
INFO     | 2017-10-30 21:27:08,017 |    PartitionFinder will have to analyse 91 subsets to complete this analyses
INFO     | 2017-10-30 21:27:08,017 |    *** Analysing starting scheme ***
INFO     | 2017-10-30 21:27:17,227 |       Finished subset 1/10, 10.00 percent done
INFO     | 2017-10-30 21:27:18,134 |       Finished subset 2/10, 20.00 percent done
INFO     | 2017-10-30 21:27:20,247 |       Finished subset 3/10, 30.00 percent done
INFO     | 2017-10-30 21:27:24,115 |       Finished subset 4/10, 40.00 percent done
INFO     | 2017-10-30 21:27:26,143 |       Finished subset 5/10, 50.00 percent done
INFO     | 2017-10-30 21:27:29,410 |       Finished subset 6/10, 60.00 percent done
INFO     | 2017-10-30 21:27:29,582 |       Finished subset 7/10, 70.00 percent done
INFO     | 2017-10-30 21:27:33,171 |       Finished subset 8/10, 80.00 percent done
INFO     | 2017-10-30 21:27:34,386 |       Finished subset 9/10, 90.00 percent done
INFO     | 2017-10-30 21:27:36,460 |       Finished subset 10/10, 100.00 percent done
INFO     | 2017-10-30 21:27:36,460 |    *** Relaxed clustering algorithm step 1 of up to 9 ***
INFO     | 2017-10-30 21:27:36,460 |       Measuring the similarity of 45 subset pairs
INFO     | 2017-10-30 21:27:36,460 |       Choosing the 5 most similar subset pairs
INFO     | 2017-10-30 21:27:36,461 |       Analysing 5 new subset pairs
INFO     | 2017-10-30 21:27:48,928 |       Finished subset 1/5, 20.00 percent done
INFO     | 2017-10-30 21:27:53,378 |       Finished subset 2/5, 40.00 percent done
INFO     | 2017-10-30 21:27:56,172 |       Finished subset 3/5, 60.00 percent done
INFO     | 2017-10-30 21:28:03,609 |       Finished subset 4/5, 80.00 percent done
INFO     | 2017-10-30 21:28:05,726 |       Finished subset 5/5, 100.00 percent done
INFO     | 2017-10-30 21:28:05,726 |       Finding the best partitioning scheme
INFO     | 2017-10-30 21:28:05,731 |       Combining subsets: 'ptr' and 'enc'
INFO     | 2017-10-30 21:28:05,732 |       The best scheme has 9 subsets and improves the aic score by 13.69 to 480765.4
INFO     | 2017-10-30 21:28:05,732 |    *** Relaxed clustering algorithm step 2 of up to 9 ***
INFO     | 2017-10-30 21:28:05,732 |       Measuring the similarity of 36 subset pairs
INFO     | 2017-10-30 21:28:05,732 |       Choosing the 4 most similar subset pairs
INFO     | 2017-10-30 21:28:05,732 |       Analysing 1 new subset pairs
INFO     | 2017-10-30 21:28:18,258 |       Finished subset 1/1, 100.00 percent done
INFO     | 2017-10-30 21:28:18,259 |       Finding the best partitioning scheme
INFO     | 2017-10-30 21:28:18,260 |       Found no schemes that improve the score, stopping
INFO     | 2017-10-30 21:28:18,260 |    Relaxed clustering algorithm finished after 2 steps
INFO     | 2017-10-30 21:28:18,260 |    Best scoring scheme is scheme step_1, with aic score of 480765.367
INFO     | 2017-10-30 21:28:18,261 |    Information on best scheme is here: ./analysis/best_scheme.txt
INFO     | 2017-10-30 21:28:18,263 |    
INFO     | 2017-10-30 21:28:18,263 |    
INFO     | 2017-10-30 21:28:18,263 |    *Citations for this analysis*
INFO     | 2017-10-30 21:28:18,263 |    -----------------------------
INFO     | 2017-10-30 21:28:18,263 |    
INFO     | 2017-10-30 21:28:18,263 |    If you use this analysis in your published work, please cite the following papers on which your analysis relied.
INFO     | 2017-10-30 21:28:18,263 |    
INFO     | 2017-10-30 21:28:18,263 |    For the version of PartitionFinder you used, please cite:
INFO     | 2017-10-30 21:28:18,264 |    Lanfear, R., Frandsen, P. B., Wright, A. M., Senfeld, T., Calcott, B. (2016) PartitionFinder 2: new methods for selecting partitioned models of evolution formolecular and morphological phylogenetic analyses. Molecular biology and evolution. DOI: dx.doi.org/10.1093/molbev/msw260
INFO     | 2017-10-30 21:28:18,264 |    
INFO     | 2017-10-30 21:28:18,264 |    For the rcluster algorithm you used, please cite:
INFO     | 2017-10-30 21:28:18,264 |    Lanfear, R., Calcott, B., Kainer, D., Mayer, C., & Stamatakis, A. (2014). Selecting optimal partitioning schemes for phylogenomic datasets. BMC evolutionary biology, 14(1), 82.
INFO     | 2017-10-30 21:28:18,264 |    
INFO     | 2017-10-30 21:28:18,264 |    Your analysis also used RAxML, so please cite:
INFO     | 2017-10-30 21:28:18,264 |    Stamatakis, A. (2014). RAxML version 8: a tool for phylogenetic analysis and post-analysis of large phylogenies. Bioinformatics, 30(9), 1312-1313.
INFO     | 2017-10-30 21:28:18,264 |    
INFO     | 2017-10-30 21:28:18,266 | Total processing time: 0:03:27 (h:m:s)
INFO     | 2017-10-30 21:28:18,266 | Processing complete.
