INFO     | 2017-11-14 00:43:19,279 | ------------- PartitionFinder 2.1.1 -----------------
INFO     | 2017-11-14 00:43:19,279 | You have Python version 2.7
INFO     | 2017-11-14 00:43:19,279 | Command-line arguments used: /home/michael_science/git/partitionfinder/PartitionFinder.py --raxml --quick --rcluster-max 10 Fong_etal_2012_partitionfinder_2017.11.14.0043_runFiles
INFO     | 2017-11-14 00:43:19,279 | ------------- Configuring Parameters -------------
INFO     | 2017-11-14 00:43:19,279 | Setting datatype to 'DNA'
INFO     | 2017-11-14 00:43:19,279 | Setting phylogeny program to 'raxml'
INFO     | 2017-11-14 00:43:19,279 | Program path is here /home/michael_science/git/partitionfinder/programs
INFO     | 2017-11-14 00:43:19,280 | Setting working folder to: '/home/michael_science/git/michaelgruenstaeudl_partitNex2MrBayes/examples/01_input/Fong_etal_2012_partitionfinder_2017.11.14.0043_runFiles'
INFO     | 2017-11-14 00:43:19,280 | Loading configuration at './partition_finder.cfg'
INFO     | 2017-11-14 00:43:19,283 | Setting 'alignment' to 'Fong_etal_2012_PhylipFormatted'
INFO     | 2017-11-14 00:43:19,283 | Setting 'branchlengths' to 'linked'
INFO     | 2017-11-14 00:43:19,283 | You set 'models' to: mrbayes
INFO     | 2017-11-14 00:43:19,291 | This analysis will use the following 3 models of molecular evolution
INFO     | 2017-11-14 00:43:19,291 | GTR, GTR+G, GTR+I+G
INFO     | 2017-11-14 00:43:19,292 | Setting 'model_selection' to 'aic'
INFO     | 2017-11-14 00:43:19,312 | Setting 'search' to 'rcluster'
INFO     | 2017-11-14 00:43:19,312 | ------------------------ BEGINNING NEW RUN -------------------------------
INFO     | 2017-11-14 00:43:19,312 | Looking for alignment file './Fong_etal_2012_PhylipFormatted'...
INFO     | 2017-11-14 00:43:19,312 | Using 4 cpus
INFO     | 2017-11-14 00:43:19,312 | Beginning Analysis
INFO     | 2017-11-14 00:43:19,324 | Reading alignment file './Fong_etal_2012_PhylipFormatted'
INFO     | 2017-11-14 00:43:19,360 | Starting tree will be estimated from the data.
INFO     | 2017-11-14 00:43:19,363 | Estimating Maximum Likelihood tree with RAxML fast experimental tree search for ./analysis/start_tree/filtered_source.phy
INFO     | 2017-11-14 00:43:19,364 | Using a separate GTR+G model for each data block
INFO     | 2017-11-14 00:48:21,832 | Estimating GTR+G branch lengths on ML tree using all partitions
INFO     | 2017-11-14 00:50:11,509 | ML topology estimation finished
INFO     | 2017-11-14 00:50:11,510 | Performing relaxed clustering analysis
INFO     | 2017-11-14 00:50:11,510 |    PartitionFinder will have to analyse 589 subsets to complete this analyses
INFO     | 2017-11-14 00:50:11,510 |    *** Analysing starting scheme ***
INFO     | 2017-11-14 00:50:17,083 |       Finished subset 1/56, 1.79 percent done
INFO     | 2017-11-14 00:50:18,802 |       Finished subset 2/56, 3.57 percent done
INFO     | 2017-11-14 00:50:20,574 |       Finished subset 3/56, 5.36 percent done
INFO     | 2017-11-14 00:50:22,500 |       Finished subset 4/56, 7.14 percent done
INFO     | 2017-11-14 00:50:23,341 |       Finished subset 5/56, 8.93 percent done
INFO     | 2017-11-14 00:50:24,577 |       Finished subset 6/56, 10.71 percent done
INFO     | 2017-11-14 00:50:26,276 |       Finished subset 7/56, 12.50 percent done
INFO     | 2017-11-14 00:50:27,796 |       Finished subset 8/56, 14.29 percent done
INFO     | 2017-11-14 00:50:30,123 |       Finished subset 9/56, 16.07 percent done
INFO     | 2017-11-14 00:50:32,361 |       Finished subset 10/56, 17.86 percent done
INFO     | 2017-11-14 00:50:33,298 |       Finished subset 11/56, 19.64 percent done
INFO     | 2017-11-14 00:50:33,659 |       Finished subset 12/56, 21.43 percent done
INFO     | 2017-11-14 00:50:36,578 |       Finished subset 13/56, 23.21 percent done
INFO     | 2017-11-14 00:50:37,262 |       Finished subset 14/56, 25.00 percent done
INFO     | 2017-11-14 00:50:38,306 |       Finished subset 15/56, 26.79 percent done
INFO     | 2017-11-14 00:50:39,426 |       Finished subset 16/56, 28.57 percent done
INFO     | 2017-11-14 00:50:42,845 |       Finished subset 17/56, 30.36 percent done
INFO     | 2017-11-14 00:50:43,722 |       Finished subset 18/56, 32.14 percent done
INFO     | 2017-11-14 00:50:44,492 |       Finished subset 19/56, 33.93 percent done
INFO     | 2017-11-14 00:50:46,397 |       Finished subset 20/56, 35.71 percent done
INFO     | 2017-11-14 00:50:47,323 |       Finished subset 21/56, 37.50 percent done
INFO     | 2017-11-14 00:50:47,928 |       Finished subset 22/56, 39.29 percent done
INFO     | 2017-11-14 00:50:49,309 |       Finished subset 23/56, 41.07 percent done
INFO     | 2017-11-14 00:50:50,203 |       Finished subset 24/56, 42.86 percent done
INFO     | 2017-11-14 00:50:51,571 |       Finished subset 25/56, 44.64 percent done
INFO     | 2017-11-14 00:50:53,264 |       Finished subset 26/56, 46.43 percent done
INFO     | 2017-11-14 00:50:55,083 |       Finished subset 27/56, 48.21 percent done
INFO     | 2017-11-14 00:50:56,950 |       Finished subset 28/56, 50.00 percent done
INFO     | 2017-11-14 00:50:58,657 |       Finished subset 29/56, 51.79 percent done
INFO     | 2017-11-14 00:51:00,570 |       Finished subset 30/56, 53.57 percent done
INFO     | 2017-11-14 00:51:00,686 |       Finished subset 31/56, 55.36 percent done
INFO     | 2017-11-14 00:51:02,371 |       Finished subset 32/56, 57.14 percent done
INFO     | 2017-11-14 00:51:04,786 |       Finished subset 33/56, 58.93 percent done
INFO     | 2017-11-14 00:51:05,366 |       Finished subset 34/56, 60.71 percent done
INFO     | 2017-11-14 00:51:06,149 |       Finished subset 35/56, 62.50 percent done
INFO     | 2017-11-14 00:51:08,116 |       Finished subset 36/56, 64.29 percent done
INFO     | 2017-11-14 00:51:08,229 |       Finished subset 37/56, 66.07 percent done
INFO     | 2017-11-14 00:51:09,706 |       Finished subset 38/56, 67.86 percent done
INFO     | 2017-11-14 00:51:10,426 |       Finished subset 39/56, 69.64 percent done
INFO     | 2017-11-14 00:51:12,074 |       Finished subset 40/56, 71.43 percent done
INFO     | 2017-11-14 00:51:13,577 |       Finished subset 41/56, 73.21 percent done
INFO     | 2017-11-14 00:51:14,842 |       Finished subset 42/56, 75.00 percent done
INFO     | 2017-11-14 00:51:15,725 |       Finished subset 43/56, 76.79 percent done
INFO     | 2017-11-14 00:51:17,074 |       Finished subset 44/56, 78.57 percent done
INFO     | 2017-11-14 00:51:19,002 |       Finished subset 45/56, 80.36 percent done
INFO     | 2017-11-14 00:51:19,451 |       Finished subset 46/56, 82.14 percent done
INFO     | 2017-11-14 00:51:22,020 |       Finished subset 47/56, 83.93 percent done
INFO     | 2017-11-14 00:51:24,715 |       Finished subset 48/56, 85.71 percent done
INFO     | 2017-11-14 00:51:27,056 |       Finished subset 49/56, 87.50 percent done
INFO     | 2017-11-14 00:51:28,135 |       Finished subset 50/56, 89.29 percent done
INFO     | 2017-11-14 00:51:28,565 |       Finished subset 51/56, 91.07 percent done
INFO     | 2017-11-14 00:51:28,843 |       Finished subset 52/56, 92.86 percent done
INFO     | 2017-11-14 00:51:29,894 |       Finished subset 53/56, 94.64 percent done
INFO     | 2017-11-14 00:51:29,958 |       Finished subset 54/56, 96.43 percent done
INFO     | 2017-11-14 00:51:30,487 |       Finished subset 55/56, 98.21 percent done
INFO     | 2017-11-14 00:51:31,203 |       Finished subset 56/56, 100.00 percent done
INFO     | 2017-11-14 00:51:31,205 |    *** Relaxed clustering algorithm step 1 of up to 55 ***
INFO     | 2017-11-14 00:51:31,205 |       Measuring the similarity of 1540 subset pairs
INFO     | 2017-11-14 00:51:31,206 |       Choosing the 10 most similar subset pairs
INFO     | 2017-11-14 00:51:31,206 |       Analysing 10 new subset pairs
INFO     | 2017-11-14 00:51:36,934 |       Finished subset 1/10, 10.00 percent done
INFO     | 2017-11-14 00:51:38,217 |       Finished subset 2/10, 20.00 percent done
INFO     | 2017-11-14 00:51:41,510 |       Finished subset 3/10, 30.00 percent done
INFO     | 2017-11-14 00:51:43,629 |       Finished subset 4/10, 40.00 percent done
INFO     | 2017-11-14 00:51:45,558 |       Finished subset 5/10, 50.00 percent done
INFO     | 2017-11-14 00:51:49,906 |       Finished subset 6/10, 60.00 percent done
INFO     | 2017-11-14 00:51:53,349 |       Finished subset 7/10, 70.00 percent done
INFO     | 2017-11-14 00:51:56,674 |       Finished subset 8/10, 80.00 percent done
INFO     | 2017-11-14 00:51:58,456 |       Finished subset 9/10, 90.00 percent done
INFO     | 2017-11-14 00:52:00,039 |       Finished subset 10/10, 100.00 percent done
INFO     | 2017-11-14 00:52:00,040 |       Finding the best partitioning scheme
INFO     | 2017-11-14 00:52:00,061 |       Combining subsets: 'O21286' and 'ES319935'
INFO     | 2017-11-14 00:52:00,062 |       The best scheme has 55 subsets and improves the aic score by 10.72 to 580671.7
INFO     | 2017-11-14 00:52:00,062 |    *** Relaxed clustering algorithm step 2 of up to 55 ***
INFO     | 2017-11-14 00:52:00,062 |       Measuring the similarity of 1485 subset pairs
INFO     | 2017-11-14 00:52:00,063 |       Choosing the 10 most similar subset pairs
INFO     | 2017-11-14 00:52:00,063 |       Analysing 1 new subset pairs
INFO     | 2017-11-14 00:52:04,035 |       Finished subset 1/1, 100.00 percent done
INFO     | 2017-11-14 00:52:04,035 |       Finding the best partitioning scheme
INFO     | 2017-11-14 00:52:04,039 |       Combining subsets: 'O19189' and 'O11722'
INFO     | 2017-11-14 00:52:04,040 |       The best scheme has 54 subsets and improves the aic score by 9.17 to 580662.5
INFO     | 2017-11-14 00:52:04,040 |    *** Relaxed clustering algorithm step 3 of up to 55 ***
INFO     | 2017-11-14 00:52:04,041 |       Measuring the similarity of 1431 subset pairs
INFO     | 2017-11-14 00:52:04,041 |       Choosing the 10 most similar subset pairs
INFO     | 2017-11-14 00:52:04,041 |       Analysing 1 new subset pairs
INFO     | 2017-11-14 00:52:12,065 |       Finished subset 1/1, 100.00 percent done
INFO     | 2017-11-14 00:52:12,065 |       Finding the best partitioning scheme
INFO     | 2017-11-14 00:52:12,068 |       Found no schemes that improve the score, stopping
INFO     | 2017-11-14 00:52:12,068 |    Relaxed clustering algorithm finished after 3 steps
INFO     | 2017-11-14 00:52:12,068 |    Best scoring scheme is scheme step_2, with aic score of 580662.500
INFO     | 2017-11-14 00:52:12,070 |    Information on best scheme is here: ./analysis/best_scheme.txt
INFO     | 2017-11-14 00:52:12,078 |    
INFO     | 2017-11-14 00:52:12,078 |    
INFO     | 2017-11-14 00:52:12,078 |    *Citations for this analysis*
INFO     | 2017-11-14 00:52:12,078 |    -----------------------------
INFO     | 2017-11-14 00:52:12,078 |    
INFO     | 2017-11-14 00:52:12,078 |    If you use this analysis in your published work, please cite the following papers on which your analysis relied.
INFO     | 2017-11-14 00:52:12,078 |    
INFO     | 2017-11-14 00:52:12,078 |    For the version of PartitionFinder you used, please cite:
INFO     | 2017-11-14 00:52:12,078 |    Lanfear, R., Frandsen, P. B., Wright, A. M., Senfeld, T., Calcott, B. (2016) PartitionFinder 2: new methods for selecting partitioned models of evolution formolecular and morphological phylogenetic analyses. Molecular biology and evolution. DOI: dx.doi.org/10.1093/molbev/msw260
INFO     | 2017-11-14 00:52:12,079 |    
INFO     | 2017-11-14 00:52:12,079 |    For the rcluster algorithm you used, please cite:
INFO     | 2017-11-14 00:52:12,079 |    Lanfear, R., Calcott, B., Kainer, D., Mayer, C., & Stamatakis, A. (2014). Selecting optimal partitioning schemes for phylogenomic datasets. BMC evolutionary biology, 14(1), 82.
INFO     | 2017-11-14 00:52:12,079 |    
INFO     | 2017-11-14 00:52:12,079 |    Your analysis also used RAxML, so please cite:
INFO     | 2017-11-14 00:52:12,079 |    Stamatakis, A. (2014). RAxML version 8: a tool for phylogenetic analysis and post-analysis of large phylogenies. Bioinformatics, 30(9), 1312-1313.
INFO     | 2017-11-14 00:52:12,079 |    
INFO     | 2017-11-14 00:52:12,080 | Total processing time: 0:08:53 (h:m:s)
INFO     | 2017-11-14 00:52:12,080 | Processing complete.
