INFO     | 2017-11-15 03:09:22,680 | ------------- PartitionFinder 2.1.1 -----------------
INFO     | 2017-11-15 03:09:22,680 | You have Python version 2.7
INFO     | 2017-11-15 03:09:22,680 | Command-line arguments used: /home/michael_science/git/partitionfinder/PartitionFinder.py --raxml --quick --rcluster-max 10 Wainwright_etal_2012_partitionfinder_2017.11.15.0309_runFiles
INFO     | 2017-11-15 03:09:22,680 | ------------- Configuring Parameters -------------
INFO     | 2017-11-15 03:09:22,680 | Setting datatype to 'DNA'
INFO     | 2017-11-15 03:09:22,680 | Setting phylogeny program to 'raxml'
INFO     | 2017-11-15 03:09:22,680 | Program path is here /home/michael_science/git/partitionfinder/programs
INFO     | 2017-11-15 03:09:22,681 | Setting working folder to: '/home/michael_science/git/michaelgruenstaeudl_partitNex2MrBayes/examples/01_input/Wainwright_etal_2012_partitionfinder_2017.11.15.0309_runFiles'
INFO     | 2017-11-15 03:09:22,681 | Loading configuration at './partition_finder.cfg'
INFO     | 2017-11-15 03:09:22,686 | Setting 'alignment' to 'Wainwright_etal_2012_PhylipFormatted'
INFO     | 2017-11-15 03:09:22,686 | Setting 'branchlengths' to 'linked'
INFO     | 2017-11-15 03:09:22,687 | You set 'models' to: mrbayes
INFO     | 2017-11-15 03:09:22,700 | This analysis will use the following 3 models of molecular evolution
INFO     | 2017-11-15 03:09:22,700 | GTR, GTR+G, GTR+I+G
INFO     | 2017-11-15 03:09:22,700 | Setting 'model_selection' to 'aic'
INFO     | 2017-11-15 03:09:22,707 | Setting 'search' to 'rcluster'
INFO     | 2017-11-15 03:09:22,707 | ------------------------ BEGINNING NEW RUN -------------------------------
INFO     | 2017-11-15 03:09:22,707 | Looking for alignment file './Wainwright_etal_2012_PhylipFormatted'...
INFO     | 2017-11-15 03:09:22,708 | Using 4 cpus
INFO     | 2017-11-15 03:09:22,708 | Beginning Analysis
INFO     | 2017-11-15 03:09:22,725 | Reading alignment file './Wainwright_etal_2012_PhylipFormatted'
INFO     | 2017-11-15 03:09:22,757 | Starting tree will be estimated from the data.
INFO     | 2017-11-15 03:09:22,758 | Estimating Maximum Likelihood tree with RAxML fast experimental tree search for ./analysis/start_tree/filtered_source.phy
INFO     | 2017-11-15 03:09:22,759 | Using a separate GTR+G model for each data block
INFO     | 2017-11-15 07:54:44,717 | Estimating GTR+G branch lengths on ML tree using all partitions
INFO     | 2017-11-15 08:19:55,907 | ML topology estimation finished
INFO     | 2017-11-15 08:19:55,908 | Performing relaxed clustering analysis
INFO     | 2017-11-15 08:19:55,908 |    PartitionFinder will have to analyse 78 subsets to complete this analyses
INFO     | 2017-11-15 08:19:55,908 |    *** Analysing starting scheme ***
INFO     | 2017-11-15 08:20:13,106 |       Finished subset 1/10, 10.00 percent done
INFO     | 2017-11-15 08:20:20,348 |       Finished subset 2/10, 20.00 percent done
INFO     | 2017-11-15 08:20:21,729 |       Finished subset 3/10, 30.00 percent done
INFO     | 2017-11-15 08:20:29,702 |       Finished subset 4/10, 40.00 percent done
INFO     | 2017-11-15 08:20:34,925 |       Finished subset 5/10, 50.00 percent done
INFO     | 2017-11-15 08:20:40,421 |       Finished subset 6/10, 60.00 percent done
INFO     | 2017-11-15 08:20:42,941 |       Finished subset 7/10, 70.00 percent done
INFO     | 2017-11-15 08:20:48,454 |       Finished subset 8/10, 80.00 percent done
INFO     | 2017-11-15 08:20:53,022 |       Finished subset 9/10, 90.00 percent done
INFO     | 2017-11-15 08:20:54,680 |       Finished subset 10/10, 100.00 percent done
INFO     | 2017-11-15 08:20:54,681 |    *** Relaxed clustering algorithm step 1 of up to 9 ***
INFO     | 2017-11-15 08:20:54,681 |       Measuring the similarity of 45 subset pairs
INFO     | 2017-11-15 08:20:54,682 |       Choosing the 5 most similar subset pairs
INFO     | 2017-11-15 08:20:54,682 |       Analysing 5 new subset pairs
INFO     | 2017-11-15 08:21:21,162 |       Finished subset 1/5, 20.00 percent done
INFO     | 2017-11-15 08:21:30,697 |       Finished subset 2/5, 40.00 percent done
INFO     | 2017-11-15 08:21:36,011 |       Finished subset 3/5, 60.00 percent done
INFO     | 2017-11-15 08:21:49,517 |       Finished subset 4/5, 80.00 percent done
INFO     | 2017-11-15 08:21:51,675 |       Finished subset 5/5, 100.00 percent done
INFO     | 2017-11-15 08:21:51,675 |       Finding the best partitioning scheme
INFO     | 2017-11-15 08:21:51,685 |       Combining subsets: 'ptr' and 'enc'
INFO     | 2017-11-15 08:21:51,686 |       The best scheme has 9 subsets and improves the aic score by 13.69 to 480765.4
INFO     | 2017-11-15 08:21:51,686 |    *** Relaxed clustering algorithm step 2 of up to 9 ***
INFO     | 2017-11-15 08:21:51,686 |       Measuring the similarity of 36 subset pairs
INFO     | 2017-11-15 08:21:51,687 |       Choosing the 4 most similar subset pairs
INFO     | 2017-11-15 08:21:51,687 |       Analysing 1 new subset pairs
INFO     | 2017-11-15 08:22:10,182 |       Finished subset 1/1, 100.00 percent done
INFO     | 2017-11-15 08:22:10,182 |       Finding the best partitioning scheme
INFO     | 2017-11-15 08:22:10,183 |       Found no schemes that improve the score, stopping
INFO     | 2017-11-15 08:22:10,183 |    Relaxed clustering algorithm finished after 2 steps
INFO     | 2017-11-15 08:22:10,183 |    Best scoring scheme is scheme step_1, with aic score of 480765.367
INFO     | 2017-11-15 08:22:10,184 |    Information on best scheme is here: ./analysis/best_scheme.txt
INFO     | 2017-11-15 08:22:10,186 |    
INFO     | 2017-11-15 08:22:10,186 |    
INFO     | 2017-11-15 08:22:10,186 |    *Citations for this analysis*
INFO     | 2017-11-15 08:22:10,186 |    -----------------------------
INFO     | 2017-11-15 08:22:10,186 |    
INFO     | 2017-11-15 08:22:10,186 |    If you use this analysis in your published work, please cite the following papers on which your analysis relied.
INFO     | 2017-11-15 08:22:10,186 |    
INFO     | 2017-11-15 08:22:10,187 |    For the version of PartitionFinder you used, please cite:
INFO     | 2017-11-15 08:22:10,187 |    Lanfear, R., Frandsen, P. B., Wright, A. M., Senfeld, T., Calcott, B. (2016) PartitionFinder 2: new methods for selecting partitioned models of evolution formolecular and morphological phylogenetic analyses. Molecular biology and evolution. DOI: dx.doi.org/10.1093/molbev/msw260
INFO     | 2017-11-15 08:22:10,187 |    
INFO     | 2017-11-15 08:22:10,187 |    For the rcluster algorithm you used, please cite:
INFO     | 2017-11-15 08:22:10,187 |    Lanfear, R., Calcott, B., Kainer, D., Mayer, C., & Stamatakis, A. (2014). Selecting optimal partitioning schemes for phylogenomic datasets. BMC evolutionary biology, 14(1), 82.
INFO     | 2017-11-15 08:22:10,187 |    
INFO     | 2017-11-15 08:22:10,187 |    Your analysis also used RAxML, so please cite:
INFO     | 2017-11-15 08:22:10,187 |    Stamatakis, A. (2014). RAxML version 8: a tool for phylogenetic analysis and post-analysis of large phylogenies. Bioinformatics, 30(9), 1312-1313.
INFO     | 2017-11-15 08:22:10,187 |    
INFO     | 2017-11-15 08:22:10,189 | Total processing time: 5:12:48 (h:m:s)
INFO     | 2017-11-15 08:22:10,189 | Processing complete.
