Setting topology : type 'nt' - model 'GTR' - decoration '+G+I+F' - criterion 'AIC' - #branches '51' - #sites '549' - tree ''
	Computing llk : model 'GTR' - deco '+G+I+F' - type 'nt' - optim 'lr' - tree '' - alpha '' - invar ''
	Parsing PhyML output : stat './Faircloth_etal_2013_sms_2017.10.26.1606_runFiles/sms/sms.phy_phyml_stats_GTR+G+I+F-lr.txt' - value 'llk'
		Llk=-1335.06521
	Computing K : type 'nt' - #branches '51' - model 'GTR' - deco '+G+I+F'
		K=61
	Computing AIC : llk '-1335.06521' - K '61'
		AIC=2792.13042
	Computing BIC : llk '-1335.06521' - K '61' - #sites '549'
		BIC=3054.92442
End set topology : AIC=2792.13042
Selecting best decoration : type 'nt' - model 'GTR' - criterion 'AIC' - #branches '51' - #sites '549'
	Computing llk : model 'GTR' - deco '+F' - type 'nt' - optim 'lr' - tree './Faircloth_etal_2013_sms_2017.10.26.1606_runFiles/sms/intree.nwk' - alpha '' - invar ''
	Parsing PhyML output : stat './Faircloth_etal_2013_sms_2017.10.26.1606_runFiles/sms/sms.phy_phyml_stats_GTR+F-lr.txt' - value 'llk'
		Llk=-1342.95597
	Computing K : type 'nt' - #branches '51' - model 'GTR' - deco '+F'
		K=59
	Computing AIC : llk '-1342.95597' - K '59'
		AIC=2803.91194
	Computing BIC : llk '-1342.95597' - K '59' - #sites '549'
		BIC=3058.08974
	Computing llk : model 'GTR' - deco '+G+F' - type 'nt' - optim 'lr' - tree './Faircloth_etal_2013_sms_2017.10.26.1606_runFiles/sms/intree.nwk' - alpha '' - invar ''
	Parsing PhyML output : stat './Faircloth_etal_2013_sms_2017.10.26.1606_runFiles/sms/sms.phy_phyml_stats_GTR+G+F-lr.txt' - value 'llk'
		Llk=-1335.66262
	Computing K : type 'nt' - #branches '51' - model 'GTR' - deco '+G+F'
		K=60
	Computing AIC : llk '-1335.66262' - K '60'
		AIC=2791.32524
	Computing BIC : llk '-1335.66262' - K '60' - #sites '549'
		BIC=3049.81114
	Computing llk : model 'GTR' - deco '+I+F' - type 'nt' - optim 'lr' - tree './Faircloth_etal_2013_sms_2017.10.26.1606_runFiles/sms/intree.nwk' - alpha '' - invar ''
	Parsing PhyML output : stat './Faircloth_etal_2013_sms_2017.10.26.1606_runFiles/sms/sms.phy_phyml_stats_GTR+I+F-lr.txt' - value 'llk'
		Llk=-1335.06468
	Computing K : type 'nt' - #branches '51' - model 'GTR' - deco '+I+F'
		K=60
	Computing AIC : llk '-1335.06468' - K '60'
		AIC=2790.12936
	Computing BIC : llk '-1335.06468' - K '60' - #sites '549'
		BIC=3048.61526
	Parsing PhyML output : stat './Faircloth_etal_2013_sms_2017.10.26.1606_runFiles/sms/sms.phy_phyml_stats_GTR+G+I+F-lr.txt' - value 'llk'
		Llk=-1335.06521
End select best decoration : '+I+F' - AIC=2790.12936
	Parsing PhyML output : stat './Faircloth_etal_2013_sms_2017.10.26.1606_runFiles/sms/sms.phy_phyml_stats_GTR+I+F-lr.txt' - value 'invar'
		Invar=0.408
Selecting best matrix : decoration '+I+F' - type 'nt' - criterion 'AIC' - #branches '51' - #taxa '27' - #sites '549'
	Parsing PhyML output : stat './Faircloth_etal_2013_sms_2017.10.26.1606_runFiles/sms/sms.phy_phyml_stats_GTR+I+F-lr.txt' - value 'llk'
		Llk=-1335.06468
	Computing llk : model 'TN93' - deco '+I+F' - type 'nt' - optim 'lr' - tree './Faircloth_etal_2013_sms_2017.10.26.1606_runFiles/sms/intree.nwk' - alpha '' - invar ''
	Parsing PhyML output : stat './Faircloth_etal_2013_sms_2017.10.26.1606_runFiles/sms/sms.phy_phyml_stats_TN93+I+F-lr.txt' - value 'llk'
		Llk=-1337.58498
	Computing K : type 'nt' - #branches '51' - model 'TN93' - deco '+I+F'
		K=57
	Computing AIC : llk '-1337.58498' - K '57'
		AIC=2789.16996
	Computing BIC : llk '-1337.58498' - K '57' - #sites '549'
		BIC=3034.73157
	Computing llk : model 'HKY85' - deco '+I+F' - type 'nt' - optim 'lr' - tree './Faircloth_etal_2013_sms_2017.10.26.1606_runFiles/sms/intree.nwk' - alpha '' - invar ''
	Parsing PhyML output : stat './Faircloth_etal_2013_sms_2017.10.26.1606_runFiles/sms/sms.phy_phyml_stats_HKY85+I+F-lr.txt' - value 'llk'
		Llk=-1337.61588
	Computing K : type 'nt' - #branches '51' - model 'HKY85' - deco '+I+F'
		K=56
	Computing AIC : llk '-1337.61588' - K '56'
		AIC=2787.23176
	Computing BIC : llk '-1337.61588' - K '56' - #sites '549'
		BIC=3028.48527
	Computing llk : model 'K80' - deco '+I+F' - type 'nt' - optim 'lr' - tree './Faircloth_etal_2013_sms_2017.10.26.1606_runFiles/sms/intree.nwk' - alpha '' - invar ''
	Parsing PhyML output : stat './Faircloth_etal_2013_sms_2017.10.26.1606_runFiles/sms/sms.phy_phyml_stats_K80+I+F-lr.txt' - value 'llk'
		Llk=-1338.17147
	Computing K : type 'nt' - #branches '51' - model 'K80' - deco '+I+F'
		K=53
	Computing AIC : llk '-1338.17147' - K '53'
		AIC=2782.34294
	Computing BIC : llk '-1338.17147' - K '53' - #sites '549'
		BIC=3010.67215
End select best matrix : 'K80' - AIC=2782.34294
Selecting best final decoration : type 'nt' - model 'K80' - criterion 'AIC' - #branches '51' - #sites '549'
	Computing llk : model 'K80' - deco '+F' - type 'nt' - optim 'lr' - tree './Faircloth_etal_2013_sms_2017.10.26.1606_runFiles/sms/intree.nwk' - alpha '' - invar ''
	Parsing PhyML output : stat './Faircloth_etal_2013_sms_2017.10.26.1606_runFiles/sms/sms.phy_phyml_stats_K80+F-lr.txt' - value 'llk'
		Llk=-1344.39726
	Computing K : type 'nt' - #branches '51' - model 'K80' - deco '+F'
		K=52
	Computing AIC : llk '-1344.39726' - K '52'
		AIC=2792.79452
	Computing BIC : llk '-1344.39726' - K '52' - #sites '549'
		BIC=3016.81563
	Computing llk : model 'K80' - deco '+G+F' - type 'nt' - optim 'lr' - tree './Faircloth_etal_2013_sms_2017.10.26.1606_runFiles/sms/intree.nwk' - alpha '' - invar ''
	Parsing PhyML output : stat './Faircloth_etal_2013_sms_2017.10.26.1606_runFiles/sms/sms.phy_phyml_stats_K80+G+F-lr.txt' - value 'llk'
		Llk=-1337.49677
	Computing K : type 'nt' - #branches '51' - model 'K80' - deco '+G+F'
		K=53
	Computing AIC : llk '-1337.49677' - K '53'
		AIC=2780.99354
	Computing BIC : llk '-1337.49677' - K '53' - #sites '549'
		BIC=3009.32275
	Parsing PhyML output : stat './Faircloth_etal_2013_sms_2017.10.26.1606_runFiles/sms/sms.phy_phyml_stats_K80+I+F-lr.txt' - value 'llk'
		Llk=-1338.17147
	Computing llk : model 'K80' - deco '+G+I+F' - type 'nt' - optim 'lr' - tree './Faircloth_etal_2013_sms_2017.10.26.1606_runFiles/sms/intree.nwk' - alpha '' - invar ''
	Parsing PhyML output : stat './Faircloth_etal_2013_sms_2017.10.26.1606_runFiles/sms/sms.phy_phyml_stats_K80+G+I+F-lr.txt' - value 'llk'
		Llk=-1337.51380
	Computing K : type 'nt' - #branches '51' - model 'K80' - deco '+G+I+F'
		K=54
	Computing AIC : llk '-1337.51380' - K '54'
		AIC=2783.02760
	Computing BIC : llk '-1337.51380' - K '54' - #sites '549'
		BIC=3015.66491
End select best final decoration : '+G+F' - AIC=2780.99354
	Parsing PhyML output : stat './Faircloth_etal_2013_sms_2017.10.26.1606_runFiles/sms/sms.phy_phyml_stats_K80+G+F-lr.txt' - value 'alpha'
		Alpha=0.566
