 INFO  | 2017-11-15 CET 00:40:37 | Evaluating system, bash shell and script execution
 INFO  | 2017-11-15 CET 00:40:37 |   System info: Linux 4.13.4-1-ARCH, proc: unknown, arch: x86_64, numcores: 4
 INFO  | 2017-11-15 CET 00:40:37 |   Bash info: GNU bash, version 4.4.12(1)-release (x86_64-unknown-linux-gnu)
 INFO  | 2017-11-15 CET 00:40:37 |   Command used: partitNex2MrBayes_2017.11.13.2100.sh -f /home/michael_science/git/michaelgruenstaeudl_partitNex2MrBayes/examples/01_input/Gruenstaeudl_etal_2017_partitionfinder_NEW.nex -c /home/michael_science/git/michaelgruenstaeudl_partitNex2MrBayes/partitNex2MrBayes.cfg -t sms -b /home/michael_science/git/sms-1.8.1/sms.sh -o /home/michael_science/git/michaelgruenstaeudl_partitNex2MrBayes/examples/01_input/Gruenstaeudl_etal_2017_partitionfinder_NEW_sms_2017.11.15.0040.mrbayes -v -k
 INFO  | 2017-11-15 CET 00:40:37 | Checking infiles
 INFO  | 2017-11-15 CET 00:40:37 |   Type of Modeltesting selected: sms
 INFO  | 2017-11-15 CET 00:40:37 | Re-formatting input NEXUS file
 INFO  | 2017-11-15 CET 00:40:38 | Splitting NEXUS file into blocks
 INFO  | 2017-11-15 CET 00:40:38 | Confirming that partitions do not overlap
 INFO  | 2017-11-15 CET 00:40:38 | Ensuring that partitions form a continuous range
 INFO  | 2017-11-15 CET 00:40:38 | Splitting matrix into partitions
 INFO  | 2017-11-15 CET 00:40:46 | Preparing files for partitionfinding / modeltesting
 INFO  | 2017-11-15 CET 00:40:48 | Conducting partitionfinding / modeltesting via: sms
 INFO  | 2017-11-15 CET 00:40:59 |   Processing complete for partition: original_partition_0001_Subset1.phy; Execution time: 0.183 minutes
 INFO  | 2017-11-15 CET 00:41:11 |   Processing complete for partition: original_partition_0002_Subset2.phy; Execution time: 0.200 minutes
 INFO  | 2017-11-15 CET 00:41:17 |   Processing complete for partition: original_partition_0003_Subset3.phy; Execution time: 0.100 minutes
 INFO  | 2017-11-15 CET 00:41:22 |   Processing complete for partition: original_partition_0004_Subset4.phy; Execution time: 0.083 minutes
 INFO  | 2017-11-15 CET 00:41:26 |   Processing complete for partition: original_partition_0005_Subset5.phy; Execution time: 0.067 minutes
 INFO  | 2017-11-15 CET 00:41:37 |   Processing complete for partition: original_partition_0006_Subset6.phy; Execution time: 0.183 minutes
 INFO  | 2017-11-15 CET 00:41:42 |   Processing complete for partition: original_partition_0007_Subset7.phy; Execution time: 0.083 minutes
 INFO  | 2017-11-15 CET 00:41:46 |   Processing complete for partition: original_partition_0008_Subset8.phy; Execution time: 0.067 minutes
 INFO  | 2017-11-15 CET 00:41:51 |   Processing complete for partition: original_partition_0009_Subset9.phy; Execution time: 0.083 minutes
 INFO  | 2017-11-15 CET 00:41:57 |   Processing complete for partition: original_partition_0010_Subset10.phy; Execution time: 0.100 minutes
 INFO  | 2017-11-15 CET 00:42:17 |   Processing complete for partition: original_partition_0011_Subset11.phy; Execution time: 0.333 minutes
 INFO  | 2017-11-15 CET 00:42:28 |   Processing complete for partition: original_partition_0012_Subset12.phy; Execution time: 0.167 minutes
 INFO  | 2017-11-15 CET 00:42:45 |   Processing complete for partition: original_partition_0013_Subset13.phy; Execution time: 0.283 minutes
 INFO  | 2017-11-15 CET 00:42:48 |   Processing complete for partition: original_partition_0014_Subset14.phy; Execution time: 0.050 minutes
 INFO  | 2017-11-15 CET 00:42:50 |   Processing complete for partition: original_partition_0015_Subset15.phy; Execution time: 0.033 minutes
 INFO  | 2017-11-15 CET 00:42:54 |   Processing complete for partition: original_partition_0016_Subset16.phy; Execution time: 0.067 minutes
 INFO  | 2017-11-15 CET 00:43:04 |   Processing complete for partition: original_partition_0017_Subset17.phy; Execution time: 0.167 minutes
 INFO  | 2017-11-15 CET 00:43:07 |   Processing complete for partition: original_partition_0018_Subset18.phy; Execution time: 0.050 minutes
 INFO  | 2017-11-15 CET 00:43:10 |   Processing complete for partition: original_partition_0019_Subset19.phy; Execution time: 0.050 minutes
 INFO  | 2017-11-15 CET 00:43:24 |   Processing complete for partition: original_partition_0020_Subset20.phy; Execution time: 0.233 minutes
 INFO  | 2017-11-15 CET 00:43:34 |   Processing complete for partition: original_partition_0021_Subset21.phy; Execution time: 0.167 minutes
 INFO  | 2017-11-15 CET 00:43:44 |   Processing complete for partition: original_partition_0022_Subset22.phy; Execution time: 0.167 minutes
 INFO  | 2017-11-15 CET 00:43:48 |   Processing complete for partition: original_partition_0023_Subset23.phy; Execution time: 0.067 minutes
 INFO  | 2017-11-15 CET 00:43:53 |   Processing complete for partition: original_partition_0024_Subset24.phy; Execution time: 0.083 minutes
 INFO  | 2017-11-15 CET 00:43:57 |   Processing complete for partition: original_partition_0025_Subset25.phy; Execution time: 0.067 minutes
 INFO  | 2017-11-15 CET 00:44:04 |   Processing complete for partition: original_partition_0026_Subset26.phy; Execution time: 0.117 minutes
 INFO  | 2017-11-15 CET 00:44:13 |   Processing complete for partition: original_partition_0027_Subset27.phy; Execution time: 0.150 minutes
 INFO  | 2017-11-15 CET 00:44:24 |   Processing complete for partition: original_partition_0028_Subset28.phy; Execution time: 0.183 minutes
 INFO  | 2017-11-15 CET 00:44:40 |   Processing complete for partition: original_partition_0029_Subset29.phy; Execution time: 0.267 minutes
 INFO  | 2017-11-15 CET 00:44:45 |   Processing complete for partition: original_partition_0030_Subset30.phy; Execution time: 0.083 minutes
 INFO  | 2017-11-15 CET 00:44:49 |   Processing complete for partition: original_partition_0031_Subset31.phy; Execution time: 0.067 minutes
 INFO  | 2017-11-15 CET 00:44:58 |   Processing complete for partition: original_partition_0032_Subset32.phy; Execution time: 0.150 minutes
 INFO  | 2017-11-15 CET 00:45:02 |   Processing complete for partition: original_partition_0033_Subset33.phy; Execution time: 0.067 minutes
 INFO  | 2017-11-15 CET 00:45:04 |   Processing complete for partition: original_partition_0034_Subset34.phy; Execution time: 0.033 minutes
 INFO  | 2017-11-15 CET 00:45:08 |   Processing complete for partition: original_partition_0035_Subset35.phy; Execution time: 0.067 minutes
 INFO  | 2017-11-15 CET 00:45:11 |   Processing complete for partition: original_partition_0036_Subset36.phy; Execution time: 0.050 minutes
 INFO  | 2017-11-15 CET 00:45:14 |   Processing complete for partition: original_partition_0037_Subset37.phy; Execution time: 0.050 minutes
 INFO  | 2017-11-15 CET 00:45:23 |   Processing complete for partition: original_partition_0038_Subset38.phy; Execution time: 0.150 minutes
 INFO  | 2017-11-15 CET 00:45:25 |   Processing complete for partition: original_partition_0039_Subset39.phy; Execution time: 0.033 minutes
 INFO  | 2017-11-15 CET 00:45:37 |   Processing complete for partition: original_partition_0040_Subset40.phy; Execution time: 0.200 minutes
 INFO  | 2017-11-15 CET 00:45:41 |   Processing complete for partition: original_partition_0041_Subset41.phy; Execution time: 0.067 minutes
 INFO  | 2017-11-15 CET 00:45:48 |   Processing complete for partition: original_partition_0042_Subset42.phy; Execution time: 0.117 minutes
 INFO  | 2017-11-15 CET 00:45:58 |   Processing complete for partition: original_partition_0043_Subset43.phy; Execution time: 0.167 minutes
 INFO  | 2017-11-15 CET 00:46:08 |   Processing complete for partition: original_partition_0044_Subset44.phy; Execution time: 0.167 minutes
 INFO  | 2017-11-15 CET 00:46:14 |   Processing complete for partition: original_partition_0045_Subset45.phy; Execution time: 0.100 minutes
 INFO  | 2017-11-15 CET 00:46:18 |   Processing complete for partition: original_partition_0046_Subset46.phy; Execution time: 0.067 minutes
 INFO  | 2017-11-15 CET 00:46:22 |   Processing complete for partition: original_partition_0047_Subset47.phy; Execution time: 0.067 minutes
 INFO  | 2017-11-15 CET 00:46:26 |   Processing complete for partition: original_partition_0048_Subset48.phy; Execution time: 0.067 minutes
 INFO  | 2017-11-15 CET 00:46:31 |   Processing complete for partition: original_partition_0049_Subset49.phy; Execution time: 0.083 minutes
 INFO  | 2017-11-15 CET 00:46:35 |   Processing complete for partition: original_partition_0050_Subset50.phy; Execution time: 0.067 minutes
 INFO  | 2017-11-15 CET 00:46:37 |   Processing complete for partition: original_partition_0051_Subset51.phy; Execution time: 0.033 minutes
 INFO  | 2017-11-15 CET 00:47:01 |   Processing complete for partition: original_partition_0052_Subset52.phy; Execution time: 0.400 minutes
 INFO  | 2017-11-15 CET 00:47:06 |   Processing complete for partition: original_partition_0053_Subset53.phy; Execution time: 0.083 minutes
 INFO  | 2017-11-15 CET 00:47:08 |   Processing complete for partition: original_partition_0054_Subset54.phy; Execution time: 0.033 minutes
 INFO  | 2017-11-15 CET 00:47:43 |   Processing complete for partition: original_partition_0055_Subset55.phy; Execution time: 0.567 minutes
 INFO  | 2017-11-15 CET 00:47:47 |   Processing complete for partition: original_partition_0056_Subset56.phy; Execution time: 0.067 minutes
 INFO  | 2017-11-15 CET 00:47:55 |   Processing complete for partition: original_partition_0057_Subset57.phy; Execution time: 0.133 minutes
 INFO  | 2017-11-15 CET 00:48:07 |   Processing complete for partition: original_partition_0058_Subset58.phy; Execution time: 0.200 minutes
 INFO  | 2017-11-15 CET 00:48:11 |   Processing complete for partition: original_partition_0059_Subset59.phy; Execution time: 0.067 minutes
 INFO  | 2017-11-15 CET 00:48:14 |   Processing complete for partition: original_partition_0060_Subset60.phy; Execution time: 0.050 minutes
 INFO  | 2017-11-15 CET 00:48:20 |   Processing complete for partition: original_partition_0061_Subset61.phy; Execution time: 0.100 minutes
 INFO  | 2017-11-15 CET 00:48:24 |   Processing complete for partition: original_partition_0062_Subset62.phy; Execution time: 0.067 minutes
 INFO  | 2017-11-15 CET 00:48:32 |   Processing complete for partition: original_partition_0063_Subset63.phy; Execution time: 0.133 minutes
 INFO  | 2017-11-15 CET 00:48:39 |   Processing complete for partition: original_partition_0064_Subset64.phy; Execution time: 0.117 minutes
 INFO  | 2017-11-15 CET 00:48:44 |   Processing complete for partition: original_partition_0065_Subset65.phy; Execution time: 0.083 minutes
 INFO  | 2017-11-15 CET 00:48:44 | Extracting information from partitionfinding / modeltesting results
 INFO  | 2017-11-15 CET 00:48:46 | Converting best-fit models to MrBayes lset-commands
 INFO  | 2017-11-15 CET 00:48:50 | Assembling output file
 INFO  | 2017-11-15 CET 00:48:52 | Cleaning up
 INFO  | 2017-11-15 CET 00:48:52 | Processing complete for file: /home/michael_science/git/michaelgruenstaeudl_partitNex2MrBayes/examples/01_input/Gruenstaeudl_etal_2017_partitionfinder_NEW.nex; Execution time: 8.250 minutes
