INFO     | 2017-11-15 02:11:42,050 | ------------- PartitionFinder 2.1.1 -----------------
INFO     | 2017-11-15 02:11:42,050 | You have Python version 2.7
INFO     | 2017-11-15 02:11:42,050 | Command-line arguments used: /home/michael_science/git/partitionfinder/PartitionFinder.py --raxml --quick --rcluster-max 10 Gruenstaeudl_etal_2017_partitionfinder_NEW_partitionfinder_userscheme_2017.11.15.0211_runFiles
INFO     | 2017-11-15 02:11:42,050 | ------------- Configuring Parameters -------------
INFO     | 2017-11-15 02:11:42,050 | Setting datatype to 'DNA'
INFO     | 2017-11-15 02:11:42,051 | Setting phylogeny program to 'raxml'
INFO     | 2017-11-15 02:11:42,051 | Program path is here /home/michael_science/git/partitionfinder/programs
INFO     | 2017-11-15 02:11:42,051 | Setting working folder to: '/home/michael_science/git/michaelgruenstaeudl_partitNex2MrBayes/examples/01_input/Gruenstaeudl_etal_2017_partitionfinder_NEW_partitionfinder_userscheme_2017.11.15.0211_runFiles'
INFO     | 2017-11-15 02:11:42,052 | Loading configuration at './partition_finder.cfg'
INFO     | 2017-11-15 02:11:42,057 | Setting 'alignment' to 'Gruenstaeudl_etal_2017_partitionfinder_NEW_PhylipFormatted'
INFO     | 2017-11-15 02:11:42,057 | Setting 'branchlengths' to 'linked'
INFO     | 2017-11-15 02:11:42,057 | You set 'models' to: mrbayes
INFO     | 2017-11-15 02:11:42,071 | This analysis will use the following 3 models of molecular evolution
INFO     | 2017-11-15 02:11:42,071 | GTR, GTR+G, GTR+I+G
INFO     | 2017-11-15 02:11:42,071 | Setting 'model_selection' to 'aic'
INFO     | 2017-11-15 02:11:42,120 | Setting 'search' to 'user'
INFO     | 2017-11-15 02:11:42,143 | ------------------------ BEGINNING NEW RUN -------------------------------
INFO     | 2017-11-15 02:11:42,143 | Looking for alignment file './Gruenstaeudl_etal_2017_partitionfinder_NEW_PhylipFormatted'...
INFO     | 2017-11-15 02:11:42,144 | Using 4 cpus
INFO     | 2017-11-15 02:11:42,144 | Beginning Analysis
INFO     | 2017-11-15 02:11:42,168 | Reading alignment file './Gruenstaeudl_etal_2017_partitionfinder_NEW_PhylipFormatted'
INFO     | 2017-11-15 02:11:42,206 | Starting tree will be estimated from the data.
INFO     | 2017-11-15 02:11:42,218 | Estimating Maximum Likelihood tree with RAxML fast experimental tree search for ./analysis/start_tree/filtered_source.phy
INFO     | 2017-11-15 02:11:42,220 | Using a separate GTR+G model for each data block
INFO     | 2017-11-15 02:21:29,238 | Estimating GTR+G branch lengths on ML tree using all partitions
INFO     | 2017-11-15 02:22:59,843 | ML topology estimation finished
INFO     | 2017-11-15 02:22:59,843 | Performing User analysis
INFO     | 2017-11-15 02:23:35,017 | Information on best scheme is here: ./analysis/best_scheme.txt
INFO     | 2017-11-15 02:23:35,029 | 
INFO     | 2017-11-15 02:23:35,029 | 
INFO     | 2017-11-15 02:23:35,029 | *Citations for this analysis*
INFO     | 2017-11-15 02:23:35,029 | -----------------------------
INFO     | 2017-11-15 02:23:35,029 | 
INFO     | 2017-11-15 02:23:35,030 | If you use this analysis in your published work, please cite the following papers on which your analysis relied.
INFO     | 2017-11-15 02:23:35,030 | 
INFO     | 2017-11-15 02:23:35,030 | For the version of PartitionFinder you used, please cite:
INFO     | 2017-11-15 02:23:35,030 | Lanfear, R., Frandsen, P. B., Wright, A. M., Senfeld, T., Calcott, B. (2016) PartitionFinder 2: new methods for selecting partitioned models of evolution formolecular and morphological phylogenetic analyses. Molecular biology and evolution. DOI: dx.doi.org/10.1093/molbev/msw260
INFO     | 2017-11-15 02:23:35,030 | 
INFO     | 2017-11-15 02:23:35,030 | For the user algorithm you used, please cite:
INFO     | 2017-11-15 02:23:35,030 | 
INFO     | 2017-11-15 02:23:35,030 | Your analysis also used RAxML, so please cite:
INFO     | 2017-11-15 02:23:35,031 | Stamatakis, A. (2014). RAxML version 8: a tool for phylogenetic analysis and post-analysis of large phylogenies. Bioinformatics, 30(9), 1312-1313.
INFO     | 2017-11-15 02:23:35,031 | 
INFO     | 2017-11-15 02:23:35,033 | Total processing time: 0:11:53 (h:m:s)
INFO     | 2017-11-15 02:23:35,033 | Processing complete.
