INFO     | 2017-10-27 20:22:49,788 | ------------- PartitionFinder 2.1.1 -----------------
INFO     | 2017-10-27 20:22:49,789 | You have Python version 2.7
INFO     | 2017-10-27 20:22:49,789 | Command-line arguments used: /home/michael_science/git/partitionfinder/PartitionFinder.py Faircloth_etal_2013_partitionfinder_2017.10.27.2021_runFiles
INFO     | 2017-10-27 20:22:49,789 | ------------- Configuring Parameters -------------
INFO     | 2017-10-27 20:22:49,789 | Setting datatype to 'DNA'
INFO     | 2017-10-27 20:22:49,789 | Setting phylogeny program to 'phyml'
INFO     | 2017-10-27 20:22:49,789 | Program path is here /home/michael_science/git/partitionfinder/programs
INFO     | 2017-10-27 20:22:49,790 | Setting working folder to: '/home/michael_science/git/michaelgruenstaeudl_partitNex2MrBayes/examples/01_input/Faircloth_etal_2013_partitionfinder_2017.10.27.2021_runFiles'
INFO     | 2017-10-27 20:22:49,790 | Loading configuration at './partition_finder.cfg'
INFO     | 2017-10-27 20:22:49,793 | Setting 'alignment' to 'Faircloth_etal_2013_PhylipFormatd'
INFO     | 2017-10-27 20:22:49,793 | Setting 'branchlengths' to 'linked'
INFO     | 2017-10-27 20:22:49,794 | You set 'models' to: mrbayes
INFO     | 2017-10-27 20:22:49,807 | This analysis will use the following 24 models of molecular evolution
INFO     | 2017-10-27 20:22:49,807 | JC, K80, SYM, F81, HKY, GTR, JC+G, K80+G, SYM+G, F81+G, HKY+G, GTR+G, JC+I, K80+I, SYM+I, F81+I, HKY+I, GTR+I, JC+I+G, K80+I+G, SYM+I+G, F81+I+G, HKY+I+G, GTR+I+G
INFO     | 2017-10-27 20:22:49,807 | Setting 'model_selection' to 'aic'
INFO     | 2017-10-27 20:22:49,972 | Setting 'search' to 'greedy'
INFO     | 2017-10-27 20:22:49,972 | ------------------------ BEGINNING NEW RUN -------------------------------
INFO     | 2017-10-27 20:22:49,972 | Looking for alignment file './Faircloth_etal_2013_PhylipFormatd'...
INFO     | 2017-10-27 20:22:49,973 | Using 4 cpus
INFO     | 2017-10-27 20:22:49,973 | Beginning Analysis
INFO     | 2017-10-27 20:22:50,003 | Reading alignment file './Faircloth_etal_2013_PhylipFormatd'
INFO     | 2017-10-27 20:22:50,073 | Starting tree will be estimated from the data.
INFO     | 2017-10-27 20:22:50,093 | Estimating Maximum Likelihood tree with RAxML fast experimental tree search for ./analysis/start_tree/filtered_source.phy
INFO     | 2017-10-27 20:22:50,097 | Using a separate GTR+G model for each data block
ERROR    | 2017-10-30 10:03:04,442 | User interrupted the Program
