 INFO  | 2017-10-26 CEST 16:06:20 | Evaluating system, bash shell and script execution
 INFO  | 2017-10-26 CEST 16:06:20 |   System info: Linux 4.13.4-1-ARCH, proc: unknown, arch: x86_64, numcores: 4
 INFO  | 2017-10-26 CEST 16:06:20 |   Bash info: GNU bash, version 4.4.12(1)-release (x86_64-unknown-linux-gnu)
 INFO  | 2017-10-26 CEST 16:06:20 |   Command used: partitNex2MrBayes_2017.10.26.1100.sh -f /home/michael_science/git/michaelgruenstaeudl_partitNex2MrBayes/examples/01_input/Faircloth_etal_2013.nex -c /home/michael_science/git/michaelgruenstaeudl_partitNex2MrBayes/partitNex2MrBayes.cfg -t sms -b /home/michael_science/git/sms-1.8.1/sms.sh -o /home/michael_science/git/michaelgruenstaeudl_partitNex2MrBayes/examples/01_input/Faircloth_etal_2013_sms_2017.10.26.1606.mrbayes -v -k
 INFO  | 2017-10-26 CEST 16:06:20 | Checking infiles
 INFO  | 2017-10-26 CEST 16:06:20 |   Type of Modeltesting selected: sms
 INFO  | 2017-10-26 CEST 16:06:20 | Re-formatting input NEXUS file
 INFO  | 2017-10-26 CEST 16:06:21 | Splitting NEXUS file into blocks
 INFO  | 2017-10-26 CEST 16:06:21 | Confirming that partitions do not overlap
 INFO  | 2017-10-26 CEST 16:06:21 | Ensuring that partitions form a continuous range
 INFO  | 2017-10-26 CEST 16:06:21 | Splitting matrix into partitions
 INFO  | 2017-10-26 CEST 16:07:10 | Preparing files for modeltesting
 INFO  | 2017-10-26 CEST 16:07:17 | Conducting modeltesting via: sms
 INFO  | 2017-10-26 CEST 16:07:40 |   Processing complete for partition: partition_001_10166_orylat2_chr13_13519567_13519747.phy; Execution time: 0.383 minutes
 INFO  | 2017-10-26 CEST 16:07:42 |   Processing complete for partition: partition_002_10231_orylat2_chr13_14145234_14145414.phy; Execution time: 0.033 minutes
 INFO  | 2017-10-26 CEST 16:07:50 |   Processing complete for partition: partition_003_10259_orylat2_chr13_14195639_14195819.phy; Execution time: 0.133 minutes
 INFO  | 2017-10-26 CEST 16:07:53 |   Processing complete for partition: partition_004_10268_orylat2_chr13_14227519_14227698.phy; Execution time: 0.050 minutes
 INFO  | 2017-10-26 CEST 16:08:11 |   Processing complete for partition: partition_005_10335_orylat2_chr13_14726871_14727126.phy; Execution time: 0.283 minutes
 INFO  | 2017-10-26 CEST 16:08:25 |   Processing complete for partition: partition_006_10349_orylat2_chr13_14747605_14747785.phy; Execution time: 0.233 minutes
 INFO  | 2017-10-26 CEST 16:08:34 |   Processing complete for partition: partition_007_10434_orylat2_chr13_14895221_14895401.phy; Execution time: 0.150 minutes
 INFO  | 2017-10-26 CEST 16:08:40 |   Processing complete for partition: partition_008_10604_orylat2_chr13_17393231_17393411.phy; Execution time: 0.100 minutes
 INFO  | 2017-10-26 CEST 16:08:48 |   Processing complete for partition: partition_009_10878_orylat2_chr13_22551206_22551385.phy; Execution time: 0.133 minutes
 INFO  | 2017-10-26 CEST 16:09:08 |   Processing complete for partition: partition_010_1094_orylat2_chr1_19834700_19834880.phy; Execution time: 0.333 minutes
 INFO  | 2017-10-26 CEST 16:09:22 |   Processing complete for partition: partition_011_11496_orylat2_chr13_30990773_30990952.phy; Execution time: 0.233 minutes
 INFO  | 2017-10-26 CEST 16:09:32 |   Processing complete for partition: partition_012_11838_orylat2_chr14_7626836_7627016.phy; Execution time: 0.167 minutes
 INFO  | 2017-10-26 CEST 16:10:02 |   Processing complete for partition: partition_013_1199_orylat2_chr1_20869179_20869358.phy; Execution time: 0.500 minutes
 INFO  | 2017-10-26 CEST 16:10:07 |   Processing complete for partition: partition_014_12247_orylat2_chr14_13870742_13870922.phy; Execution time: 0.067 minutes
 INFO  | 2017-10-26 CEST 16:10:16 |   Processing complete for partition: partition_015_12343_orylat2_chr14_14326976_14327156.phy; Execution time: 0.150 minutes
 INFO  | 2017-10-26 CEST 16:10:28 |   Processing complete for partition: partition_016_12379_orylat2_chr14_14534981_14535161.phy; Execution time: 0.200 minutes
 INFO  | 2017-10-26 CEST 16:10:30 |   Processing complete for partition: partition_017_12390_orylat2_chr14_14557181_14557360.phy; Execution time: 0.033 minutes
 INFO  | 2017-10-26 CEST 16:10:33 |   Processing complete for partition: partition_018_12746_orylat2_chr14_17526526_17526706.phy; Execution time: 0.050 minutes
 INFO  | 2017-10-26 CEST 16:10:40 |   Processing complete for partition: partition_019_12935_orylat2_chr14_18807458_18807637.phy; Execution time: 0.117 minutes
 INFO  | 2017-10-26 CEST 16:10:54 |   Processing complete for partition: partition_020_12961_orylat2_chr14_19155633_19155813.phy; Execution time: 0.233 minutes
 INFO  | 2017-10-26 CEST 16:11:12 |   Processing complete for partition: partition_021_13009_orylat2_chr14_19750656_19750836.phy; Execution time: 0.300 minutes
 INFO  | 2017-10-26 CEST 16:11:25 |   Processing complete for partition: partition_022_13051_orylat2_chr14_20184243_20184422.phy; Execution time: 0.217 minutes
 INFO  | 2017-10-26 CEST 16:11:45 |   Processing complete for partition: partition_023_13188_orylat2_chr14_22050940_22051120.phy; Execution time: 0.333 minutes
 INFO  | 2017-10-26 CEST 16:11:47 |   Processing complete for partition: partition_024_1320_orylat2_chr1_21206085_21206265.phy; Execution time: 0.033 minutes
 INFO  | 2017-10-26 CEST 16:11:54 |   Processing complete for partition: partition_025_13342_orylat2_chr14_23205263_23205442.phy; Execution time: 0.117 minutes
 INFO  | 2017-10-26 CEST 16:11:56 |   Processing complete for partition: partition_026_13534_orylat2_chr14_29182490_29182669.phy; Execution time: 0.033 minutes
 INFO  | 2017-10-26 CEST 16:12:00 |   Processing complete for partition: partition_027_13680_orylat2_chr14_31599989_31600168.phy; Execution time: 0.067 minutes
 INFO  | 2017-10-26 CEST 16:12:05 |   Processing complete for partition: partition_028_13793_orylat2_chr15_666103_666283.phy; Execution time: 0.083 minutes
 INFO  | 2017-10-26 CEST 16:12:09 |   Processing complete for partition: partition_029_14043_orylat2_chr15_6948623_6948802.phy; Execution time: 0.067 minutes
 INFO  | 2017-10-26 CEST 16:12:14 |   Processing complete for partition: partition_030_14059_orylat2_chr15_7038351_7038531.phy; Execution time: 0.083 minutes
 INFO  | 2017-10-26 CEST 16:12:19 |   Processing complete for partition: partition_031_14069_orylat2_chr15_7082580_7082760.phy; Execution time: 0.083 minutes
 INFO  | 2017-10-26 CEST 16:12:22 |   Processing complete for partition: partition_032_14082_orylat2_chr15_7109080_7109260.phy; Execution time: 0.050 minutes
 INFO  | 2017-10-26 CEST 16:12:31 |   Processing complete for partition: partition_033_14102_orylat2_chr15_7228146_7228326.phy; Execution time: 0.150 minutes
 INFO  | 2017-10-26 CEST 16:12:41 |   Processing complete for partition: partition_034_14474_orylat2_chr15_15451078_15451257.phy; Execution time: 0.167 minutes
 INFO  | 2017-10-26 CEST 16:12:54 |   Processing complete for partition: partition_035_14496_orylat2_chr15_15501467_15501684.phy; Execution time: 0.217 minutes
 INFO  | 2017-10-26 CEST 16:12:56 |   Processing complete for partition: partition_036_1451_orylat2_chr1_22165507_22165687.phy; Execution time: 0.033 minutes
 INFO  | 2017-10-26 CEST 16:13:06 |   Processing complete for partition: partition_037_14657_orylat2_chr15_16152161_16152341.phy; Execution time: 0.167 minutes
 INFO  | 2017-10-26 CEST 16:13:10 |   Processing complete for partition: partition_038_14660_orylat2_chr15_16153206_16153386.phy; Execution time: 0.067 minutes
 INFO  | 2017-10-26 CEST 16:13:18 |   Processing complete for partition: partition_039_14880_orylat2_chr15_18108657_18108836.phy; Execution time: 0.133 minutes
 INFO  | 2017-10-26 CEST 16:13:24 |   Processing complete for partition: partition_040_14972_orylat2_chr15_18206751_18206930.phy; Execution time: 0.100 minutes
 INFO  | 2017-10-26 CEST 16:13:28 |   Processing complete for partition: partition_041_1521_orylat2_chr1_22306305_22306484.phy; Execution time: 0.067 minutes
 INFO  | 2017-10-26 CEST 16:13:40 |   Processing complete for partition: partition_042_15263_orylat2_chr15_18813667_18813846.phy; Execution time: 0.200 minutes
 INFO  | 2017-10-26 CEST 16:13:49 |   Processing complete for partition: partition_043_15364_orylat2_chr15_18842497_18842676.phy; Execution time: 0.150 minutes
 INFO  | 2017-10-26 CEST 16:13:52 |   Processing complete for partition: partition_044_15406_orylat2_chr15_18850151_18850331.phy; Execution time: 0.050 minutes
 INFO  | 2017-10-26 CEST 16:14:02 |   Processing complete for partition: partition_045_15475_orylat2_chr15_18870348_18870528.phy; Execution time: 0.167 minutes
 INFO  | 2017-10-26 CEST 16:14:11 |   Processing complete for partition: partition_046_15502_orylat2_chr15_18875741_18875936.phy; Execution time: 0.150 minutes
 INFO  | 2017-10-26 CEST 16:14:16 |   Processing complete for partition: partition_047_1556_orylat2_chr1_22390418_22390598.phy; Execution time: 0.083 minutes
 INFO  | 2017-10-26 CEST 16:14:25 |   Processing complete for partition: partition_048_15613_orylat2_chr15_18905615_18905794.phy; Execution time: 0.150 minutes
 INFO  | 2017-10-26 CEST 16:14:36 |   Processing complete for partition: partition_049_15703_orylat2_chr15_19419800_19419980.phy; Execution time: 0.183 minutes
 INFO  | 2017-10-26 CEST 16:14:40 |   Processing complete for partition: partition_050_15812_orylat2_chr15_20169029_20169209.phy; Execution time: 0.067 minutes
 INFO  | 2017-10-26 CEST 16:14:50 |   Processing complete for partition: partition_051_15831_orylat2_chr15_20209844_20210024.phy; Execution time: 0.167 minutes
 INFO  | 2017-10-26 CEST 16:14:56 |   Processing complete for partition: partition_052_15931_orylat2_chr15_20351721_20351900.phy; Execution time: 0.100 minutes
 INFO  | 2017-10-26 CEST 16:15:00 |   Processing complete for partition: partition_053_1607_orylat2_chr1_22461490_22461669.phy; Execution time: 0.067 minutes
 INFO  | 2017-10-26 CEST 16:15:07 |   Processing complete for partition: partition_054_1613_orylat2_chr1_22480953_22481133.phy; Execution time: 0.117 minutes
 INFO  | 2017-10-26 CEST 16:15:09 |   Processing complete for partition: partition_055_16368_orylat2_chr15_22258021_22258200.phy; Execution time: 0.033 minutes
 INFO  | 2017-10-26 CEST 16:15:14 |   Processing complete for partition: partition_056_16460_orylat2_chr15_22991304_22991483.phy; Execution time: 0.083 minutes
 INFO  | 2017-10-26 CEST 16:15:24 |   Processing complete for partition: partition_057_16494_orylat2_chr15_23044589_23044768.phy; Execution time: 0.167 minutes
 INFO  | 2017-10-26 CEST 16:15:35 |   Processing complete for partition: partition_058_16582_orylat2_chr15_24067400_24067580.phy; Execution time: 0.183 minutes
 INFO  | 2017-10-26 CEST 16:15:39 |   Processing complete for partition: partition_059_16614_orylat2_chr15_24313101_24313281.phy; Execution time: 0.067 minutes
 INFO  | 2017-10-26 CEST 16:15:42 |   Processing complete for partition: partition_060_16775_orylat2_chr15_25858000_25858180.phy; Execution time: 0.050 minutes
 INFO  | 2017-10-26 CEST 16:15:50 |   Processing complete for partition: partition_061_16905_orylat2_chr15_27216565_27216744.phy; Execution time: 0.133 minutes
 INFO  | 2017-10-26 CEST 16:15:53 |   Processing complete for partition: partition_062_17228_orylat2_chr15_29702338_29702518.phy; Execution time: 0.050 minutes
 INFO  | 2017-10-26 CEST 16:15:55 |   Processing complete for partition: partition_063_17230_orylat2_chr15_29720391_29720571.phy; Execution time: 0.033 minutes
 INFO  | 2017-10-26 CEST 16:16:01 |   Processing complete for partition: partition_064_17305_orylat2_chr16_594861_595040.phy; Execution time: 0.100 minutes
 INFO  | 2017-10-26 CEST 16:16:06 |   Processing complete for partition: partition_065_17421_orylat2_chr16_998887_999066.phy; Execution time: 0.083 minutes
 INFO  | 2017-10-26 CEST 16:16:12 |   Processing complete for partition: partition_066_17424_orylat2_chr16_1035320_1035500.phy; Execution time: 0.100 minutes
 INFO  | 2017-10-26 CEST 16:16:32 |   Processing complete for partition: partition_067_17450_orylat2_chr16_1092477_1092656.phy; Execution time: 0.333 minutes
 INFO  | 2017-10-26 CEST 16:16:43 |   Processing complete for partition: partition_068_17466_orylat2_chr16_1253758_1253937.phy; Execution time: 0.183 minutes
 INFO  | 2017-10-26 CEST 16:16:52 |   Processing complete for partition: partition_069_17557_orylat2_chr16_2216748_2216928.phy; Execution time: 0.150 minutes
 INFO  | 2017-10-26 CEST 16:17:22 |   Processing complete for partition: partition_070_17614_orylat2_chr16_2929627_2929806.phy; Execution time: 0.500 minutes
 INFO  | 2017-10-26 CEST 16:17:24 |   Processing complete for partition: partition_071_17684_orylat2_chr16_2999296_2999475.phy; Execution time: 0.033 minutes
 INFO  | 2017-10-26 CEST 16:17:28 |   Processing complete for partition: partition_072_17695_orylat2_chr16_3007646_3007826.phy; Execution time: 0.067 minutes
 INFO  | 2017-10-26 CEST 16:17:53 |   Processing complete for partition: partition_073_17729_orylat2_chr16_3025875_3026055.phy; Execution time: 0.417 minutes
 INFO  | 2017-10-26 CEST 16:17:56 |   Processing complete for partition: partition_074_17763_orylat2_chr16_3062287_3062466.phy; Execution time: 0.050 minutes
 INFO  | 2017-10-26 CEST 16:17:58 |   Processing complete for partition: partition_075_17869_orylat2_chr16_5174650_5174830.phy; Execution time: 0.033 minutes
 INFO  | 2017-10-26 CEST 16:18:08 |   Processing complete for partition: partition_076_18131_orylat2_chr16_8737432_8737611.phy; Execution time: 0.167 minutes
 INFO  | 2017-10-26 CEST 16:18:10 |   Processing complete for partition: partition_077_18240_orylat2_chr16_8912606_8912785.phy; Execution time: 0.033 minutes
 INFO  | 2017-10-26 CEST 16:18:21 |   Processing complete for partition: partition_078_18270_orylat2_chr16_8951179_8951358.phy; Execution time: 0.183 minutes
 INFO  | 2017-10-26 CEST 16:18:28 |   Processing complete for partition: partition_079_19396_orylat2_chr16_18498888_18499068.phy; Execution time: 0.117 minutes
 INFO  | 2017-10-26 CEST 16:18:33 |   Processing complete for partition: partition_080_19564_orylat2_chr16_21073470_21073650.phy; Execution time: 0.083 minutes
 INFO  | 2017-10-26 CEST 16:18:56 |   Processing complete for partition: partition_081_19592_orylat2_chr16_21174511_21174690.phy; Execution time: 0.383 minutes
 INFO  | 2017-10-26 CEST 16:18:59 |   Processing complete for partition: partition_082_19796_orylat2_chr16_25349518_25349698.phy; Execution time: 0.050 minutes
 INFO  | 2017-10-26 CEST 16:19:15 |   Processing complete for partition: partition_083_19842_orylat2_chr16_26336373_26336552.phy; Execution time: 0.267 minutes
 INFO  | 2017-10-26 CEST 16:19:21 |   Processing complete for partition: partition_084_20115_orylat2_chr16_28692769_28692948.phy; Execution time: 0.100 minutes
 INFO  | 2017-10-26 CEST 16:19:53 |   Processing complete for partition: partition_085_20333_orylat2_chr17_4219689_4219868.phy; Execution time: 0.533 minutes
 INFO  | 2017-10-26 CEST 16:20:04 |   Processing complete for partition: partition_086_20373_orylat2_chr17_4419583_4419762.phy; Execution time: 0.183 minutes
 INFO  | 2017-10-26 CEST 16:20:09 |   Processing complete for partition: partition_087_21338_orylat2_chr17_20504980_20505159.phy; Execution time: 0.083 minutes
 INFO  | 2017-10-26 CEST 16:20:13 |   Processing complete for partition: partition_088_21398_orylat2_chr17_21492610_21492790.phy; Execution time: 0.067 minutes
 INFO  | 2017-10-26 CEST 16:20:18 |   Processing complete for partition: partition_089_21914_orylat2_chr17_25795188_25795368.phy; Execution time: 0.083 minutes
 INFO  | 2017-10-26 CEST 16:20:23 |   Processing complete for partition: partition_090_21928_orylat2_chr17_25811503_25811682.phy; Execution time: 0.083 minutes
 INFO  | 2017-10-26 CEST 16:20:40 |   Processing complete for partition: partition_091_22073_orylat2_chr17_26362394_26362573.phy; Execution time: 0.283 minutes
 INFO  | 2017-10-26 CEST 16:20:51 |   Processing complete for partition: partition_092_22099_orylat2_chr17_26374686_26374904.phy; Execution time: 0.183 minutes
 INFO  | 2017-10-26 CEST 16:20:57 |   Processing complete for partition: partition_093_22459_orylat2_chr17_28292288_28292468.phy; Execution time: 0.100 minutes
 INFO  | 2017-10-26 CEST 16:21:06 |   Processing complete for partition: partition_094_22466_orylat2_chr17_28294578_28294757.phy; Execution time: 0.150 minutes
 INFO  | 2017-10-26 CEST 16:21:17 |   Processing complete for partition: partition_095_22482_orylat2_chr17_28327362_28327541.phy; Execution time: 0.183 minutes
 INFO  | 2017-10-26 CEST 16:21:20 |   Processing complete for partition: partition_096_22542_orylat2_chr17_28477535_28477714.phy; Execution time: 0.050 minutes
 INFO  | 2017-10-26 CEST 16:21:22 |   Processing complete for partition: partition_097_22557_orylat2_chr17_28493527_28493707.phy; Execution time: 0.033 minutes
 INFO  | 2017-10-26 CEST 16:21:28 |   Processing complete for partition: partition_098_22617_orylat2_chr17_28827269_28827448.phy; Execution time: 0.100 minutes
 INFO  | 2017-10-26 CEST 16:21:58 |   Processing complete for partition: partition_099_23196_orylat2_chr18_9386976_9387156.phy; Execution time: 0.500 minutes
 INFO  | 2017-10-26 CEST 16:22:12 |   Processing complete for partition: partition_100_23333_orylat2_chr18_10223841_10224021.phy; Execution time: 0.233 minutes
 INFO  | 2017-10-26 CEST 16:22:15 |   Processing complete for partition: partition_101_23439_orylat2_chr18_10861527_10861706.phy; Execution time: 0.050 minutes
 INFO  | 2017-10-26 CEST 16:22:35 |   Processing complete for partition: partition_102_24653_orylat2_chr19_8255095_8255274.phy; Execution time: 0.333 minutes
 INFO  | 2017-10-26 CEST 16:22:54 |   Processing complete for partition: partition_103_24740_orylat2_chr19_8765368_8765547.phy; Execution time: 0.317 minutes
 INFO  | 2017-10-26 CEST 16:22:58 |   Processing complete for partition: partition_104_24999_orylat2_chr19_9348234_9348414.phy; Execution time: 0.067 minutes
 INFO  | 2017-10-26 CEST 16:23:02 |   Processing complete for partition: partition_105_25240_orylat2_chr19_10206651_10206830.phy; Execution time: 0.067 minutes
 INFO  | 2017-10-26 CEST 16:23:05 |   Processing complete for partition: partition_106_25712_orylat2_chr19_17393180_17393359.phy; Execution time: 0.050 minutes
 INFO  | 2017-10-26 CEST 16:23:13 |   Processing complete for partition: partition_107_26033_orylat2_chr2_5354297_5354476.phy; Execution time: 0.133 minutes
 INFO  | 2017-10-26 CEST 16:23:16 |   Processing complete for partition: partition_108_26468_orylat2_chr2_20744345_20744524.phy; Execution time: 0.050 minutes
 INFO  | 2017-10-26 CEST 16:23:25 |   Processing complete for partition: partition_109_27645_orylat2_chr20_10534979_10535158.phy; Execution time: 0.150 minutes
 INFO  | 2017-10-26 CEST 16:23:26 |   Processing complete for partition: partition_110_2775_orylat2_chr10_5723437_5723616.phy; Execution time: 0.017 minutes
 INFO  | 2017-10-26 CEST 16:23:31 |   Processing complete for partition: partition_111_27901_orylat2_chr20_11011349_11011528.phy; Execution time: 0.083 minutes
 INFO  | 2017-10-26 CEST 16:23:33 |   Processing complete for partition: partition_112_27931_orylat2_chr20_11066287_11066466.phy; Execution time: 0.033 minutes
 INFO  | 2017-10-26 CEST 16:23:36 |   Processing complete for partition: partition_113_28115_orylat2_chr20_11834906_11835085.phy; Execution time: 0.050 minutes
 INFO  | 2017-10-26 CEST 16:23:40 |   Processing complete for partition: partition_114_28133_orylat2_chr20_11859433_11859612.phy; Execution time: 0.067 minutes
 INFO  | 2017-10-26 CEST 16:23:50 |   Processing complete for partition: partition_115_28145_orylat2_chr20_11870277_11870456.phy; Execution time: 0.167 minutes
 INFO  | 2017-10-26 CEST 16:23:53 |   Processing complete for partition: partition_116_28151_orylat2_chr20_11876516_11876695.phy; Execution time: 0.050 minutes
 INFO  | 2017-10-26 CEST 16:23:56 |   Processing complete for partition: partition_117_28156_orylat2_chr20_11883165_11883345.phy; Execution time: 0.050 minutes
 INFO  | 2017-10-26 CEST 16:24:00 |   Processing complete for partition: partition_118_28350_orylat2_chr20_12047376_12047556.phy; Execution time: 0.067 minutes
 INFO  | 2017-10-26 CEST 16:24:12 |   Processing complete for partition: partition_119_28407_orylat2_chr20_12253203_12253383.phy; Execution time: 0.200 minutes
 INFO  | 2017-10-26 CEST 16:24:20 |   Processing complete for partition: partition_120_28648_orylat2_chr20_14608628_14608808.phy; Execution time: 0.133 minutes
 INFO  | 2017-10-26 CEST 16:24:24 |   Processing complete for partition: partition_121_28658_orylat2_chr20_14628555_14628734.phy; Execution time: 0.067 minutes
 INFO  | 2017-10-26 CEST 16:24:33 |   Processing complete for partition: partition_122_28686_orylat2_chr20_14713018_14713197.phy; Execution time: 0.150 minutes
 INFO  | 2017-10-26 CEST 16:24:36 |   Processing complete for partition: partition_123_2875_orylat2_chr10_6737149_6737329.phy; Execution time: 0.050 minutes
 INFO  | 2017-10-26 CEST 16:24:39 |   Processing complete for partition: partition_124_28783_orylat2_chr20_15373436_15373616.phy; Execution time: 0.050 minutes
 INFO  | 2017-10-26 CEST 16:24:52 |   Processing complete for partition: partition_125_28851_orylat2_chr20_15461094_15461274.phy; Execution time: 0.217 minutes
 INFO  | 2017-10-26 CEST 16:25:00 |   Processing complete for partition: partition_126_29007_orylat2_chr20_16712802_16712981.phy; Execution time: 0.133 minutes
 INFO  | 2017-10-26 CEST 16:25:07 |   Processing complete for partition: partition_127_29060_orylat2_chr20_16776517_16776697.phy; Execution time: 0.117 minutes
 INFO  | 2017-10-26 CEST 16:25:12 |   Processing complete for partition: partition_128_29063_orylat2_chr20_16776879_16777058.phy; Execution time: 0.083 minutes
 INFO  | 2017-10-26 CEST 16:25:37 |   Processing complete for partition: partition_129_29083_orylat2_chr20_16794072_16794251.phy; Execution time: 0.417 minutes
 INFO  | 2017-10-26 CEST 16:25:41 |   Processing complete for partition: partition_130_2915_orylat2_chr10_6796398_6796578.phy; Execution time: 0.067 minutes
 INFO  | 2017-10-26 CEST 16:25:47 |   Processing complete for partition: partition_131_29191_orylat2_chr20_17683326_17683505.phy; Execution time: 0.100 minutes
 INFO  | 2017-10-26 CEST 16:25:58 |   Processing complete for partition: partition_132_29277_orylat2_chr20_17879145_17879324.phy; Execution time: 0.183 minutes
 INFO  | 2017-10-26 CEST 16:26:02 |   Processing complete for partition: partition_133_29398_orylat2_chr20_19110428_19110608.phy; Execution time: 0.067 minutes
 INFO  | 2017-10-26 CEST 16:26:18 |   Processing complete for partition: partition_134_29451_orylat2_chr20_19229416_19229596.phy; Execution time: 0.267 minutes
 INFO  | 2017-10-26 CEST 16:26:22 |   Processing complete for partition: partition_135_29510_orylat2_chr20_19834163_19834343.phy; Execution time: 0.067 minutes
 INFO  | 2017-10-26 CEST 16:26:36 |   Processing complete for partition: partition_136_29564_orylat2_chr20_20093226_20093405.phy; Execution time: 0.233 minutes
 INFO  | 2017-10-26 CEST 16:26:42 |   Processing complete for partition: partition_137_30022_orylat2_chr21_8285523_8285703.phy; Execution time: 0.100 minutes
 INFO  | 2017-10-26 CEST 16:26:49 |   Processing complete for partition: partition_138_30070_orylat2_chr21_8485816_8485995.phy; Execution time: 0.117 minutes
 INFO  | 2017-10-26 CEST 16:26:58 |   Processing complete for partition: partition_139_30074_orylat2_chr21_8507317_8507496.phy; Execution time: 0.150 minutes
 INFO  | 2017-10-26 CEST 16:27:24 |   Processing complete for partition: partition_140_30113_orylat2_chr21_8630533_8630712.phy; Execution time: 0.433 minutes
 INFO  | 2017-10-26 CEST 16:27:49 |   Processing complete for partition: partition_141_30255_orylat2_chr21_9252483_9252663.phy; Execution time: 0.417 minutes
 INFO  | 2017-10-26 CEST 16:27:56 |   Processing complete for partition: partition_142_30261_orylat2_chr21_9274482_9274662.phy; Execution time: 0.117 minutes
 INFO  | 2017-10-26 CEST 16:28:02 |   Processing complete for partition: partition_143_30268_orylat2_chr21_9305599_9305779.phy; Execution time: 0.100 minutes
 INFO  | 2017-10-26 CEST 16:28:12 |   Processing complete for partition: partition_144_30297_orylat2_chr21_9406163_9406343.phy; Execution time: 0.167 minutes
 INFO  | 2017-10-26 CEST 16:28:23 |   Processing complete for partition: partition_145_30309_orylat2_chr21_9426665_9426844.phy; Execution time: 0.183 minutes
 INFO  | 2017-10-26 CEST 16:28:36 |   Processing complete for partition: partition_146_30325_orylat2_chr21_9456497_9456676.phy; Execution time: 0.217 minutes
 INFO  | 2017-10-26 CEST 16:28:51 |   Processing complete for partition: partition_147_30337_orylat2_chr21_9465044_9465224.phy; Execution time: 0.250 minutes
 INFO  | 2017-10-26 CEST 16:28:54 |   Processing complete for partition: partition_148_30345_orylat2_chr21_9470767_9470978.phy; Execution time: 0.050 minutes
 INFO  | 2017-10-26 CEST 16:29:05 |   Processing complete for partition: partition_149_30375_orylat2_chr21_9498872_9499066.phy; Execution time: 0.183 minutes
 INFO  | 2017-10-26 CEST 16:29:07 |   Processing complete for partition: partition_150_3037_orylat2_chr10_7436728_7436908.phy; Execution time: 0.033 minutes
 INFO  | 2017-10-26 CEST 16:29:19 |   Processing complete for partition: partition_151_30405_orylat2_chr21_9535218_9535398.phy; Execution time: 0.200 minutes
 INFO  | 2017-10-26 CEST 16:29:25 |   Processing complete for partition: partition_152_30446_orylat2_chr21_9577142_9577321.phy; Execution time: 0.100 minutes
 INFO  | 2017-10-26 CEST 16:29:29 |   Processing complete for partition: partition_153_3082_orylat2_chr10_8058351_8058530.phy; Execution time: 0.067 minutes
 INFO  | 2017-10-26 CEST 16:29:48 |   Processing complete for partition: partition_154_30952_orylat2_chr21_20032298_20032478.phy; Execution time: 0.317 minutes
 INFO  | 2017-10-26 CEST 16:29:57 |   Processing complete for partition: partition_155_31232_orylat2_chr21_22583309_22583489.phy; Execution time: 0.150 minutes
 INFO  | 2017-10-26 CEST 16:30:47 |   Processing complete for partition: partition_156_31312_orylat2_chr21_22632766_22632945.phy; Execution time: 0.833 minutes
 INFO  | 2017-10-26 CEST 16:30:54 |   Processing complete for partition: partition_157_31320_orylat2_chr21_22643255_22643434.phy; Execution time: 0.117 minutes
 INFO  | 2017-10-26 CEST 16:30:59 |   Processing complete for partition: partition_158_31353_orylat2_chr21_23054326_23054505.phy; Execution time: 0.083 minutes
 INFO  | 2017-10-26 CEST 16:31:04 |   Processing complete for partition: partition_159_31365_orylat2_chr21_23062388_23062568.phy; Execution time: 0.083 minutes
 INFO  | 2017-10-26 CEST 16:31:21 |   Processing complete for partition: partition_160_31383_orylat2_chr21_23073386_23073565.phy; Execution time: 0.283 minutes
 INFO  | 2017-10-26 CEST 16:31:29 |   Processing complete for partition: partition_161_3145_orylat2_chr10_9250916_9251095.phy; Execution time: 0.133 minutes
 INFO  | 2017-10-26 CEST 16:31:33 |   Processing complete for partition: partition_162_31498_orylat2_chr21_23891641_23891879.phy; Execution time: 0.067 minutes
 INFO  | 2017-10-26 CEST 16:31:41 |   Processing complete for partition: partition_163_31502_orylat2_chr21_23902474_23902654.phy; Execution time: 0.133 minutes
 INFO  | 2017-10-26 CEST 16:31:49 |   Processing complete for partition: partition_164_31506_orylat2_chr21_23905898_23906078.phy; Execution time: 0.133 minutes
 INFO  | 2017-10-26 CEST 16:31:54 |   Processing complete for partition: partition_165_3152_orylat2_chr10_9288729_9288908.phy; Execution time: 0.083 minutes
 INFO  | 2017-10-26 CEST 16:32:00 |   Processing complete for partition: partition_166_31637_orylat2_chr21_24236702_24236881.phy; Execution time: 0.100 minutes
 INFO  | 2017-10-26 CEST 16:32:10 |   Processing complete for partition: partition_167_31678_orylat2_chr21_24287040_24287219.phy; Execution time: 0.167 minutes
 INFO  | 2017-10-26 CEST 16:32:15 |   Processing complete for partition: partition_168_31747_orylat2_chr21_24427779_24427959.phy; Execution time: 0.083 minutes
 INFO  | 2017-10-26 CEST 16:32:28 |   Processing complete for partition: partition_169_31753_orylat2_chr21_24442223_24442402.phy; Execution time: 0.217 minutes
 INFO  | 2017-10-26 CEST 16:32:32 |   Processing complete for partition: partition_170_31790_orylat2_chr21_24470252_24470432.phy; Execution time: 0.067 minutes
 INFO  | 2017-10-26 CEST 16:32:47 |   Processing complete for partition: partition_171_31837_orylat2_chr21_24496180_24496360.phy; Execution time: 0.250 minutes
 INFO  | 2017-10-26 CEST 16:33:01 |   Processing complete for partition: partition_172_31882_orylat2_chr21_24515571_24515751.phy; Execution time: 0.233 minutes
 INFO  | 2017-10-26 CEST 16:33:09 |   Processing complete for partition: partition_173_31892_orylat2_chr21_24532211_24532391.phy; Execution time: 0.133 minutes
 INFO  | 2017-10-26 CEST 16:33:32 |   Processing complete for partition: partition_174_31907_orylat2_chr21_24592457_24592637.phy; Execution time: 0.383 minutes
 INFO  | 2017-10-26 CEST 16:33:36 |   Processing complete for partition: partition_175_31989_orylat2_chr21_24739156_24739335.phy; Execution time: 0.067 minutes
 INFO  | 2017-10-26 CEST 16:33:43 |   Processing complete for partition: partition_176_32115_orylat2_chr21_25482129_25482309.phy; Execution time: 0.117 minutes
 INFO  | 2017-10-26 CEST 16:33:45 |   Processing complete for partition: partition_177_32404_orylat2_chr21_28909217_28909397.phy; Execution time: 0.033 minutes
 INFO  | 2017-10-26 CEST 16:33:50 |   Processing complete for partition: partition_178_32527_orylat2_chr21_31744814_31744993.phy; Execution time: 0.083 minutes
 INFO  | 2017-10-26 CEST 16:33:54 |   Processing complete for partition: partition_179_33068_orylat2_chr22_5778212_5778392.phy; Execution time: 0.067 minutes
 INFO  | 2017-10-26 CEST 16:34:02 |   Processing complete for partition: partition_180_33346_orylat2_chr22_6795220_6795400.phy; Execution time: 0.133 minutes
 INFO  | 2017-10-26 CEST 16:34:08 |   Processing complete for partition: partition_181_33374_orylat2_chr22_6837459_6837639.phy; Execution time: 0.100 minutes
 INFO  | 2017-10-26 CEST 16:34:24 |   Processing complete for partition: partition_182_33376_orylat2_chr22_6838922_6839101.phy; Execution time: 0.267 minutes
 INFO  | 2017-10-26 CEST 16:34:30 |   Processing complete for partition: partition_183_33391_orylat2_chr22_6849431_6849611.phy; Execution time: 0.100 minutes
 INFO  | 2017-10-26 CEST 16:34:59 |   Processing complete for partition: partition_184_33496_orylat2_chr22_7007367_7007546.phy; Execution time: 0.483 minutes
 INFO  | 2017-10-26 CEST 16:35:02 |   Processing complete for partition: partition_185_33912_orylat2_chr22_10311301_10311481.phy; Execution time: 0.050 minutes
 INFO  | 2017-10-26 CEST 16:35:05 |   Processing complete for partition: partition_186_33942_orylat2_chr22_10464187_10464366.phy; Execution time: 0.050 minutes
 INFO  | 2017-10-26 CEST 16:35:11 |   Processing complete for partition: partition_187_33953_orylat2_chr22_10516990_10517170.phy; Execution time: 0.100 minutes
 INFO  | 2017-10-26 CEST 16:35:28 |   Processing complete for partition: partition_188_34300_orylat2_chr22_12444959_12445139.phy; Execution time: 0.283 minutes
 INFO  | 2017-10-26 CEST 16:36:16 |   Processing complete for partition: partition_189_34318_orylat2_chr22_12469446_12469626.phy; Execution time: 0.800 minutes
 INFO  | 2017-10-26 CEST 16:36:19 |   Processing complete for partition: partition_190_34494_orylat2_chr22_13067226_13067406.phy; Execution time: 0.050 minutes
 INFO  | 2017-10-26 CEST 16:36:27 |   Processing complete for partition: partition_191_34533_orylat2_chr22_13102660_13102840.phy; Execution time: 0.133 minutes
 INFO  | 2017-10-26 CEST 16:36:30 |   Processing complete for partition: partition_192_34600_orylat2_chr22_13147745_13147925.phy; Execution time: 0.050 minutes
 INFO  | 2017-10-26 CEST 16:36:37 |   Processing complete for partition: partition_193_34879_orylat2_chr22_16020600_16020780.phy; Execution time: 0.117 minutes
 INFO  | 2017-10-26 CEST 16:36:42 |   Processing complete for partition: partition_194_34905_orylat2_chr22_16055130_16055310.phy; Execution time: 0.083 minutes
 INFO  | 2017-10-26 CEST 16:36:53 |   Processing complete for partition: partition_195_34943_orylat2_chr22_16084127_16084307.phy; Execution time: 0.183 minutes
 INFO  | 2017-10-26 CEST 16:36:59 |   Processing complete for partition: partition_196_34966_orylat2_chr22_16162849_16163028.phy; Execution time: 0.100 minutes
 INFO  | 2017-10-26 CEST 16:37:09 |   Processing complete for partition: partition_197_35004_orylat2_chr22_16246086_16246265.phy; Execution time: 0.167 minutes
 INFO  | 2017-10-26 CEST 16:37:16 |   Processing complete for partition: partition_198_35057_orylat2_chr22_16308362_16308541.phy; Execution time: 0.117 minutes
 INFO  | 2017-10-26 CEST 16:37:35 |   Processing complete for partition: partition_199_35100_orylat2_chr22_16330167_16330347.phy; Execution time: 0.317 minutes
 INFO  | 2017-10-26 CEST 16:37:40 |   Processing complete for partition: partition_200_35234_orylat2_chr22_16785518_16785697.phy; Execution time: 0.083 minutes
 INFO  | 2017-10-26 CEST 16:37:46 |   Processing complete for partition: partition_201_35292_orylat2_chr22_17854495_17854674.phy; Execution time: 0.100 minutes
 INFO  | 2017-10-26 CEST 16:37:49 |   Processing complete for partition: partition_202_35684_orylat2_chr23_500717_500896.phy; Execution time: 0.050 minutes
 INFO  | 2017-10-26 CEST 16:38:01 |   Processing complete for partition: partition_203_35698_orylat2_chr23_574086_574265.phy; Execution time: 0.200 minutes
 INFO  | 2017-10-26 CEST 16:38:03 |   Processing complete for partition: partition_204_35854_orylat2_chr23_4140767_4140947.phy; Execution time: 0.033 minutes
 INFO  | 2017-10-26 CEST 16:38:20 |   Processing complete for partition: partition_205_35895_orylat2_chr23_4218635_4218814.phy; Execution time: 0.283 minutes
 INFO  | 2017-10-26 CEST 16:38:28 |   Processing complete for partition: partition_206_35901_orylat2_chr23_4223851_4224030.phy; Execution time: 0.133 minutes
 INFO  | 2017-10-26 CEST 16:38:33 |   Processing complete for partition: partition_207_35933_orylat2_chr23_4271970_4272150.phy; Execution time: 0.083 minutes
 INFO  | 2017-10-26 CEST 16:38:38 |   Processing complete for partition: partition_208_35954_orylat2_chr23_4303635_4303815.phy; Execution time: 0.083 minutes
 INFO  | 2017-10-26 CEST 16:38:49 |   Processing complete for partition: partition_209_35968_orylat2_chr23_4394484_4394663.phy; Execution time: 0.183 minutes
 INFO  | 2017-10-26 CEST 16:38:55 |   Processing complete for partition: partition_210_35999_orylat2_chr23_4489912_4490091.phy; Execution time: 0.100 minutes
 INFO  | 2017-10-26 CEST 16:39:05 |   Processing complete for partition: partition_211_36029_orylat2_chr23_4526475_4526655.phy; Execution time: 0.167 minutes
 INFO  | 2017-10-26 CEST 16:39:37 |   Processing complete for partition: partition_212_36087_orylat2_chr23_4689048_4689228.phy; Execution time: 0.533 minutes
 INFO  | 2017-10-26 CEST 16:39:41 |   Processing complete for partition: partition_213_36257_orylat2_chr23_8323776_8323955.phy; Execution time: 0.067 minutes
 INFO  | 2017-10-26 CEST 16:39:45 |   Processing complete for partition: partition_214_36547_orylat2_chr23_14710202_14710382.phy; Execution time: 0.067 minutes
 INFO  | 2017-10-26 CEST 16:39:48 |   Processing complete for partition: partition_215_36587_orylat2_chr23_15142951_15143131.phy; Execution time: 0.050 minutes
 INFO  | 2017-10-26 CEST 16:39:55 |   Processing complete for partition: partition_216_36609_orylat2_chr23_15322876_15323055.phy; Execution time: 0.117 minutes
 INFO  | 2017-10-26 CEST 16:40:12 |   Processing complete for partition: partition_217_3674_orylat2_chr10_12731293_12731472.phy; Execution time: 0.283 minutes
 INFO  | 2017-10-26 CEST 16:40:39 |   Processing complete for partition: partition_218_36825_orylat2_chr23_19660644_19660823.phy; Execution time: 0.450 minutes
 INFO  | 2017-10-26 CEST 16:40:46 |   Processing complete for partition: partition_219_36870_orylat2_chr23_20440291_20440471.phy; Execution time: 0.117 minutes
 INFO  | 2017-10-26 CEST 16:40:50 |   Processing complete for partition: partition_220_37000_orylat2_chr23_22404477_22404657.phy; Execution time: 0.067 minutes
 INFO  | 2017-10-26 CEST 16:41:04 |   Processing complete for partition: partition_221_37044_orylat2_chr23_22806947_22807126.phy; Execution time: 0.233 minutes
 INFO  | 2017-10-26 CEST 16:41:19 |   Processing complete for partition: partition_222_37317_orylat2_chr24_2744123_2744302.phy; Execution time: 0.250 minutes
 INFO  | 2017-10-26 CEST 16:41:23 |   Processing complete for partition: partition_223_3742_orylat2_chr10_13247555_13247734.phy; Execution time: 0.067 minutes
 INFO  | 2017-10-26 CEST 16:41:38 |   Processing complete for partition: partition_224_37434_orylat2_chr24_3241454_3241634.phy; Execution time: 0.250 minutes
 INFO  | 2017-10-26 CEST 16:41:47 |   Processing complete for partition: partition_225_37536_orylat2_chr24_4487133_4487312.phy; Execution time: 0.150 minutes
 INFO  | 2017-10-26 CEST 16:42:01 |   Processing complete for partition: partition_226_37805_orylat2_chr24_6772475_6772654.phy; Execution time: 0.233 minutes
 INFO  | 2017-10-26 CEST 16:42:30 |   Processing complete for partition: partition_227_37821_orylat2_chr24_6876259_6876438.phy; Execution time: 0.483 minutes
 INFO  | 2017-10-26 CEST 16:42:51 |   Processing complete for partition: partition_228_37831_orylat2_chr24_7000091_7000270.phy; Execution time: 0.350 minutes
 INFO  | 2017-10-26 CEST 16:42:56 |   Processing complete for partition: partition_229_37844_orylat2_chr24_7038553_7038732.phy; Execution time: 0.083 minutes
 INFO  | 2017-10-26 CEST 16:43:01 |   Processing complete for partition: partition_230_37929_orylat2_chr24_8013437_8013617.phy; Execution time: 0.083 minutes
 INFO  | 2017-10-26 CEST 16:43:38 |   Processing complete for partition: partition_231_38107_orylat2_chr24_9501589_9501768.phy; Execution time: 0.617 minutes
 INFO  | 2017-10-26 CEST 16:43:42 |   Processing complete for partition: partition_232_38221_orylat2_chr24_13008034_13008214.phy; Execution time: 0.067 minutes
 INFO  | 2017-10-26 CEST 16:43:50 |   Processing complete for partition: partition_233_38375_orylat2_chr24_14816310_14816490.phy; Execution time: 0.133 minutes
 INFO  | 2017-10-26 CEST 16:44:05 |   Processing complete for partition: partition_234_3850_orylat2_chr10_13969457_13969636.phy; Execution time: 0.250 minutes
 INFO  | 2017-10-26 CEST 16:44:16 |   Processing complete for partition: partition_235_38691_orylat2_chr24_21140693_21140872.phy; Execution time: 0.183 minutes
 INFO  | 2017-10-26 CEST 16:44:22 |   Processing complete for partition: partition_236_38735_orylat2_chr24_21857307_21857486.phy; Execution time: 0.083 minutes
 INFO  | 2017-10-26 CEST 16:44:27 |   Processing complete for partition: partition_237_39460_orylat2_chr3_13138489_13138669.phy; Execution time: 0.083 minutes
 INFO  | 2017-10-26 CEST 16:44:36 |   Processing complete for partition: partition_238_3964_orylat2_chr10_14899958_14900138.phy; Execution time: 0.150 minutes
 INFO  | 2017-10-26 CEST 16:44:46 |   Processing complete for partition: partition_239_39663_orylat2_chr3_14476635_14476815.phy; Execution time: 0.167 minutes
 INFO  | 2017-10-26 CEST 16:44:52 |   Processing complete for partition: partition_240_39863_orylat2_chr3_16061837_16062017.phy; Execution time: 0.100 minutes
 INFO  | 2017-10-26 CEST 16:45:05 |   Processing complete for partition: partition_241_39907_orylat2_chr3_16395837_16396016.phy; Execution time: 0.217 minutes
 INFO  | 2017-10-26 CEST 16:45:13 |   Processing complete for partition: partition_242_39911_orylat2_chr3_16396398_16396578.phy; Execution time: 0.133 minutes
 INFO  | 2017-10-26 CEST 16:45:16 |   Processing complete for partition: partition_243_39925_orylat2_chr3_16408273_16408453.phy; Execution time: 0.050 minutes
 INFO  | 2017-10-26 CEST 16:45:20 |   Processing complete for partition: partition_244_40053_orylat2_chr3_17553926_17554106.phy; Execution time: 0.067 minutes
 INFO  | 2017-10-26 CEST 16:45:29 |   Processing complete for partition: partition_245_40144_orylat2_chr3_17637861_17638041.phy; Execution time: 0.150 minutes
 INFO  | 2017-10-26 CEST 16:45:43 |   Processing complete for partition: partition_246_40218_orylat2_chr3_17762136_17762316.phy; Execution time: 0.233 minutes
 INFO  | 2017-10-26 CEST 16:45:48 |   Processing complete for partition: partition_247_40283_orylat2_chr3_18016128_18016307.phy; Execution time: 0.083 minutes
 INFO  | 2017-10-26 CEST 16:45:56 |   Processing complete for partition: partition_248_40297_orylat2_chr3_18027118_18027297.phy; Execution time: 0.133 minutes
 INFO  | 2017-10-26 CEST 16:46:00 |   Processing complete for partition: partition_249_40337_orylat2_chr3_18054080_18054259.phy; Execution time: 0.067 minutes
 INFO  | 2017-10-26 CEST 16:46:02 |   Processing complete for partition: partition_250_40414_orylat2_chr3_18205817_18205996.phy; Execution time: 0.017 minutes
 INFO  | 2017-10-26 CEST 16:46:05 |   Processing complete for partition: partition_251_40661_orylat2_chr3_19262348_19262527.phy; Execution time: 0.050 minutes
 INFO  | 2017-10-26 CEST 16:46:09 |   Processing complete for partition: partition_252_40743_orylat2_chr3_19397916_19398096.phy; Execution time: 0.067 minutes
 INFO  | 2017-10-26 CEST 16:46:15 |   Processing complete for partition: partition_253_40864_orylat2_chr3_20452681_20452861.phy; Execution time: 0.100 minutes
 INFO  | 2017-10-26 CEST 16:46:21 |   Processing complete for partition: partition_254_41131_orylat2_chr3_22104665_22104845.phy; Execution time: 0.100 minutes
 INFO  | 2017-10-26 CEST 16:46:38 |   Processing complete for partition: partition_255_41192_orylat2_chr3_22177177_22177357.phy; Execution time: 0.283 minutes
 INFO  | 2017-10-26 CEST 16:47:10 |   Processing complete for partition: partition_256_41341_orylat2_chr3_23912609_23912789.phy; Execution time: 0.533 minutes
 INFO  | 2017-10-26 CEST 16:47:14 |   Processing complete for partition: partition_257_41435_orylat2_chr3_24190026_24190206.phy; Execution time: 0.067 minutes
 INFO  | 2017-10-26 CEST 16:47:50 |   Processing complete for partition: partition_258_41643_orylat2_chr3_25271491_25271671.phy; Execution time: 0.600 minutes
 INFO  | 2017-10-26 CEST 16:48:00 |   Processing complete for partition: partition_259_42104_orylat2_chr3_28042859_28043038.phy; Execution time: 0.150 minutes
 INFO  | 2017-10-26 CEST 16:48:05 |   Processing complete for partition: partition_260_42136_orylat2_chr3_28115321_28115501.phy; Execution time: 0.083 minutes
 INFO  | 2017-10-26 CEST 16:48:11 |   Processing complete for partition: partition_261_42171_orylat2_chr3_28181019_28181198.phy; Execution time: 0.100 minutes
 INFO  | 2017-10-26 CEST 16:48:15 |   Processing complete for partition: partition_262_42194_orylat2_chr3_28206421_28206601.phy; Execution time: 0.067 minutes
 INFO  | 2017-10-26 CEST 16:48:19 |   Processing complete for partition: partition_263_42213_orylat2_chr3_28220133_28220313.phy; Execution time: 0.067 minutes
 INFO  | 2017-10-26 CEST 16:48:32 |   Processing complete for partition: partition_264_42255_orylat2_chr3_28249696_28249876.phy; Execution time: 0.217 minutes
 INFO  | 2017-10-26 CEST 16:48:38 |   Processing complete for partition: partition_265_42280_orylat2_chr3_28288646_28288825.phy; Execution time: 0.100 minutes
 INFO  | 2017-10-26 CEST 16:48:51 |   Processing complete for partition: partition_266_42298_orylat2_chr3_28297598_28297778.phy; Execution time: 0.217 minutes
 INFO  | 2017-10-26 CEST 16:49:03 |   Processing complete for partition: partition_267_42411_orylat2_chr3_28384904_28385084.phy; Execution time: 0.200 minutes
 INFO  | 2017-10-26 CEST 16:49:06 |   Processing complete for partition: partition_268_42465_orylat2_chr3_28443119_28443298.phy; Execution time: 0.050 minutes
 INFO  | 2017-10-26 CEST 16:49:15 |   Processing complete for partition: partition_269_42520_orylat2_chr3_28592661_28592841.phy; Execution time: 0.150 minutes
 INFO  | 2017-10-26 CEST 16:49:21 |   Processing complete for partition: partition_270_42551_orylat2_chr3_28629067_28629247.phy; Execution time: 0.100 minutes
 INFO  | 2017-10-26 CEST 16:49:33 |   Processing complete for partition: partition_271_42581_orylat2_chr3_28679806_28679985.phy; Execution time: 0.200 minutes
 INFO  | 2017-10-26 CEST 16:49:37 |   Processing complete for partition: partition_272_4267_orylat2_chr10_16861259_16861439.phy; Execution time: 0.067 minutes
 INFO  | 2017-10-26 CEST 16:49:43 |   Processing complete for partition: partition_273_42852_orylat2_chr3_29327786_29327966.phy; Execution time: 0.100 minutes
 INFO  | 2017-10-26 CEST 16:49:47 |   Processing complete for partition: partition_274_42867_orylat2_chr3_29344536_29344716.phy; Execution time: 0.067 minutes
 INFO  | 2017-10-26 CEST 16:49:49 |   Processing complete for partition: partition_275_42886_orylat2_chr3_29366737_29366916.phy; Execution time: 0.033 minutes
 INFO  | 2017-10-26 CEST 16:49:51 |   Processing complete for partition: partition_276_42887_orylat2_chr3_29366985_29367164.phy; Execution time: 0.033 minutes
 INFO  | 2017-10-26 CEST 16:50:13 |   Processing complete for partition: partition_277_42964_orylat2_chr3_29681664_29681844.phy; Execution time: 0.367 minutes
 INFO  | 2017-10-26 CEST 16:50:17 |   Processing complete for partition: partition_278_43397_orylat2_chr3_35456471_35456651.phy; Execution time: 0.067 minutes
 INFO  | 2017-10-26 CEST 16:50:21 |   Processing complete for partition: partition_279_43432_orylat2_chr3_35637755_35637934.phy; Execution time: 0.067 minutes
 INFO  | 2017-10-26 CEST 16:50:28 |   Processing complete for partition: partition_280_43532_orylat2_chr3_35995617_35995797.phy; Execution time: 0.117 minutes
 INFO  | 2017-10-26 CEST 16:50:35 |   Processing complete for partition: partition_281_43567_orylat2_chr3_36062742_36062922.phy; Execution time: 0.117 minutes
 INFO  | 2017-10-26 CEST 16:50:39 |   Processing complete for partition: partition_282_43569_orylat2_chr3_36069712_36069917.phy; Execution time: 0.067 minutes
 INFO  | 2017-10-26 CEST 16:50:55 |   Processing complete for partition: partition_283_43782_orylat2_chr4_4818726_4818905.phy; Execution time: 0.267 minutes
 INFO  | 2017-10-26 CEST 16:51:01 |   Processing complete for partition: partition_284_43838_orylat2_chr4_4914884_4915063.phy; Execution time: 0.100 minutes
 INFO  | 2017-10-26 CEST 16:51:07 |   Processing complete for partition: partition_285_43854_orylat2_chr4_4979702_4979882.phy; Execution time: 0.100 minutes
 INFO  | 2017-10-26 CEST 16:51:13 |   Processing complete for partition: partition_286_43878_orylat2_chr4_5049080_5049259.phy; Execution time: 0.100 minutes
 INFO  | 2017-10-26 CEST 16:51:15 |   Processing complete for partition: partition_287_43998_orylat2_chr4_5445911_5446091.phy; Execution time: 0.033 minutes
 INFO  | 2017-10-26 CEST 16:51:27 |   Processing complete for partition: partition_288_44025_orylat2_chr4_5492439_5492619.phy; Execution time: 0.200 minutes
 INFO  | 2017-10-26 CEST 16:51:34 |   Processing complete for partition: partition_289_44079_orylat2_chr4_5552227_5552407.phy; Execution time: 0.117 minutes
 INFO  | 2017-10-26 CEST 16:51:38 |   Processing complete for partition: partition_290_44335_orylat2_chr4_8453372_8453552.phy; Execution time: 0.067 minutes
 INFO  | 2017-10-26 CEST 16:51:47 |   Processing complete for partition: partition_291_44382_orylat2_chr4_9060634_9060813.phy; Execution time: 0.150 minutes
 INFO  | 2017-10-26 CEST 16:51:50 |   Processing complete for partition: partition_292_44615_orylat2_chr4_10700355_10700535.phy; Execution time: 0.050 minutes
 INFO  | 2017-10-26 CEST 16:52:13 |   Processing complete for partition: partition_293_44698_orylat2_chr4_12082897_12083077.phy; Execution time: 0.383 minutes
 INFO  | 2017-10-26 CEST 16:52:23 |   Processing complete for partition: partition_294_44706_orylat2_chr4_12103391_12103571.phy; Execution time: 0.167 minutes
 INFO  | 2017-10-26 CEST 16:52:28 |   Processing complete for partition: partition_295_44926_orylat2_chr4_14440609_14440788.phy; Execution time: 0.083 minutes
 INFO  | 2017-10-26 CEST 16:52:35 |   Processing complete for partition: partition_296_44991_orylat2_chr4_15203958_15204137.phy; Execution time: 0.117 minutes
 INFO  | 2017-10-26 CEST 16:52:39 |   Processing complete for partition: partition_297_45006_orylat2_chr4_15220032_15220212.phy; Execution time: 0.067 minutes
 INFO  | 2017-10-26 CEST 16:53:03 |   Processing complete for partition: partition_298_45039_orylat2_chr4_15269599_15269778.phy; Execution time: 0.400 minutes
 INFO  | 2017-10-26 CEST 16:53:14 |   Processing complete for partition: partition_299_45077_orylat2_chr4_15389408_15389588.phy; Execution time: 0.183 minutes
 INFO  | 2017-10-26 CEST 16:53:21 |   Processing complete for partition: partition_300_45111_orylat2_chr4_15630031_15630211.phy; Execution time: 0.117 minutes
 INFO  | 2017-10-26 CEST 16:53:29 |   Processing complete for partition: partition_301_45230_orylat2_chr4_17178550_17178738.phy; Execution time: 0.133 minutes
 INFO  | 2017-10-26 CEST 16:53:33 |   Processing complete for partition: partition_302_45247_orylat2_chr4_17205762_17205942.phy; Execution time: 0.067 minutes
 INFO  | 2017-10-26 CEST 16:53:39 |   Processing complete for partition: partition_303_45287_orylat2_chr4_17270242_17270422.phy; Execution time: 0.100 minutes
 INFO  | 2017-10-26 CEST 16:53:46 |   Processing complete for partition: partition_304_45313_orylat2_chr4_17296289_17296468.phy; Execution time: 0.117 minutes
 INFO  | 2017-10-26 CEST 16:54:02 |   Processing complete for partition: partition_305_45322_orylat2_chr4_17303913_17304093.phy; Execution time: 0.267 minutes
 INFO  | 2017-10-26 CEST 16:54:13 |   Processing complete for partition: partition_306_45534_orylat2_chr4_19859089_19859269.phy; Execution time: 0.183 minutes
 INFO  | 2017-10-26 CEST 16:54:16 |   Processing complete for partition: partition_307_45546_orylat2_chr4_19902837_19903016.phy; Execution time: 0.050 minutes
 INFO  | 2017-10-26 CEST 16:54:36 |   Processing complete for partition: partition_308_45579_orylat2_chr4_19988224_19988403.phy; Execution time: 0.333 minutes
 INFO  | 2017-10-26 CEST 16:55:00 |   Processing complete for partition: partition_309_46019_orylat2_chr4_29393539_29393718.phy; Execution time: 0.400 minutes
 INFO  | 2017-10-26 CEST 16:55:09 |   Processing complete for partition: partition_310_46209_orylat2_chr4_31934414_31934594.phy; Execution time: 0.150 minutes
 INFO  | 2017-10-26 CEST 16:55:15 |   Processing complete for partition: partition_311_46338_orylat2_chr4_33392860_33393039.phy; Execution time: 0.100 minutes
 INFO  | 2017-10-26 CEST 16:55:20 |   Processing complete for partition: partition_312_46367_orylat2_chr4_33520081_33520261.phy; Execution time: 0.083 minutes
 INFO  | 2017-10-26 CEST 16:55:22 |   Processing complete for partition: partition_313_46378_orylat2_chr4_33526899_33527079.phy; Execution time: 0.033 minutes
 INFO  | 2017-10-26 CEST 16:55:31 |   Processing complete for partition: partition_314_46817_orylat2_chr5_4978822_4979001.phy; Execution time: 0.150 minutes
 INFO  | 2017-10-26 CEST 16:55:42 |   Processing complete for partition: partition_315_46826_orylat2_chr5_5008688_5008867.phy; Execution time: 0.183 minutes
 INFO  | 2017-10-26 CEST 16:55:48 |   Processing complete for partition: partition_316_47011_orylat2_chr5_7407169_7407348.phy; Execution time: 0.100 minutes
 INFO  | 2017-10-26 CEST 16:55:55 |   Processing complete for partition: partition_317_47078_orylat2_chr5_7437057_7437237.phy; Execution time: 0.117 minutes
 INFO  | 2017-10-26 CEST 16:56:12 |   Processing complete for partition: partition_318_47115_orylat2_chr5_7457837_7458017.phy; Execution time: 0.283 minutes
 INFO  | 2017-10-26 CEST 16:56:19 |   Processing complete for partition: partition_319_47190_orylat2_chr5_8277518_8277697.phy; Execution time: 0.117 minutes
 INFO  | 2017-10-26 CEST 16:56:24 |   Processing complete for partition: partition_320_47263_orylat2_chr5_9233983_9234163.phy; Execution time: 0.083 minutes
 INFO  | 2017-10-26 CEST 16:56:28 |   Processing complete for partition: partition_321_47394_orylat2_chr5_10485913_10486093.phy; Execution time: 0.067 minutes
 INFO  | 2017-10-26 CEST 16:56:30 |   Processing complete for partition: partition_322_47949_orylat2_chr5_16758085_16758264.phy; Execution time: 0.033 minutes
 INFO  | 2017-10-26 CEST 16:56:42 |   Processing complete for partition: partition_323_4805_orylat2_chr10_22870887_22871066.phy; Execution time: 0.200 minutes
 INFO  | 2017-10-26 CEST 16:57:03 |   Processing complete for partition: partition_324_48360_orylat2_chr5_26665549_26665728.phy; Execution time: 0.350 minutes
 INFO  | 2017-10-26 CEST 16:57:13 |   Processing complete for partition: partition_325_48673_orylat2_chr5_28952087_28952266.phy; Execution time: 0.167 minutes
 INFO  | 2017-10-26 CEST 16:57:16 |   Processing complete for partition: partition_326_4945_orylat2_chr10_24401446_24401625.phy; Execution time: 0.050 minutes
 INFO  | 2017-10-26 CEST 16:57:24 |   Processing complete for partition: partition_327_49639_orylat2_chr6_8995030_8995210.phy; Execution time: 0.133 minutes
 INFO  | 2017-10-26 CEST 16:57:37 |   Processing complete for partition: partition_328_49751_orylat2_chr6_10224993_10225172.phy; Execution time: 0.217 minutes
 INFO  | 2017-10-26 CEST 16:58:16 |   Processing complete for partition: partition_329_49797_orylat2_chr6_10556220_10556400.phy; Execution time: 0.650 minutes
 INFO  | 2017-10-26 CEST 16:58:21 |   Processing complete for partition: partition_330_49988_orylat2_chr6_11235966_11236146.phy; Execution time: 0.083 minutes
 INFO  | 2017-10-26 CEST 16:58:30 |   Processing complete for partition: partition_331_50167_orylat2_chr6_12057564_12057743.phy; Execution time: 0.150 minutes
 INFO  | 2017-10-26 CEST 16:58:42 |   Processing complete for partition: partition_332_50326_orylat2_chr6_12243538_12243717.phy; Execution time: 0.200 minutes
 INFO  | 2017-10-26 CEST 16:58:50 |   Processing complete for partition: partition_333_50389_orylat2_chr6_12345020_12345200.phy; Execution time: 0.133 minutes
 INFO  | 2017-10-26 CEST 16:58:53 |   Processing complete for partition: partition_334_50530_orylat2_chr6_13419263_13419442.phy; Execution time: 0.050 minutes
 INFO  | 2017-10-26 CEST 16:59:02 |   Processing complete for partition: partition_335_50605_orylat2_chr6_13505242_13505422.phy; Execution time: 0.150 minutes
 INFO  | 2017-10-26 CEST 16:59:04 |   Processing complete for partition: partition_336_50651_orylat2_chr6_13551348_13551527.phy; Execution time: 0.033 minutes
 INFO  | 2017-10-26 CEST 16:59:11 |   Processing complete for partition: partition_337_50662_orylat2_chr6_13565749_13565929.phy; Execution time: 0.117 minutes
 INFO  | 2017-10-26 CEST 16:59:15 |   Processing complete for partition: partition_338_50694_orylat2_chr6_13591399_13591579.phy; Execution time: 0.067 minutes
 INFO  | 2017-10-26 CEST 16:59:24 |   Processing complete for partition: partition_339_50709_orylat2_chr6_13602160_13602339.phy; Execution time: 0.150 minutes
 INFO  | 2017-10-26 CEST 16:59:28 |   Processing complete for partition: partition_340_50716_orylat2_chr6_13612539_13612718.phy; Execution time: 0.067 minutes
 INFO  | 2017-10-26 CEST 16:59:32 |   Processing complete for partition: partition_341_50724_orylat2_chr6_13616777_13616956.phy; Execution time: 0.067 minutes
 INFO  | 2017-10-26 CEST 16:59:37 |   Processing complete for partition: partition_342_50741_orylat2_chr6_13629920_13630099.phy; Execution time: 0.083 minutes
 INFO  | 2017-10-26 CEST 16:59:43 |   Processing complete for partition: partition_343_50797_orylat2_chr6_13673431_13673611.phy; Execution time: 0.100 minutes
 INFO  | 2017-10-26 CEST 16:59:48 |   Processing complete for partition: partition_344_50819_orylat2_chr6_13696615_13696795.phy; Execution time: 0.083 minutes
 INFO  | 2017-10-26 CEST 17:00:10 |   Processing complete for partition: partition_345_50869_orylat2_chr6_13736239_13736419.phy; Execution time: 0.367 minutes
 INFO  | 2017-10-26 CEST 17:00:13 |   Processing complete for partition: partition_346_50995_orylat2_chr6_14270897_14271076.phy; Execution time: 0.050 minutes
 INFO  | 2017-10-26 CEST 17:00:18 |   Processing complete for partition: partition_347_51124_orylat2_chr6_15729949_15730129.phy; Execution time: 0.083 minutes
 INFO  | 2017-10-26 CEST 17:00:22 |   Processing complete for partition: partition_348_51212_orylat2_chr6_15874717_15874897.phy; Execution time: 0.067 minutes
 INFO  | 2017-10-26 CEST 17:00:25 |   Processing complete for partition: partition_349_51269_orylat2_chr6_15931605_15931785.phy; Execution time: 0.050 minutes
 INFO  | 2017-10-26 CEST 17:00:28 |   Processing complete for partition: partition_350_51283_orylat2_chr6_15945818_15945998.phy; Execution time: 0.050 minutes
 INFO  | 2017-10-26 CEST 17:00:31 |   Processing complete for partition: partition_351_51356_orylat2_chr6_16251804_16251983.phy; Execution time: 0.033 minutes
 INFO  | 2017-10-26 CEST 17:00:32 |   Processing complete for partition: partition_352_51400_orylat2_chr6_16554444_16554623.phy; Execution time: 0.017 minutes
 INFO  | 2017-10-26 CEST 17:00:38 |   Processing complete for partition: partition_353_51660_orylat2_chr6_21106729_21106909.phy; Execution time: 0.100 minutes
 INFO  | 2017-10-26 CEST 17:00:46 |   Processing complete for partition: partition_354_51743_orylat2_chr6_22173752_22173931.phy; Execution time: 0.133 minutes
 INFO  | 2017-10-26 CEST 17:00:51 |   Processing complete for partition: partition_355_52043_orylat2_chr6_25924603_25924782.phy; Execution time: 0.083 minutes
 INFO  | 2017-10-26 CEST 17:01:04 |   Processing complete for partition: partition_356_52140_orylat2_chr7_241283_241463.phy; Execution time: 0.217 minutes
 INFO  | 2017-10-26 CEST 17:01:14 |   Processing complete for partition: partition_357_5240_orylat2_chr11_4468135_4468314.phy; Execution time: 0.167 minutes
 INFO  | 2017-10-26 CEST 17:01:33 |   Processing complete for partition: partition_358_52489_orylat2_chr7_5426220_5426399.phy; Execution time: 0.317 minutes
 INFO  | 2017-10-26 CEST 17:01:36 |   Processing complete for partition: partition_359_52576_orylat2_chr7_7401879_7402059.phy; Execution time: 0.050 minutes
 INFO  | 2017-10-26 CEST 17:01:53 |   Processing complete for partition: partition_360_52665_orylat2_chr7_8201479_8201659.phy; Execution time: 0.283 minutes
 INFO  | 2017-10-26 CEST 17:02:20 |   Processing complete for partition: partition_361_52756_orylat2_chr7_8385946_8386125.phy; Execution time: 0.450 minutes
 INFO  | 2017-10-26 CEST 17:02:27 |   Processing complete for partition: partition_362_52857_orylat2_chr7_9011611_9011791.phy; Execution time: 0.117 minutes
 INFO  | 2017-10-26 CEST 17:02:30 |   Processing complete for partition: partition_363_52900_orylat2_chr7_9588472_9588652.phy; Execution time: 0.050 minutes
 INFO  | 2017-10-26 CEST 17:02:38 |   Processing complete for partition: partition_364_52947_orylat2_chr7_9621088_9621267.phy; Execution time: 0.133 minutes
 INFO  | 2017-10-26 CEST 17:02:46 |   Processing complete for partition: partition_365_52964_orylat2_chr7_9638841_9639020.phy; Execution time: 0.133 minutes
 INFO  | 2017-10-26 CEST 17:02:51 |   Processing complete for partition: partition_366_52993_orylat2_chr7_9668285_9668465.phy; Execution time: 0.083 minutes
 INFO  | 2017-10-26 CEST 17:02:57 |   Processing complete for partition: partition_367_53011_orylat2_chr7_9680131_9680310.phy; Execution time: 0.100 minutes
 INFO  | 2017-10-26 CEST 17:02:58 |   Processing complete for partition: partition_368_53021_orylat2_chr7_9688070_9688250.phy; Execution time: 0.017 minutes
 INFO  | 2017-10-26 CEST 17:03:09 |   Processing complete for partition: partition_369_53067_orylat2_chr7_9724225_9724404.phy; Execution time: 0.183 minutes
 INFO  | 2017-10-26 CEST 17:03:20 |   Processing complete for partition: partition_370_53141_orylat2_chr7_9776533_9776712.phy; Execution time: 0.183 minutes
 INFO  | 2017-10-26 CEST 17:03:55 |   Processing complete for partition: partition_371_53389_orylat2_chr7_10498751_10498930.phy; Execution time: 0.583 minutes
 INFO  | 2017-10-26 CEST 17:03:58 |   Processing complete for partition: partition_372_53616_orylat2_chr7_12310046_12310226.phy; Execution time: 0.050 minutes
 INFO  | 2017-10-26 CEST 17:04:00 |   Processing complete for partition: partition_373_53703_orylat2_chr7_12739860_12740040.phy; Execution time: 0.033 minutes
 INFO  | 2017-10-26 CEST 17:04:05 |   Processing complete for partition: partition_374_53725_orylat2_chr7_12789743_12789923.phy; Execution time: 0.083 minutes
 INFO  | 2017-10-26 CEST 17:04:32 |   Processing complete for partition: partition_375_53732_orylat2_chr7_12836569_12836749.phy; Execution time: 0.450 minutes
 INFO  | 2017-10-26 CEST 17:04:35 |   Processing complete for partition: partition_376_5374_orylat2_chr11_5648579_5648759.phy; Execution time: 0.050 minutes
 INFO  | 2017-10-26 CEST 17:04:39 |   Processing complete for partition: partition_377_53801_orylat2_chr7_12897462_12897641.phy; Execution time: 0.067 minutes
 INFO  | 2017-10-26 CEST 17:04:44 |   Processing complete for partition: partition_378_53856_orylat2_chr7_12966761_12966941.phy; Execution time: 0.083 minutes
 INFO  | 2017-10-26 CEST 17:04:58 |   Processing complete for partition: partition_379_53979_orylat2_chr7_15107874_15108054.phy; Execution time: 0.233 minutes
 INFO  | 2017-10-26 CEST 17:05:00 |   Processing complete for partition: partition_380_54082_orylat2_chr7_16861814_16861993.phy; Execution time: 0.033 minutes
 INFO  | 2017-10-26 CEST 17:05:12 |   Processing complete for partition: partition_381_54356_orylat2_chr7_21040467_21040646.phy; Execution time: 0.200 minutes
 INFO  | 2017-10-26 CEST 17:05:15 |   Processing complete for partition: partition_382_54431_orylat2_chr7_21205396_21205576.phy; Execution time: 0.050 minutes
 INFO  | 2017-10-26 CEST 17:05:19 |   Processing complete for partition: partition_383_54475_orylat2_chr7_21284399_21284578.phy; Execution time: 0.067 minutes
 INFO  | 2017-10-26 CEST 17:05:26 |   Processing complete for partition: partition_384_54500_orylat2_chr7_21324258_21324438.phy; Execution time: 0.117 minutes
 INFO  | 2017-10-26 CEST 17:05:36 |   Processing complete for partition: partition_385_54589_orylat2_chr7_21958291_21958470.phy; Execution time: 0.167 minutes
 INFO  | 2017-10-26 CEST 17:05:44 |   Processing complete for partition: partition_386_5471_orylat2_chr11_6616458_6616637.phy; Execution time: 0.133 minutes
 INFO  | 2017-10-26 CEST 17:05:54 |   Processing complete for partition: partition_387_54844_orylat2_chr7_24887667_24887846.phy; Execution time: 0.167 minutes
 INFO  | 2017-10-26 CEST 17:06:01 |   Processing complete for partition: partition_388_54861_orylat2_chr7_24902228_24902408.phy; Execution time: 0.117 minutes
 INFO  | 2017-10-26 CEST 17:06:12 |   Processing complete for partition: partition_389_54867_orylat2_chr7_24903446_24903625.phy; Execution time: 0.183 minutes
 INFO  | 2017-10-26 CEST 17:06:15 |   Processing complete for partition: partition_390_54900_orylat2_chr7_24991972_24992152.phy; Execution time: 0.050 minutes
 INFO  | 2017-10-26 CEST 17:06:21 |   Processing complete for partition: partition_391_54945_orylat2_chr7_25077715_25077895.phy; Execution time: 0.100 minutes
 INFO  | 2017-10-26 CEST 17:06:26 |   Processing complete for partition: partition_392_54961_orylat2_chr7_25120672_25120851.phy; Execution time: 0.083 minutes
 INFO  | 2017-10-26 CEST 17:06:29 |   Processing complete for partition: partition_393_5503_orylat2_chr11_6725896_6726076.phy; Execution time: 0.050 minutes
 INFO  | 2017-10-26 CEST 17:06:37 |   Processing complete for partition: partition_394_55284_orylat2_chr8_2097269_2097449.phy; Execution time: 0.133 minutes
 INFO  | 2017-10-26 CEST 17:06:57 |   Processing complete for partition: partition_395_55695_orylat2_chr8_6978521_6978700.phy; Execution time: 0.333 minutes
 INFO  | 2017-10-26 CEST 17:07:07 |   Processing complete for partition: partition_396_55917_orylat2_chr8_8462403_8462582.phy; Execution time: 0.167 minutes
 INFO  | 2017-10-26 CEST 17:07:13 |   Processing complete for partition: partition_397_55939_orylat2_chr8_8477867_8478047.phy; Execution time: 0.100 minutes
 INFO  | 2017-10-26 CEST 17:07:20 |   Processing complete for partition: partition_398_56254_orylat2_chr8_9985029_9985208.phy; Execution time: 0.117 minutes
 INFO  | 2017-10-26 CEST 17:07:23 |   Processing complete for partition: partition_399_56271_orylat2_chr8_10125366_10125546.phy; Execution time: 0.050 minutes
 INFO  | 2017-10-26 CEST 17:07:26 |   Processing complete for partition: partition_400_57149_orylat2_chr8_22114613_22114793.phy; Execution time: 0.050 minutes
 INFO  | 2017-10-26 CEST 17:07:33 |   Processing complete for partition: partition_401_57322_orylat2_chr8_25033668_25033848.phy; Execution time: 0.117 minutes
 INFO  | 2017-10-26 CEST 17:07:45 |   Processing complete for partition: partition_402_57615_orylat2_chr9_4924260_4924439.phy; Execution time: 0.200 minutes
 INFO  | 2017-10-26 CEST 17:07:51 |   Processing complete for partition: partition_403_57669_orylat2_chr9_5589444_5589624.phy; Execution time: 0.100 minutes
 INFO  | 2017-10-26 CEST 17:07:57 |   Processing complete for partition: partition_404_57855_orylat2_chr9_6896920_6897100.phy; Execution time: 0.100 minutes
 INFO  | 2017-10-26 CEST 17:08:03 |   Processing complete for partition: partition_405_57955_orylat2_chr9_8203318_8203497.phy; Execution time: 0.100 minutes
 INFO  | 2017-10-26 CEST 17:08:06 |   Processing complete for partition: partition_406_5831_orylat2_chr11_10524035_10524214.phy; Execution time: 0.050 minutes
 INFO  | 2017-10-26 CEST 17:08:22 |   Processing complete for partition: partition_407_58431_orylat2_chr9_12773131_12773311.phy; Execution time: 0.267 minutes
 INFO  | 2017-10-26 CEST 17:08:30 |   Processing complete for partition: partition_408_58443_orylat2_chr9_12778809_12778988.phy; Execution time: 0.133 minutes
 INFO  | 2017-10-26 CEST 17:08:32 |   Processing complete for partition: partition_409_58462_orylat2_chr9_12798183_12798363.phy; Execution time: 0.033 minutes
 INFO  | 2017-10-26 CEST 17:08:34 |   Processing complete for partition: partition_410_58510_orylat2_chr9_12905840_12906020.phy; Execution time: 0.033 minutes
 INFO  | 2017-10-26 CEST 17:08:45 |   Processing complete for partition: partition_411_58676_orylat2_chr9_14633591_14633770.phy; Execution time: 0.183 minutes
 INFO  | 2017-10-26 CEST 17:08:59 |   Processing complete for partition: partition_412_58861_orylat2_chr9_15091456_15091670.phy; Execution time: 0.233 minutes
 INFO  | 2017-10-26 CEST 17:09:11 |   Processing complete for partition: partition_413_58875_orylat2_chr9_15101459_15101638.phy; Execution time: 0.200 minutes
 INFO  | 2017-10-26 CEST 17:09:20 |   Processing complete for partition: partition_414_58917_orylat2_chr9_15159051_15159231.phy; Execution time: 0.150 minutes
 INFO  | 2017-10-26 CEST 17:09:24 |   Processing complete for partition: partition_415_58929_orylat2_chr9_15176342_15176522.phy; Execution time: 0.067 minutes
 INFO  | 2017-10-26 CEST 17:10:00 |   Processing complete for partition: partition_416_58935_orylat2_chr9_15194502_15194681.phy; Execution time: 0.600 minutes
 INFO  | 2017-10-26 CEST 17:10:21 |   Processing complete for partition: partition_417_59016_orylat2_chr9_15338749_15338929.phy; Execution time: 0.350 minutes
 INFO  | 2017-10-26 CEST 17:10:25 |   Processing complete for partition: partition_418_59208_orylat2_chr9_15660075_15660255.phy; Execution time: 0.067 minutes
 INFO  | 2017-10-26 CEST 17:10:28 |   Processing complete for partition: partition_419_59216_orylat2_chr9_15672674_15672854.phy; Execution time: 0.050 minutes
 INFO  | 2017-10-26 CEST 17:10:33 |   Processing complete for partition: partition_420_5922_orylat2_chr11_11867276_11867456.phy; Execution time: 0.083 minutes
 INFO  | 2017-10-26 CEST 17:10:42 |   Processing complete for partition: partition_421_59264_orylat2_chr9_15756100_15756279.phy; Execution time: 0.150 minutes
 INFO  | 2017-10-26 CEST 17:10:50 |   Processing complete for partition: partition_422_59579_orylat2_chr9_17511709_17511889.phy; Execution time: 0.133 minutes
 INFO  | 2017-10-26 CEST 17:11:00 |   Processing complete for partition: partition_423_59817_orylat2_chr9_18840140_18840320.phy; Execution time: 0.167 minutes
 INFO  | 2017-10-26 CEST 17:11:09 |   Processing complete for partition: partition_424_59868_orylat2_chr9_18882929_18883110.phy; Execution time: 0.150 minutes
 INFO  | 2017-10-26 CEST 17:11:15 |   Processing complete for partition: partition_425_59908_orylat2_chr9_18925233_18925412.phy; Execution time: 0.100 minutes
 INFO  | 2017-10-26 CEST 17:11:18 |   Processing complete for partition: partition_426_59924_orylat2_chr9_18939953_18940133.phy; Execution time: 0.050 minutes
 INFO  | 2017-10-26 CEST 17:11:28 |   Processing complete for partition: partition_427_60065_orylat2_chr9_19049541_19049721.phy; Execution time: 0.167 minutes
 INFO  | 2017-10-26 CEST 17:11:33 |   Processing complete for partition: partition_428_6007_orylat2_chr11_13721519_13721698.phy; Execution time: 0.083 minutes
 INFO  | 2017-10-26 CEST 17:11:37 |   Processing complete for partition: partition_429_60125_orylat2_chr9_19162913_19163093.phy; Execution time: 0.067 minutes
 INFO  | 2017-10-26 CEST 17:11:45 |   Processing complete for partition: partition_430_60166_orylat2_chr9_19207125_19207304.phy; Execution time: 0.133 minutes
 INFO  | 2017-10-26 CEST 17:11:52 |   Processing complete for partition: partition_431_60199_orylat2_chr9_19237742_19237922.phy; Execution time: 0.117 minutes
 INFO  | 2017-10-26 CEST 17:12:02 |   Processing complete for partition: partition_432_60221_orylat2_chr9_19253907_19254086.phy; Execution time: 0.167 minutes
 INFO  | 2017-10-26 CEST 17:12:06 |   Processing complete for partition: partition_433_60549_orylat2_chr9_22878347_22878527.phy; Execution time: 0.067 minutes
 INFO  | 2017-10-26 CEST 17:12:11 |   Processing complete for partition: partition_434_60558_orylat2_chr9_22899597_22899792.phy; Execution time: 0.083 minutes
 INFO  | 2017-10-26 CEST 17:12:15 |   Processing complete for partition: partition_435_60744_orylat2_chr9_25631847_25632026.phy; Execution time: 0.067 minutes
 INFO  | 2017-10-26 CEST 17:12:18 |   Processing complete for partition: partition_436_60895_orylat2_chr9_27501510_27501689.phy; Execution time: 0.050 minutes
 INFO  | 2017-10-26 CEST 17:12:20 |   Processing complete for partition: partition_437_6098_orylat2_chr11_15489152_15489331.phy; Execution time: 0.033 minutes
 INFO  | 2017-10-26 CEST 17:12:31 |   Processing complete for partition: partition_438_60993_orylat2_chr9_28829014_28829194.phy; Execution time: 0.183 minutes
 INFO  | 2017-10-26 CEST 17:12:39 |   Processing complete for partition: partition_439_61087_orylat2_chr9_30427854_30428033.phy; Execution time: 0.133 minutes
 INFO  | 2017-10-26 CEST 17:12:42 |   Processing complete for partition: partition_440_61253_orylat2_scaffold1040_39778_39957.phy; Execution time: 0.050 minutes
 INFO  | 2017-10-26 CEST 17:13:36 |   Processing complete for partition: partition_441_61292_orylat2_scaffold1047_15437_15616.phy; Execution time: 0.900 minutes
 INFO  | 2017-10-26 CEST 17:13:43 |   Processing complete for partition: partition_442_61872_orylat2_scaffold1746_19272_19451.phy; Execution time: 0.117 minutes
 INFO  | 2017-10-26 CEST 17:13:51 |   Processing complete for partition: partition_443_61907_orylat2_scaffold1801_11309_11488.phy; Execution time: 0.133 minutes
 INFO  | 2017-10-26 CEST 17:13:55 |   Processing complete for partition: partition_444_62300_orylat2_scaffold2294_0_180.phy; Execution time: 0.067 minutes
 INFO  | 2017-10-26 CEST 17:14:06 |   Processing complete for partition: partition_445_62368_orylat2_scaffold2401_9505_9685.phy; Execution time: 0.183 minutes
 INFO  | 2017-10-26 CEST 17:14:11 |   Processing complete for partition: partition_446_63289_orylat2_scaffold461_250533_250713.phy; Execution time: 0.083 minutes
 INFO  | 2017-10-26 CEST 17:14:21 |   Processing complete for partition: partition_447_63351_orylat2_scaffold4918_2473_2652.phy; Execution time: 0.167 minutes
 INFO  | 2017-10-26 CEST 17:14:25 |   Processing complete for partition: partition_448_63754_orylat2_scaffold6244_2769_2948.phy; Execution time: 0.067 minutes
 INFO  | 2017-10-26 CEST 17:14:27 |   Processing complete for partition: partition_449_64108_orylat2_scaffold8058_1280_1460.phy; Execution time: 0.033 minutes
 INFO  | 2017-10-26 CEST 17:14:37 |   Processing complete for partition: partition_450_64147_orylat2_scaffold831_44328_44507.phy; Execution time: 0.150 minutes
 INFO  | 2017-10-26 CEST 17:14:48 |   Processing complete for partition: partition_451_64521_orylat2_ultracontig107_204485_204665.phy; Execution time: 0.183 minutes
 INFO  | 2017-10-26 CEST 17:14:53 |   Processing complete for partition: partition_452_64565_orylat2_ultracontig115_76515_76694.phy; Execution time: 0.083 minutes
 INFO  | 2017-10-26 CEST 17:14:56 |   Processing complete for partition: partition_453_64578_orylat2_ultracontig115_95141_95321.phy; Execution time: 0.050 minutes
 INFO  | 2017-10-26 CEST 17:14:59 |   Processing complete for partition: partition_454_64587_orylat2_ultracontig115_101466_101645.phy; Execution time: 0.050 minutes
 INFO  | 2017-10-26 CEST 17:15:08 |   Processing complete for partition: partition_455_64637_orylat2_ultracontig115_1678268_1678447.phy; Execution time: 0.150 minutes
 INFO  | 2017-10-26 CEST 17:15:16 |   Processing complete for partition: partition_456_64776_orylat2_ultracontig115_4670507_4670686.phy; Execution time: 0.133 minutes
 INFO  | 2017-10-26 CEST 17:15:19 |   Processing complete for partition: partition_457_64806_orylat2_ultracontig115_4816896_4817075.phy; Execution time: 0.050 minutes
 INFO  | 2017-10-26 CEST 17:15:24 |   Processing complete for partition: partition_458_64849_orylat2_ultracontig117_111598_111777.phy; Execution time: 0.083 minutes
 INFO  | 2017-10-26 CEST 17:15:32 |   Processing complete for partition: partition_459_64860_orylat2_ultracontig117_131308_131488.phy; Execution time: 0.133 minutes
 INFO  | 2017-10-26 CEST 17:15:37 |   Processing complete for partition: partition_460_64968_orylat2_ultracontig182_188734_188914.phy; Execution time: 0.083 minutes
 INFO  | 2017-10-26 CEST 17:15:44 |   Processing complete for partition: partition_461_64976_orylat2_ultracontig182_247969_248148.phy; Execution time: 0.117 minutes
 INFO  | 2017-10-26 CEST 17:15:47 |   Processing complete for partition: partition_462_65070_orylat2_ultracontig182_1518398_1518577.phy; Execution time: 0.050 minutes
 INFO  | 2017-10-26 CEST 17:15:55 |   Processing complete for partition: partition_463_65071_orylat2_ultracontig182_1519994_1520174.phy; Execution time: 0.133 minutes
 INFO  | 2017-10-26 CEST 17:16:01 |   Processing complete for partition: partition_464_65101_orylat2_ultracontig182_1561600_1561780.phy; Execution time: 0.100 minutes
 INFO  | 2017-10-26 CEST 17:16:07 |   Processing complete for partition: partition_465_65108_orylat2_ultracontig182_1590713_1590892.phy; Execution time: 0.100 minutes
 INFO  | 2017-10-26 CEST 17:16:18 |   Processing complete for partition: partition_466_65187_orylat2_ultracontig182_1747283_1747463.phy; Execution time: 0.183 minutes
 INFO  | 2017-10-26 CEST 17:16:22 |   Processing complete for partition: partition_467_6533_orylat2_chr11_22079036_22079216.phy; Execution time: 0.067 minutes
 INFO  | 2017-10-26 CEST 17:16:30 |   Processing complete for partition: partition_468_65484_orylat2_ultracontig182_2773954_2774133.phy; Execution time: 0.133 minutes
 INFO  | 2017-10-26 CEST 17:16:53 |   Processing complete for partition: partition_469_65522_orylat2_ultracontig182_2850109_2850289.phy; Execution time: 0.367 minutes
 INFO  | 2017-10-26 CEST 17:16:55 |   Processing complete for partition: partition_470_6581_orylat2_chr11_22357337_22357516.phy; Execution time: 0.033 minutes
 INFO  | 2017-10-26 CEST 17:16:58 |   Processing complete for partition: partition_471_65920_orylat2_ultracontig257_170745_170924.phy; Execution time: 0.050 minutes
 INFO  | 2017-10-26 CEST 17:17:10 |   Processing complete for partition: partition_472_65926_orylat2_ultracontig257_357056_357236.phy; Execution time: 0.200 minutes
 INFO  | 2017-10-26 CEST 17:17:14 |   Processing complete for partition: partition_473_65943_orylat2_ultracontig257_377659_377839.phy; Execution time: 0.067 minutes
 INFO  | 2017-10-26 CEST 17:17:21 |   Processing complete for partition: partition_474_66013_orylat2_ultracontig257_1237463_1237642.phy; Execution time: 0.117 minutes
 INFO  | 2017-10-26 CEST 17:17:25 |   Processing complete for partition: partition_475_7489_orylat2_chr12_8416389_8416569.phy; Execution time: 0.067 minutes
 INFO  | 2017-10-26 CEST 17:17:31 |   Processing complete for partition: partition_476_7561_orylat2_chr12_9045138_9045317.phy; Execution time: 0.100 minutes
 INFO  | 2017-10-26 CEST 17:17:52 |   Processing complete for partition: partition_477_7602_orylat2_chr12_9462216_9462396.phy; Execution time: 0.350 minutes
 INFO  | 2017-10-26 CEST 17:17:56 |   Processing complete for partition: partition_478_7867_orylat2_chr12_12139172_12139351.phy; Execution time: 0.067 minutes
 INFO  | 2017-10-26 CEST 17:18:07 |   Processing complete for partition: partition_479_7945_orylat2_chr12_12291096_12291275.phy; Execution time: 0.183 minutes
 INFO  | 2017-10-26 CEST 17:18:10 |   Processing complete for partition: partition_480_7993_orylat2_chr12_12590700_12590880.phy; Execution time: 0.050 minutes
 INFO  | 2017-10-26 CEST 17:18:16 |   Processing complete for partition: partition_481_8006_orylat2_chr12_12703194_12703373.phy; Execution time: 0.100 minutes
 INFO  | 2017-10-26 CEST 17:18:21 |   Processing complete for partition: partition_482_8523_orylat2_chr12_23373125_23373304.phy; Execution time: 0.083 minutes
 INFO  | 2017-10-26 CEST 17:18:27 |   Processing complete for partition: partition_483_8561_orylat2_chr12_23422669_23422849.phy; Execution time: 0.100 minutes
 INFO  | 2017-10-26 CEST 17:18:35 |   Processing complete for partition: partition_484_8573_orylat2_chr12_23455521_23455701.phy; Execution time: 0.133 minutes
 INFO  | 2017-10-26 CEST 17:18:40 |   Processing complete for partition: partition_485_9041_orylat2_chr13_2838906_2839086.phy; Execution time: 0.083 minutes
 INFO  | 2017-10-26 CEST 17:18:47 |   Processing complete for partition: partition_486_9051_orylat2_chr13_2884355_2884534.phy; Execution time: 0.100 minutes
 INFO  | 2017-10-26 CEST 17:18:55 |   Processing complete for partition: partition_487_9168_orylat2_chr13_4200208_4200388.phy; Execution time: 0.133 minutes
 INFO  | 2017-10-26 CEST 17:19:04 |   Processing complete for partition: partition_488_918_orylat2_chr1_16673522_16673701.phy; Execution time: 0.150 minutes
 INFO  | 2017-10-26 CEST 17:19:06 |   Processing complete for partition: partition_489_9652_orylat2_chr13_9467290_9467470.phy; Execution time: 0.033 minutes
 INFO  | 2017-10-26 CEST 17:19:51 |   Processing complete for partition: partition_490_9713_orylat2_chr13_10283753_10283933.phy; Execution time: 0.750 minutes
 INFO  | 2017-10-26 CEST 17:19:59 |   Processing complete for partition: partition_491_9767_orylat2_chr13_10762115_10762295.phy; Execution time: 0.133 minutes
 INFO  | 2017-10-26 CEST 17:19:59 | Extracting information from modeltesting results
 INFO  | 2017-10-26 CEST 17:20:50 | Assembling output file
 INFO  | 2017-10-26 CEST 17:21:02 | Cleaning up
 INFO  | 2017-10-26 CEST 17:21:02 | Processing complete for file: /home/michael_science/git/michaelgruenstaeudl_partitNex2MrBayes/examples/01_input/Faircloth_etal_2013.nex; Execution time: 74.700 minutes
