INFO     | 2017-11-14 00:56:34,670 | ------------- PartitionFinder 2.1.1 -----------------
INFO     | 2017-11-14 00:56:34,670 | You have Python version 2.7
INFO     | 2017-11-14 00:56:34,670 | Command-line arguments used: /home/michael_science/git/partitionfinder/PartitionFinder.py --raxml --quick --rcluster-max 10 Gruenstaeudl_etal_2017_partitionfinder_2017.11.14.0056_runFiles
INFO     | 2017-11-14 00:56:34,670 | ------------- Configuring Parameters -------------
INFO     | 2017-11-14 00:56:34,671 | Setting datatype to 'DNA'
INFO     | 2017-11-14 00:56:34,671 | Setting phylogeny program to 'raxml'
INFO     | 2017-11-14 00:56:34,671 | Program path is here /home/michael_science/git/partitionfinder/programs
INFO     | 2017-11-14 00:56:34,671 | Setting working folder to: '/home/michael_science/git/michaelgruenstaeudl_partitNex2MrBayes/examples/01_input/Gruenstaeudl_etal_2017_partitionfinder_2017.11.14.0056_runFiles'
INFO     | 2017-11-14 00:56:34,671 | Loading configuration at './partition_finder.cfg'
INFO     | 2017-11-14 00:56:34,674 | Setting 'alignment' to 'Gruenstaeudl_etal_2017_PhylipFormatted'
INFO     | 2017-11-14 00:56:34,674 | Setting 'branchlengths' to 'linked'
INFO     | 2017-11-14 00:56:34,675 | You set 'models' to: mrbayes
INFO     | 2017-11-14 00:56:34,683 | This analysis will use the following 3 models of molecular evolution
INFO     | 2017-11-14 00:56:34,683 | GTR, GTR+G, GTR+I+G
INFO     | 2017-11-14 00:56:34,683 | Setting 'model_selection' to 'aic'
INFO     | 2017-11-14 00:56:34,715 | Setting 'search' to 'rcluster'
INFO     | 2017-11-14 00:56:34,715 | ------------------------ BEGINNING NEW RUN -------------------------------
INFO     | 2017-11-14 00:56:34,715 | Looking for alignment file './Gruenstaeudl_etal_2017_PhylipFormatted'...
INFO     | 2017-11-14 00:56:34,715 | Using 4 cpus
INFO     | 2017-11-14 00:56:34,715 | Beginning Analysis
INFO     | 2017-11-14 00:56:34,730 | Reading alignment file './Gruenstaeudl_etal_2017_PhylipFormatted'
INFO     | 2017-11-14 00:56:34,753 | Starting tree will be estimated from the data.
INFO     | 2017-11-14 00:56:34,761 | Estimating Maximum Likelihood tree with RAxML fast experimental tree search for ./analysis/start_tree/filtered_source.phy
INFO     | 2017-11-14 00:56:34,762 | Using a separate GTR+G model for each data block
INFO     | 2017-11-14 00:56:41,129 | Estimating GTR+G branch lengths on ML tree using all partitions
INFO     | 2017-11-14 00:56:45,744 | ML topology estimation finished
INFO     | 2017-11-14 00:56:45,745 | Performing relaxed clustering analysis
INFO     | 2017-11-14 00:56:45,745 |    PartitionFinder will have to analyse 820 subsets to complete this analyses
INFO     | 2017-11-14 00:56:45,745 |    *** Analysing starting scheme ***
INFO     | 2017-11-14 00:56:48,027 |       Finished subset 1/77, 1.30 percent done
INFO     | 2017-11-14 00:56:48,478 |       Finished subset 2/77, 2.60 percent done
INFO     | 2017-11-14 00:56:48,518 |       Finished subset 3/77, 3.90 percent done
INFO     | 2017-11-14 00:56:48,562 |       Finished subset 4/77, 5.19 percent done
INFO     | 2017-11-14 00:56:49,255 |       Finished subset 5/77, 6.49 percent done
INFO     | 2017-11-14 00:56:49,433 |       Finished subset 6/77, 7.79 percent done
INFO     | 2017-11-14 00:56:49,539 |       Finished subset 7/77, 9.09 percent done
INFO     | 2017-11-14 00:56:49,902 |       Finished subset 8/77, 10.39 percent done
INFO     | 2017-11-14 00:56:50,039 |       Finished subset 9/77, 11.69 percent done
INFO     | 2017-11-14 00:56:50,398 |       Finished subset 10/77, 12.99 percent done
INFO     | 2017-11-14 00:56:50,450 |       Finished subset 11/77, 14.29 percent done
INFO     | 2017-11-14 00:56:50,676 |       Finished subset 12/77, 15.58 percent done
INFO     | 2017-11-14 00:56:50,755 |       Finished subset 13/77, 16.88 percent done
INFO     | 2017-11-14 00:56:50,883 |       Finished subset 14/77, 18.18 percent done
INFO     | 2017-11-14 00:56:51,126 |       Finished subset 15/77, 19.48 percent done
INFO     | 2017-11-14 00:56:51,292 |       Finished subset 16/77, 20.78 percent done
INFO     | 2017-11-14 00:56:51,559 |       Finished subset 17/77, 22.08 percent done
INFO     | 2017-11-14 00:56:51,697 |       Finished subset 18/77, 23.38 percent done
INFO     | 2017-11-14 00:56:51,973 |       Finished subset 19/77, 24.68 percent done
INFO     | 2017-11-14 00:56:52,122 |       Finished subset 20/77, 25.97 percent done
INFO     | 2017-11-14 00:56:52,353 |       Finished subset 21/77, 27.27 percent done
INFO     | 2017-11-14 00:56:52,402 |       Finished subset 22/77, 28.57 percent done
INFO     | 2017-11-14 00:56:52,696 |       Finished subset 23/77, 29.87 percent done
INFO     | 2017-11-14 00:56:52,844 |       Finished subset 24/77, 31.17 percent done
INFO     | 2017-11-14 00:56:52,893 |       Finished subset 25/77, 32.47 percent done
INFO     | 2017-11-14 00:56:53,119 |       Finished subset 26/77, 33.77 percent done
INFO     | 2017-11-14 00:56:53,280 |       Finished subset 27/77, 35.06 percent done
INFO     | 2017-11-14 00:56:53,328 |       Finished subset 28/77, 36.36 percent done
INFO     | 2017-11-14 00:56:53,465 |       Finished subset 29/77, 37.66 percent done
INFO     | 2017-11-14 00:56:53,627 |       Finished subset 30/77, 38.96 percent done
INFO     | 2017-11-14 00:56:53,756 |       Finished subset 31/77, 40.26 percent done
INFO     | 2017-11-14 00:56:53,880 |       Finished subset 32/77, 41.56 percent done
INFO     | 2017-11-14 00:56:54,272 |       Finished subset 33/77, 42.86 percent done
INFO     | 2017-11-14 00:56:54,322 |       Finished subset 34/77, 44.16 percent done
INFO     | 2017-11-14 00:56:54,372 |       Finished subset 35/77, 45.45 percent done
INFO     | 2017-11-14 00:56:54,495 |       Finished subset 36/77, 46.75 percent done
INFO     | 2017-11-14 00:56:54,617 |       Finished subset 37/77, 48.05 percent done
INFO     | 2017-11-14 00:56:54,742 |       Finished subset 38/77, 49.35 percent done
INFO     | 2017-11-14 00:56:54,901 |       Finished subset 39/77, 50.65 percent done
INFO     | 2017-11-14 00:56:55,029 |       Finished subset 40/77, 51.95 percent done
INFO     | 2017-11-14 00:56:55,159 |       Finished subset 41/77, 53.25 percent done
INFO     | 2017-11-14 00:56:55,387 |       Finished subset 42/77, 54.55 percent done
INFO     | 2017-11-14 00:56:55,516 |       Finished subset 43/77, 55.84 percent done
INFO     | 2017-11-14 00:56:55,562 |       Finished subset 44/77, 57.14 percent done
INFO     | 2017-11-14 00:56:55,683 |       Finished subset 45/77, 58.44 percent done
INFO     | 2017-11-14 00:56:55,808 |       Finished subset 46/77, 59.74 percent done
INFO     | 2017-11-14 00:56:55,961 |       Finished subset 47/77, 61.04 percent done
INFO     | 2017-11-14 00:56:56,118 |       Finished subset 48/77, 62.34 percent done
INFO     | 2017-11-14 00:56:56,243 |       Finished subset 49/77, 63.64 percent done
INFO     | 2017-11-14 00:56:56,368 |       Finished subset 50/77, 64.94 percent done
INFO     | 2017-11-14 00:56:56,494 |       Finished subset 51/77, 66.23 percent done
INFO     | 2017-11-14 00:56:56,716 |       Finished subset 52/77, 67.53 percent done
INFO     | 2017-11-14 00:56:56,840 |       Finished subset 53/77, 68.83 percent done
INFO     | 2017-11-14 00:56:56,964 |       Finished subset 54/77, 70.13 percent done
INFO     | 2017-11-14 00:56:57,171 |       Finished subset 55/77, 71.43 percent done
INFO     | 2017-11-14 00:56:57,217 |       Finished subset 56/77, 72.73 percent done
INFO     | 2017-11-14 00:56:57,344 |       Finished subset 57/77, 74.03 percent done
INFO     | 2017-11-14 00:56:57,518 |       Finished subset 58/77, 75.32 percent done
INFO     | 2017-11-14 00:56:57,643 |       Finished subset 59/77, 76.62 percent done
INFO     | 2017-11-14 00:56:57,851 |       Finished subset 60/77, 77.92 percent done
INFO     | 2017-11-14 00:56:57,899 |       Finished subset 61/77, 79.22 percent done
INFO     | 2017-11-14 00:56:58,024 |       Finished subset 62/77, 80.52 percent done
INFO     | 2017-11-14 00:56:58,154 |       Finished subset 63/77, 81.82 percent done
INFO     | 2017-11-14 00:56:58,279 |       Finished subset 64/77, 83.12 percent done
INFO     | 2017-11-14 00:56:58,404 |       Finished subset 65/77, 84.42 percent done
INFO     | 2017-11-14 00:56:58,641 |       Finished subset 66/77, 85.71 percent done
INFO     | 2017-11-14 00:56:58,763 |       Finished subset 67/77, 87.01 percent done
INFO     | 2017-11-14 00:56:58,880 |       Finished subset 68/77, 88.31 percent done
INFO     | 2017-11-14 00:56:59,033 |       Finished subset 69/77, 89.61 percent done
INFO     | 2017-11-14 00:56:59,152 |       Finished subset 70/77, 90.91 percent done
INFO     | 2017-11-14 00:56:59,270 |       Finished subset 71/77, 92.21 percent done
INFO     | 2017-11-14 00:56:59,396 |       Finished subset 72/77, 93.51 percent done
INFO     | 2017-11-14 00:56:59,518 |       Finished subset 73/77, 94.81 percent done
INFO     | 2017-11-14 00:56:59,670 |       Finished subset 74/77, 96.10 percent done
INFO     | 2017-11-14 00:56:59,811 |       Finished subset 75/77, 97.40 percent done
INFO     | 2017-11-14 00:56:59,933 |       Finished subset 76/77, 98.70 percent done
INFO     | 2017-11-14 00:57:00,055 |       Finished subset 77/77, 100.00 percent done
INFO     | 2017-11-14 00:57:00,057 |    *** Relaxed clustering algorithm step 1 of up to 76 ***
INFO     | 2017-11-14 00:57:00,058 |       Measuring the similarity of 2926 subset pairs
INFO     | 2017-11-14 00:57:00,058 |       Choosing the 10 most similar subset pairs
INFO     | 2017-11-14 00:57:00,059 |       Analysing 10 new subset pairs
INFO     | 2017-11-14 00:57:00,684 |       Finished subset 1/10, 10.00 percent done
INFO     | 2017-11-14 00:57:01,313 |       Finished subset 2/10, 20.00 percent done
INFO     | 2017-11-14 00:57:01,359 |       Finished subset 3/10, 30.00 percent done
INFO     | 2017-11-14 00:57:01,525 |       Finished subset 4/10, 40.00 percent done
INFO     | 2017-11-14 00:57:01,573 |       Finished subset 5/10, 50.00 percent done
INFO     | 2017-11-14 00:57:01,845 |       Finished subset 6/10, 60.00 percent done
INFO     | 2017-11-14 00:57:01,894 |       Finished subset 7/10, 70.00 percent done
INFO     | 2017-11-14 00:57:02,022 |       Finished subset 8/10, 80.00 percent done
INFO     | 2017-11-14 00:57:02,229 |       Finished subset 9/10, 90.00 percent done
INFO     | 2017-11-14 00:57:02,259 |       Finished subset 10/10, 100.00 percent done
INFO     | 2017-11-14 00:57:02,260 |       Finding the best partitioning scheme
INFO     | 2017-11-14 00:57:02,295 |       Combining subsets: 'rps16' and 'psaJ'
INFO     | 2017-11-14 00:57:02,295 |       The best scheme has 76 subsets and improves the aic score by 10.91 to 370208.3
INFO     | 2017-11-14 00:57:02,296 |    *** Relaxed clustering algorithm step 2 of up to 76 ***
INFO     | 2017-11-14 00:57:02,296 |       Measuring the similarity of 2850 subset pairs
INFO     | 2017-11-14 00:57:02,296 |       Choosing the 10 most similar subset pairs
INFO     | 2017-11-14 00:57:02,296 |       Analysing 4 new subset pairs
INFO     | 2017-11-14 00:57:02,732 |       Finished subset 1/4, 25.00 percent done
INFO     | 2017-11-14 00:57:02,953 |       Finished subset 2/4, 50.00 percent done
INFO     | 2017-11-14 00:57:03,072 |       Finished subset 3/4, 75.00 percent done
INFO     | 2017-11-14 00:57:03,230 |       Finished subset 4/4, 100.00 percent done
INFO     | 2017-11-14 00:57:03,231 |       Finding the best partitioning scheme
INFO     | 2017-11-14 00:57:03,252 |       Combining subsets: 'ndhJ' and 'atpA'
INFO     | 2017-11-14 00:57:03,253 |       The best scheme has 75 subsets and improves the aic score by 10.15 to 370198.2
INFO     | 2017-11-14 00:57:03,253 |    *** Relaxed clustering algorithm step 3 of up to 76 ***
INFO     | 2017-11-14 00:57:03,253 |       Measuring the similarity of 2775 subset pairs
INFO     | 2017-11-14 00:57:03,254 |       Choosing the 10 most similar subset pairs
INFO     | 2017-11-14 00:57:03,254 |       Analysing 1 new subset pairs
INFO     | 2017-11-14 00:57:03,561 |       Finished subset 1/1, 100.00 percent done
INFO     | 2017-11-14 00:57:03,562 |       Finding the best partitioning scheme
INFO     | 2017-11-14 00:57:03,575 |       Combining subsets: 'psaA' and 'psbN'
INFO     | 2017-11-14 00:57:03,576 |       The best scheme has 74 subsets and improves the aic score by 8.07 to 370190.1
INFO     | 2017-11-14 00:57:03,576 |    *** Relaxed clustering algorithm step 4 of up to 76 ***
INFO     | 2017-11-14 00:57:03,576 |       Measuring the similarity of 2701 subset pairs
INFO     | 2017-11-14 00:57:03,576 |       Choosing the 10 most similar subset pairs
INFO     | 2017-11-14 00:57:03,577 |       Analysing 1 new subset pairs
INFO     | 2017-11-14 00:57:03,965 |       Finished subset 1/1, 100.00 percent done
INFO     | 2017-11-14 00:57:03,965 |       Finding the best partitioning scheme
INFO     | 2017-11-14 00:57:03,977 |       Combining subsets: 'psbT' and 'rps18'
INFO     | 2017-11-14 00:57:03,978 |       The best scheme has 73 subsets and improves the aic score by 7.07 to 370183.1
INFO     | 2017-11-14 00:57:03,978 |    *** Relaxed clustering algorithm step 5 of up to 76 ***
INFO     | 2017-11-14 00:57:03,978 |       Measuring the similarity of 2628 subset pairs
INFO     | 2017-11-14 00:57:03,978 |       Choosing the 10 most similar subset pairs
INFO     | 2017-11-14 00:57:03,978 |       Analysing 1 new subset pairs
INFO     | 2017-11-14 00:57:04,252 |       Finished subset 1/1, 100.00 percent done
INFO     | 2017-11-14 00:57:04,252 |       Finding the best partitioning scheme
INFO     | 2017-11-14 00:57:04,264 |       Combining subsets: 'psaI' and 'psbT, rps18'
INFO     | 2017-11-14 00:57:04,265 |       The best scheme has 72 subsets and improves the aic score by 9.44 to 370173.6
INFO     | 2017-11-14 00:57:04,265 |    *** Relaxed clustering algorithm step 6 of up to 76 ***
INFO     | 2017-11-14 00:57:04,265 |       Measuring the similarity of 2556 subset pairs
INFO     | 2017-11-14 00:57:04,265 |       Choosing the 10 most similar subset pairs
INFO     | 2017-11-14 00:57:04,266 |       Analysing 1 new subset pairs
INFO     | 2017-11-14 00:57:04,771 |       Finished subset 1/1, 100.00 percent done
INFO     | 2017-11-14 00:57:04,771 |       Finding the best partitioning scheme
INFO     | 2017-11-14 00:57:04,780 |       Combining subsets: 'clpP' and 'rps16, psaJ'
INFO     | 2017-11-14 00:57:04,781 |       The best scheme has 71 subsets and improves the aic score by 7.45 to 370166.2
INFO     | 2017-11-14 00:57:04,781 |    *** Relaxed clustering algorithm step 7 of up to 76 ***
INFO     | 2017-11-14 00:57:04,781 |       Measuring the similarity of 2485 subset pairs
INFO     | 2017-11-14 00:57:04,782 |       Choosing the 10 most similar subset pairs
INFO     | 2017-11-14 00:57:04,782 |       Analysing 1 new subset pairs
INFO     | 2017-11-14 00:57:04,941 |       Finished subset 1/1, 100.00 percent done
INFO     | 2017-11-14 00:57:04,941 |       Finding the best partitioning scheme
INFO     | 2017-11-14 00:57:04,951 |       Combining subsets: 'psbJ' and 'petG'
INFO     | 2017-11-14 00:57:04,952 |       The best scheme has 70 subsets and improves the aic score by 6.47 to 370159.7
INFO     | 2017-11-14 00:57:04,952 |    *** Relaxed clustering algorithm step 8 of up to 76 ***
INFO     | 2017-11-14 00:57:04,952 |       Measuring the similarity of 2415 subset pairs
INFO     | 2017-11-14 00:57:04,952 |       Choosing the 10 most similar subset pairs
INFO     | 2017-11-14 00:57:04,953 |       Analysing 1 new subset pairs
INFO     | 2017-11-14 00:57:05,876 |       Finished subset 1/1, 100.00 percent done
INFO     | 2017-11-14 00:57:05,876 |       Finding the best partitioning scheme
INFO     | 2017-11-14 00:57:05,888 |       Combining subsets: 'petN' and 'psbL'
INFO     | 2017-11-14 00:57:05,890 |       The best scheme has 69 subsets and improves the aic score by 6.08 to 370153.6
INFO     | 2017-11-14 00:57:05,890 |    *** Relaxed clustering algorithm step 9 of up to 76 ***
INFO     | 2017-11-14 00:57:05,890 |       Measuring the similarity of 2346 subset pairs
INFO     | 2017-11-14 00:57:05,891 |       Choosing the 10 most similar subset pairs
INFO     | 2017-11-14 00:57:05,891 |       Analysing 1 new subset pairs
INFO     | 2017-11-14 00:57:06,340 |       Finished subset 1/1, 100.00 percent done
INFO     | 2017-11-14 00:57:06,340 |       Finding the best partitioning scheme
INFO     | 2017-11-14 00:57:06,353 |       Combining subsets: 'ycf4' and 'psbK'
INFO     | 2017-11-14 00:57:06,354 |       The best scheme has 68 subsets and improves the aic score by 5.15 to 370148.5
INFO     | 2017-11-14 00:57:06,354 |    *** Relaxed clustering algorithm step 10 of up to 76 ***
INFO     | 2017-11-14 00:57:06,354 |       Measuring the similarity of 2278 subset pairs
INFO     | 2017-11-14 00:57:06,355 |       Choosing the 10 most similar subset pairs
INFO     | 2017-11-14 00:57:06,355 |       Analysing 1 new subset pairs
INFO     | 2017-11-14 00:57:06,653 |       Finished subset 1/1, 100.00 percent done
INFO     | 2017-11-14 00:57:06,654 |       Finding the best partitioning scheme
INFO     | 2017-11-14 00:57:06,665 |       Combining subsets: 'rps11' and 'rps8'
INFO     | 2017-11-14 00:57:06,666 |       The best scheme has 67 subsets and improves the aic score by 2.21 to 370146.2
INFO     | 2017-11-14 00:57:06,666 |    *** Relaxed clustering algorithm step 11 of up to 76 ***
INFO     | 2017-11-14 00:57:06,666 |       Measuring the similarity of 2211 subset pairs
INFO     | 2017-11-14 00:57:06,667 |       Choosing the 10 most similar subset pairs
INFO     | 2017-11-14 00:57:06,668 |       Analysing 2 new subset pairs
INFO     | 2017-11-14 00:57:06,960 |       Finished subset 1/2, 50.00 percent done
INFO     | 2017-11-14 00:57:07,297 |       Finished subset 2/2, 100.00 percent done
INFO     | 2017-11-14 00:57:07,297 |       Finding the best partitioning scheme
INFO     | 2017-11-14 00:57:07,313 |       Combining subsets: 'rpl14' and 'psbJ, petG'
INFO     | 2017-11-14 00:57:07,314 |       The best scheme has 66 subsets and improves the aic score by 5.44 to 370140.8
INFO     | 2017-11-14 00:57:07,314 |    *** Relaxed clustering algorithm step 12 of up to 76 ***
INFO     | 2017-11-14 00:57:07,314 |       Measuring the similarity of 2145 subset pairs
INFO     | 2017-11-14 00:57:07,314 |       Choosing the 10 most similar subset pairs
INFO     | 2017-11-14 00:57:07,315 |       Analysing 1 new subset pairs
INFO     | 2017-11-14 00:57:07,629 |       Finished subset 1/1, 100.00 percent done
INFO     | 2017-11-14 00:57:07,629 |       Finding the best partitioning scheme
INFO     | 2017-11-14 00:57:07,640 |       Combining subsets: 'rbcL' and 'rpl36'
INFO     | 2017-11-14 00:57:07,641 |       The best scheme has 65 subsets and improves the aic score by 7.16 to 370133.6
INFO     | 2017-11-14 00:57:07,641 |    *** Relaxed clustering algorithm step 13 of up to 76 ***
INFO     | 2017-11-14 00:57:07,641 |       Measuring the similarity of 2080 subset pairs
INFO     | 2017-11-14 00:57:07,642 |       Choosing the 10 most similar subset pairs
INFO     | 2017-11-14 00:57:07,642 |       Analysing 1 new subset pairs
INFO     | 2017-11-14 00:57:08,091 |       Finished subset 1/1, 100.00 percent done
INFO     | 2017-11-14 00:57:08,091 |       Finding the best partitioning scheme
INFO     | 2017-11-14 00:57:08,097 |       Found no schemes that improve the score, stopping
INFO     | 2017-11-14 00:57:08,097 |    Relaxed clustering algorithm finished after 13 steps
INFO     | 2017-11-14 00:57:08,097 |    Best scoring scheme is scheme step_12, with aic score of 370133.644
INFO     | 2017-11-14 00:57:08,101 |    Information on best scheme is here: ./analysis/best_scheme.txt
INFO     | 2017-11-14 00:57:08,109 |    
INFO     | 2017-11-14 00:57:08,109 |    
INFO     | 2017-11-14 00:57:08,109 |    *Citations for this analysis*
INFO     | 2017-11-14 00:57:08,109 |    -----------------------------
INFO     | 2017-11-14 00:57:08,110 |    
INFO     | 2017-11-14 00:57:08,110 |    If you use this analysis in your published work, please cite the following papers on which your analysis relied.
INFO     | 2017-11-14 00:57:08,110 |    
INFO     | 2017-11-14 00:57:08,110 |    For the version of PartitionFinder you used, please cite:
INFO     | 2017-11-14 00:57:08,110 |    Lanfear, R., Frandsen, P. B., Wright, A. M., Senfeld, T., Calcott, B. (2016) PartitionFinder 2: new methods for selecting partitioned models of evolution formolecular and morphological phylogenetic analyses. Molecular biology and evolution. DOI: dx.doi.org/10.1093/molbev/msw260
INFO     | 2017-11-14 00:57:08,110 |    
INFO     | 2017-11-14 00:57:08,110 |    For the rcluster algorithm you used, please cite:
INFO     | 2017-11-14 00:57:08,110 |    Lanfear, R., Calcott, B., Kainer, D., Mayer, C., & Stamatakis, A. (2014). Selecting optimal partitioning schemes for phylogenomic datasets. BMC evolutionary biology, 14(1), 82.
INFO     | 2017-11-14 00:57:08,110 |    
INFO     | 2017-11-14 00:57:08,110 |    Your analysis also used RAxML, so please cite:
INFO     | 2017-11-14 00:57:08,110 |    Stamatakis, A. (2014). RAxML version 8: a tool for phylogenetic analysis and post-analysis of large phylogenies. Bioinformatics, 30(9), 1312-1313.
INFO     | 2017-11-14 00:57:08,111 |    
INFO     | 2017-11-14 00:57:08,113 | Total processing time: 0:00:34 (h:m:s)
INFO     | 2017-11-14 00:57:08,113 | Processing complete.
