INFO     | 2017-11-14 01:14:22,619 | ------------- PartitionFinder 2.1.1 -----------------
INFO     | 2017-11-14 01:14:22,619 | You have Python version 2.7
INFO     | 2017-11-14 01:14:22,619 | Command-line arguments used: /home/michael_science/git/partitionfinder/PartitionFinder.py --raxml --quick --rcluster-max 10 Richart_etal_2015_partitionfinder_2017.11.14.0113_runFiles
INFO     | 2017-11-14 01:14:22,619 | ------------- Configuring Parameters -------------
INFO     | 2017-11-14 01:14:22,620 | Setting datatype to 'DNA'
INFO     | 2017-11-14 01:14:22,620 | Setting phylogeny program to 'raxml'
INFO     | 2017-11-14 01:14:22,620 | Program path is here /home/michael_science/git/partitionfinder/programs
INFO     | 2017-11-14 01:14:22,621 | Setting working folder to: '/home/michael_science/git/michaelgruenstaeudl_partitNex2MrBayes/examples/01_input/Richart_etal_2015_partitionfinder_2017.11.14.0113_runFiles'
INFO     | 2017-11-14 01:14:22,621 | Loading configuration at './partition_finder.cfg'
INFO     | 2017-11-14 01:14:22,624 | Setting 'alignment' to 'Richart_etal_2015_PhylipFormatted'
INFO     | 2017-11-14 01:14:22,624 | Setting 'branchlengths' to 'linked'
INFO     | 2017-11-14 01:14:22,624 | You set 'models' to: mrbayes
INFO     | 2017-11-14 01:14:22,633 | This analysis will use the following 3 models of molecular evolution
INFO     | 2017-11-14 01:14:22,633 | GTR, GTR+G, GTR+I+G
INFO     | 2017-11-14 01:14:22,633 | Setting 'model_selection' to 'aic'
INFO     | 2017-11-14 01:14:22,911 | Setting 'search' to 'rcluster'
INFO     | 2017-11-14 01:14:22,911 | ------------------------ BEGINNING NEW RUN -------------------------------
INFO     | 2017-11-14 01:14:22,911 | Looking for alignment file './Richart_etal_2015_PhylipFormatted'...
INFO     | 2017-11-14 01:14:22,911 | Using 4 cpus
INFO     | 2017-11-14 01:14:22,911 | Beginning Analysis
INFO     | 2017-11-14 01:14:22,976 | Reading alignment file './Richart_etal_2015_PhylipFormatted'
INFO     | 2017-11-14 01:14:23,126 | Starting tree will be estimated from the data.
INFO     | 2017-11-14 01:14:23,198 | Estimating Maximum Likelihood tree with RAxML fast experimental tree search for ./analysis/start_tree/filtered_source.phy
INFO     | 2017-11-14 01:14:23,209 | Using a separate GTR+G model for each data block
ERROR    | 2017-11-15 00:36:01,174 | User interrupted the Program
