INFO     | 2017-10-30 13:39:07,611 | ------------- PartitionFinder 2.1.1 -----------------
INFO     | 2017-10-30 13:39:07,611 | You have Python version 2.7
INFO     | 2017-10-30 13:39:07,611 | Command-line arguments used: /home/michael_science/git/partitionfinder/PartitionFinder.py --raxml --quick Wainwright_etal_2012_partitionfinder_2017.10.30.1339_runFiles
INFO     | 2017-10-30 13:39:07,611 | ------------- Configuring Parameters -------------
INFO     | 2017-10-30 13:39:07,611 | Setting datatype to 'DNA'
INFO     | 2017-10-30 13:39:07,611 | Setting phylogeny program to 'raxml'
INFO     | 2017-10-30 13:39:07,611 | Program path is here /home/michael_science/git/partitionfinder/programs
INFO     | 2017-10-30 13:39:07,612 | Setting working folder to: '/home/michael_science/git/michaelgruenstaeudl_partitNex2MrBayes/examples/01_input/Wainwright_etal_2012_partitionfinder_2017.10.30.1339_runFiles'
INFO     | 2017-10-30 13:39:07,612 | Loading configuration at './partition_finder.cfg'
INFO     | 2017-10-30 13:39:07,615 | Setting 'alignment' to 'Wainwright_etal_2012_PhylipFormatd'
INFO     | 2017-10-30 13:39:07,615 | Setting 'branchlengths' to 'linked'
INFO     | 2017-10-30 13:39:07,615 | You set 'models' to: mrbayes
INFO     | 2017-10-30 13:39:07,624 | This analysis will use the following 3 models of molecular evolution
INFO     | 2017-10-30 13:39:07,624 | GTR, GTR+G, GTR+I+G
INFO     | 2017-10-30 13:39:07,624 | Setting 'model_selection' to 'aic'
INFO     | 2017-10-30 13:39:07,628 | Setting 'search' to 'rcluster'
INFO     | 2017-10-30 13:39:07,628 | ------------------------ BEGINNING NEW RUN -------------------------------
INFO     | 2017-10-30 13:39:07,628 | Looking for alignment file './Wainwright_etal_2012_PhylipFormatd'...
INFO     | 2017-10-30 13:39:07,628 | Using 4 cpus
INFO     | 2017-10-30 13:39:07,628 | Beginning Analysis
INFO     | 2017-10-30 13:39:07,639 | Reading alignment file './Wainwright_etal_2012_PhylipFormatd'
INFO     | 2017-10-30 13:39:07,660 | Starting tree will be estimated from the data.
INFO     | 2017-10-30 13:39:07,661 | Estimating Maximum Likelihood tree with RAxML fast experimental tree search for ./analysis/start_tree/filtered_source.phy
INFO     | 2017-10-30 13:39:07,661 | Using a separate GTR+G model for each data block
INFO     | 2017-10-30 13:41:12,159 | Estimating GTR+G branch lengths on ML tree using all partitions
INFO     | 2017-10-30 13:41:54,691 | ML topology estimation finished
INFO     | 2017-10-30 13:41:54,691 | Performing relaxed clustering analysis
INFO     | 2017-10-30 13:41:54,692 |    Set rcluster-max to 1000
INFO     | 2017-10-30 13:41:54,692 |    PartitionFinder will have to analyse 91 subsets to complete this analyses
INFO     | 2017-10-30 13:41:54,692 |    *** Analysing starting scheme ***
INFO     | 2017-10-30 13:42:05,375 |       Finished subset 1/10, 10.00 percent done
INFO     | 2017-10-30 13:42:09,200 |       Finished subset 2/10, 20.00 percent done
INFO     | 2017-10-30 13:42:12,174 |       Finished subset 3/10, 30.00 percent done
INFO     | 2017-10-30 13:42:15,266 |       Finished subset 4/10, 40.00 percent done
INFO     | 2017-10-30 13:42:19,160 |       Finished subset 5/10, 50.00 percent done
INFO     | 2017-10-30 13:42:23,049 |       Finished subset 6/10, 60.00 percent done
INFO     | 2017-10-30 13:42:23,466 |       Finished subset 7/10, 70.00 percent done
INFO     | 2017-10-30 13:42:27,152 |       Finished subset 8/10, 80.00 percent done
INFO     | 2017-10-30 13:42:30,353 |       Finished subset 9/10, 90.00 percent done
INFO     | 2017-10-30 13:42:31,523 |       Finished subset 10/10, 100.00 percent done
INFO     | 2017-10-30 13:42:31,524 |    *** Relaxed clustering algorithm step 1 of up to 9 ***
INFO     | 2017-10-30 13:42:31,524 |       Measuring the similarity of 45 subset pairs
INFO     | 2017-10-30 13:42:31,524 |       Choosing the 5 most similar subset pairs
INFO     | 2017-10-30 13:42:31,525 |       Analysing 5 new subset pairs
INFO     | 2017-10-30 13:42:47,310 |       Finished subset 1/5, 20.00 percent done
INFO     | 2017-10-30 13:42:53,007 |       Finished subset 2/5, 40.00 percent done
INFO     | 2017-10-30 13:42:56,519 |       Finished subset 3/5, 60.00 percent done
INFO     | 2017-10-30 13:43:05,835 |       Finished subset 4/5, 80.00 percent done
INFO     | 2017-10-30 13:43:07,308 |       Finished subset 5/5, 100.00 percent done
INFO     | 2017-10-30 13:43:07,308 |       Finding the best partitioning scheme
INFO     | 2017-10-30 13:43:07,315 |       Combining subsets: 'ptr' and 'enc'
INFO     | 2017-10-30 13:43:07,315 |       The best scheme has 9 subsets and improves the aic score by 13.69 to 480765.4
INFO     | 2017-10-30 13:43:07,316 |    *** Relaxed clustering algorithm step 2 of up to 9 ***
INFO     | 2017-10-30 13:43:07,316 |       Measuring the similarity of 36 subset pairs
INFO     | 2017-10-30 13:43:07,316 |       Choosing the 4 most similar subset pairs
INFO     | 2017-10-30 13:43:07,316 |       Analysing 1 new subset pairs
INFO     | 2017-10-30 13:43:21,975 |       Finished subset 1/1, 100.00 percent done
INFO     | 2017-10-30 13:43:21,975 |       Finding the best partitioning scheme
INFO     | 2017-10-30 13:43:21,976 |       Found no schemes that improve the score, stopping
INFO     | 2017-10-30 13:43:21,976 |    Relaxed clustering algorithm finished after 2 steps
INFO     | 2017-10-30 13:43:21,976 |    Best scoring scheme is scheme step_1, with aic score of 480765.367
INFO     | 2017-10-30 13:43:21,977 |    Information on best scheme is here: ./analysis/best_scheme.txt
INFO     | 2017-10-30 13:43:21,978 |    
INFO     | 2017-10-30 13:43:21,978 |    
INFO     | 2017-10-30 13:43:21,978 |    *Citations for this analysis*
INFO     | 2017-10-30 13:43:21,978 |    -----------------------------
INFO     | 2017-10-30 13:43:21,979 |    
INFO     | 2017-10-30 13:43:21,979 |    If you use this analysis in your published work, please cite the following papers on which your analysis relied.
INFO     | 2017-10-30 13:43:21,979 |    
INFO     | 2017-10-30 13:43:21,979 |    For the version of PartitionFinder you used, please cite:
INFO     | 2017-10-30 13:43:21,979 |    Lanfear, R., Frandsen, P. B., Wright, A. M., Senfeld, T., Calcott, B. (2016) PartitionFinder 2: new methods for selecting partitioned models of evolution formolecular and morphological phylogenetic analyses. Molecular biology and evolution. DOI: dx.doi.org/10.1093/molbev/msw260
INFO     | 2017-10-30 13:43:21,979 |    
INFO     | 2017-10-30 13:43:21,979 |    For the rcluster algorithm you used, please cite:
INFO     | 2017-10-30 13:43:21,979 |    Lanfear, R., Calcott, B., Kainer, D., Mayer, C., & Stamatakis, A. (2014). Selecting optimal partitioning schemes for phylogenomic datasets. BMC evolutionary biology, 14(1), 82.
INFO     | 2017-10-30 13:43:21,979 |    
INFO     | 2017-10-30 13:43:21,979 |    Your analysis also used RAxML, so please cite:
INFO     | 2017-10-30 13:43:21,979 |    Stamatakis, A. (2014). RAxML version 8: a tool for phylogenetic analysis and post-analysis of large phylogenies. Bioinformatics, 30(9), 1312-1313.
INFO     | 2017-10-30 13:43:21,980 |    
INFO     | 2017-10-30 13:43:21,981 | Total processing time: 0:04:14 (h:m:s)
INFO     | 2017-10-30 13:43:21,981 | Processing complete.
